{"/Users/anusornchaikaew/Work/Phd/ProvChainOrg/frontend/src/App.tsx": {"path":"/Users/anusornchaikaew/Work/Phd/ProvChainOrg/frontend/src/App.tsx","statementMap":{"0":{"start":{"line":1,"column":0},"end":{"line":1,"column":60}},"1":{"start":{"line":2,"column":0},"end":{"line":2,"column":19}},"2":{"start":{"line":3,"column":0},"end":{"line":3,"column":56}},"3":{"start":{"line":4,"column":0},"end":{"line":4,"column":56}},"4":{"start":{"line":5,"column":0},"end":{"line":5,"column":63}},"5":{"start":{"line":6,"column":0},"end":{"line":6,"column":60}},"6":{"start":{"line":7,"column":0},"end":{"line":7,"column":52}},"7":{"start":{"line":11,"column":18},"end":{"line":11,"column":72}},"8":{"start":{"line":11,"column":28},"end":{"line":11,"column":71}},"9":{"start":{"line":12,"column":22},"end":{"line":12,"column":79}},"10":{"start":{"line":12,"column":32},"end":{"line":12,"column":78}},"11":{"start":{"line":13,"column":21},"end":{"line":13,"column":77}},"12":{"start":{"line":13,"column":31},"end":{"line":13,"column":76}},"13":{"start":{"line":16,"column":24},"end":{"line":16,"column":81}},"14":{"start":{"line":16,"column":34},"end":{"line":16,"column":80}},"15":{"start":{"line":17,"column":23},"end":{"line":17,"column":74}},"16":{"start":{"line":17,"column":33},"end":{"line":17,"column":73}},"17":{"start":{"line":18,"column":23},"end":{"line":18,"column":86}},"18":{"start":{"line":18,"column":33},"end":{"line":18,"column":85}},"19":{"start":{"line":19,"column":26},"end":{"line":19,"column":87}},"20":{"start":{"line":19,"column":36},"end":{"line":19,"column":86}},"21":{"start":{"line":20,"column":28},"end":{"line":20,"column":88}},"22":{"start":{"line":20,"column":38},"end":{"line":20,"column":87}},"23":{"start":{"line":23,"column":29},"end":{"line":23,"column":97}},"24":{"start":{"line":23,"column":39},"end":{"line":23,"column":96}},"25":{"start":{"line":24,"column":27},"end":{"line":24,"column":93}},"26":{"start":{"line":24,"column":37},"end":{"line":24,"column":92}},"27":{"start":{"line":25,"column":28},"end":{"line":25,"column":91}},"28":{"start":{"line":25,"column":38},"end":{"line":25,"column":90}},"29":{"start":{"line":28,"column":23},"end":{"line":28,"column":79}},"30":{"start":{"line":28,"column":33},"end":{"line":28,"column":78}},"31":{"start":{"line":29,"column":17},"end":{"line":29,"column":69}},"32":{"start":{"line":29,"column":27},"end":{"line":29,"column":68}},"33":{"start":{"line":30,"column":28},"end":{"line":30,"column":95}},"34":{"start":{"line":30,"column":38},"end":{"line":30,"column":94}},"35":{"start":{"line":31,"column":27},"end":{"line":31,"column":90}},"36":{"start":{"line":31,"column":37},"end":{"line":31,"column":89}},"37":{"start":{"line":54,"column":29},"end":{"line":166,"column":1}},"38":{"start":{"line":55,"column":36},"end":{"line":55,"column":66}},"39":{"start":{"line":56,"column":44},"end":{"line":56,"column":72}},"40":{"start":{"line":57,"column":37},"end":{"line":57,"column":71}},"41":{"start":{"line":59,"column":28},"end":{"line":61,"column":3}},"42":{"start":{"line":60,"column":4},"end":{"line":60,"column":28}},"43":{"start":{"line":63,"column":26},"end":{"line":65,"column":3}},"44":{"start":{"line":64,"column":4},"end":{"line":64,"column":27}},"45":{"start":{"line":67,"column":34},"end":{"line":69,"column":3}},"46":{"start":{"line":68,"column":4},"end":{"line":68,"column":40}},"47":{"start":{"line":71,"column":26},"end":{"line":138,"column":3}},"48":{"start":{"line":72,"column":4},"end":{"line":137,"column":5}},"49":{"start":{"line":74,"column":8},"end":{"line":74,"column":29}},"50":{"start":{"line":79,"column":8},"end":{"line":87,"column":9}},"51":{"start":{"line":80,"column":10},"end":{"line":86,"column":12}},"52":{"start":{"line":88,"column":8},"end":{"line":88,"column":67}},"53":{"start":{"line":91,"column":8},"end":{"line":91,"column":85}},"54":{"start":{"line":94,"column":8},"end":{"line":94,"column":34}},"55":{"start":{"line":99,"column":8},"end":{"line":99,"column":40}},"56":{"start":{"line":102,"column":8},"end":{"line":102,"column":34}},"57":{"start":{"line":105,"column":8},"end":{"line":105,"column":28}},"58":{"start":{"line":109,"column":8},"end":{"line":109,"column":39}},"59":{"start":{"line":112,"column":8},"end":{"line":112,"column":38}},"60":{"start":{"line":117,"column":8},"end":{"line":117,"column":39}},"61":{"start":{"line":120,"column":8},"end":{"line":120,"column":38}},"62":{"start":{"line":123,"column":8},"end":{"line":123,"column":35}},"63":{"start":{"line":127,"column":8},"end":{"line":127,"column":34}},"64":{"start":{"line":130,"column":8},"end":{"line":130,"column":37}},"65":{"start":{"line":133,"column":8},"end":{"line":133,"column":39}},"66":{"start":{"line":136,"column":8},"end":{"line":136,"column":29}},"67":{"start":{"line":140,"column":26},"end":{"line":145,"column":3}},"68":{"start":{"line":141,"column":4},"end":{"line":141,"column":33}},"69":{"start":{"line":143,"column":4},"end":{"line":143,"column":27}},"70":{"start":{"line":144,"column":4},"end":{"line":144,"column":33}},"71":{"start":{"line":147,"column":2},"end":{"line":165,"column":4}},"72":{"start":{"line":169,"column":35},"end":{"line":185,"column":1}},"73":{"start":{"line":170,"column":41},"end":{"line":170,"column":50}},"74":{"start":{"line":172,"column":2},"end":{"line":178,"column":3}},"75":{"start":{"line":173,"column":4},"end":{"line":177,"column":6}},"76":{"start":{"line":180,"column":2},"end":{"line":182,"column":3}},"77":{"start":{"line":181,"column":4},"end":{"line":181,"column":25}},"78":{"start":{"line":184,"column":2},"end":{"line":184,"column":24}},"79":{"start":{"line":189,"column":2},"end":{"line":195,"column":4}},"80":{"start":{"line":198,"column":0},"end":{"line":198,"column":19}}},"fnMap":{"0":{"name":"(anonymous_10)","decl":{"start":{"line":11,"column":23},"end":{"line":11,"column":26}},"loc":{"start":{"line":11,"column":28},"end":{"line":11,"column":71}}},"1":{"name":"(anonymous_11)","decl":{"start":{"line":11,"column":28},"end":{"line":11,"column":36}},"loc":{"start":{"line":11,"column":28},"end":{"line":11,"column":71}}},"2":{"name":"(anonymous_12)","decl":{"start":{"line":12,"column":27},"end":{"line":12,"column":30}},"loc":{"start":{"line":12,"column":32},"end":{"line":12,"column":78}}},"3":{"name":"(anonymous_13)","decl":{"start":{"line":12,"column":32},"end":{"line":12,"column":40}},"loc":{"start":{"line":12,"column":32},"end":{"line":12,"column":78}}},"4":{"name":"(anonymous_14)","decl":{"start":{"line":13,"column":26},"end":{"line":13,"column":29}},"loc":{"start":{"line":13,"column":31},"end":{"line":13,"column":76}}},"5":{"name":"(anonymous_15)","decl":{"start":{"line":13,"column":31},"end":{"line":13,"column":39}},"loc":{"start":{"line":13,"column":31},"end":{"line":13,"column":76}}},"6":{"name":"(anonymous_16)","decl":{"start":{"line":16,"column":29},"end":{"line":16,"column":32}},"loc":{"start":{"line":16,"column":34},"end":{"line":16,"column":80}}},"7":{"name":"(anonymous_17)","decl":{"start":{"line":16,"column":34},"end":{"line":16,"column":42}},"loc":{"start":{"line":16,"column":34},"end":{"line":16,"column":80}}},"8":{"name":"(anonymous_18)","decl":{"start":{"line":17,"column":28},"end":{"line":17,"column":31}},"loc":{"start":{"line":17,"column":33},"end":{"line":17,"column":73}}},"9":{"name":"(anonymous_19)","decl":{"start":{"line":17,"column":33},"end":{"line":17,"column":41}},"loc":{"start":{"line":17,"column":33},"end":{"line":17,"column":73}}},"10":{"name":"(anonymous_20)","decl":{"start":{"line":18,"column":28},"end":{"line":18,"column":31}},"loc":{"start":{"line":18,"column":33},"end":{"line":18,"column":85}}},"11":{"name":"(anonymous_21)","decl":{"start":{"line":18,"column":33},"end":{"line":18,"column":41}},"loc":{"start":{"line":18,"column":33},"end":{"line":18,"column":85}}},"12":{"name":"(anonymous_22)","decl":{"start":{"line":19,"column":31},"end":{"line":19,"column":34}},"loc":{"start":{"line":19,"column":36},"end":{"line":19,"column":86}}},"13":{"name":"(anonymous_23)","decl":{"start":{"line":19,"column":36},"end":{"line":19,"column":44}},"loc":{"start":{"line":19,"column":36},"end":{"line":19,"column":86}}},"14":{"name":"(anonymous_24)","decl":{"start":{"line":20,"column":33},"end":{"line":20,"column":36}},"loc":{"start":{"line":20,"column":38},"end":{"line":20,"column":87}}},"15":{"name":"(anonymous_25)","decl":{"start":{"line":20,"column":38},"end":{"line":20,"column":46}},"loc":{"start":{"line":20,"column":38},"end":{"line":20,"column":87}}},"16":{"name":"(anonymous_26)","decl":{"start":{"line":23,"column":34},"end":{"line":23,"column":37}},"loc":{"start":{"line":23,"column":39},"end":{"line":23,"column":96}}},"17":{"name":"(anonymous_27)","decl":{"start":{"line":23,"column":39},"end":{"line":23,"column":47}},"loc":{"start":{"line":23,"column":39},"end":{"line":23,"column":96}}},"18":{"name":"(anonymous_28)","decl":{"start":{"line":24,"column":32},"end":{"line":24,"column":35}},"loc":{"start":{"line":24,"column":37},"end":{"line":24,"column":92}}},"19":{"name":"(anonymous_29)","decl":{"start":{"line":24,"column":37},"end":{"line":24,"column":45}},"loc":{"start":{"line":24,"column":37},"end":{"line":24,"column":92}}},"20":{"name":"(anonymous_30)","decl":{"start":{"line":25,"column":33},"end":{"line":25,"column":36}},"loc":{"start":{"line":25,"column":38},"end":{"line":25,"column":90}}},"21":{"name":"(anonymous_31)","decl":{"start":{"line":25,"column":38},"end":{"line":25,"column":46}},"loc":{"start":{"line":25,"column":38},"end":{"line":25,"column":90}}},"22":{"name":"(anonymous_32)","decl":{"start":{"line":28,"column":28},"end":{"line":28,"column":31}},"loc":{"start":{"line":28,"column":33},"end":{"line":28,"column":78}}},"23":{"name":"(anonymous_33)","decl":{"start":{"line":28,"column":33},"end":{"line":28,"column":41}},"loc":{"start":{"line":28,"column":33},"end":{"line":28,"column":78}}},"24":{"name":"(anonymous_34)","decl":{"start":{"line":29,"column":22},"end":{"line":29,"column":25}},"loc":{"start":{"line":29,"column":27},"end":{"line":29,"column":68}}},"25":{"name":"(anonymous_35)","decl":{"start":{"line":29,"column":27},"end":{"line":29,"column":35}},"loc":{"start":{"line":29,"column":27},"end":{"line":29,"column":68}}},"26":{"name":"(anonymous_36)","decl":{"start":{"line":30,"column":33},"end":{"line":30,"column":36}},"loc":{"start":{"line":30,"column":38},"end":{"line":30,"column":94}}},"27":{"name":"(anonymous_37)","decl":{"start":{"line":30,"column":38},"end":{"line":30,"column":46}},"loc":{"start":{"line":30,"column":38},"end":{"line":30,"column":94}}},"28":{"name":"(anonymous_38)","decl":{"start":{"line":31,"column":32},"end":{"line":31,"column":35}},"loc":{"start":{"line":31,"column":37},"end":{"line":31,"column":89}}},"29":{"name":"(anonymous_39)","decl":{"start":{"line":31,"column":37},"end":{"line":31,"column":45}},"loc":{"start":{"line":31,"column":37},"end":{"line":31,"column":89}}},"30":{"name":"(anonymous_40)","decl":{"start":{"line":54,"column":29},"end":{"line":54,"column":32}},"loc":{"start":{"line":54,"column":34},"end":{"line":166,"column":1}}},"31":{"name":"(anonymous_41)","decl":{"start":{"line":59,"column":28},"end":{"line":59,"column":29}},"loc":{"start":{"line":59,"column":45},"end":{"line":61,"column":3}}},"32":{"name":"(anonymous_42)","decl":{"start":{"line":63,"column":26},"end":{"line":63,"column":29}},"loc":{"start":{"line":63,"column":31},"end":{"line":65,"column":3}}},"33":{"name":"(anonymous_43)","decl":{"start":{"line":67,"column":34},"end":{"line":67,"column":35}},"loc":{"start":{"line":67,"column":63},"end":{"line":69,"column":3}}},"34":{"name":"(anonymous_44)","decl":{"start":{"line":71,"column":26},"end":{"line":71,"column":29}},"loc":{"start":{"line":71,"column":31},"end":{"line":138,"column":3}}},"35":{"name":"(anonymous_45)","decl":{"start":{"line":140,"column":26},"end":{"line":140,"column":27}},"loc":{"start":{"line":140,"column":42},"end":{"line":145,"column":3}}},"36":{"name":"(anonymous_46)","decl":{"start":{"line":169,"column":35},"end":{"line":169,"column":38}},"loc":{"start":{"line":169,"column":40},"end":{"line":185,"column":1}}},"37":{"name":"App","decl":{"start":{"line":188,"column":9},"end":{"line":188,"column":12}},"loc":{"start":{"line":188,"column":12},"end":{"line":196,"column":1}}}},"branchMap":{"0":{"loc":{"start":{"line":72,"column":4},"end":{"line":137,"column":5}},"type":"switch","locations":[{"start":{"line":73,"column":6},"end":{"line":74,"column":29}},{"start":{"line":77,"column":6},"end":{"line":77,"column":22}},{"start":{"line":78,"column":6},"end":{"line":88,"column":67}},{"start":{"line":90,"column":6},"end":{"line":91,"column":85}},{"start":{"line":93,"column":6},"end":{"line":94,"column":34}},{"start":{"line":97,"column":6},"end":{"line":97,"column":26}},{"start":{"line":98,"column":6},"end":{"line":99,"column":40}},{"start":{"line":101,"column":6},"end":{"line":102,"column":34}},{"start":{"line":104,"column":6},"end":{"line":105,"column":28}},{"start":{"line":108,"column":6},"end":{"line":109,"column":39}},{"start":{"line":111,"column":6},"end":{"line":112,"column":38}},{"start":{"line":115,"column":6},"end":{"line":115,"column":22}},{"start":{"line":116,"column":6},"end":{"line":117,"column":39}},{"start":{"line":119,"column":6},"end":{"line":120,"column":38}},{"start":{"line":122,"column":6},"end":{"line":123,"column":35}},{"start":{"line":126,"column":6},"end":{"line":127,"column":34}},{"start":{"line":129,"column":6},"end":{"line":130,"column":37}},{"start":{"line":132,"column":6},"end":{"line":133,"column":39}},{"start":{"line":135,"column":6},"end":{"line":136,"column":29}}]},"1":{"loc":{"start":{"line":79,"column":8},"end":{"line":87,"column":9}},"type":"if","locations":[{"start":{"line":79,"column":8},"end":{"line":87,"column":9}}]},"2":{"loc":{"start":{"line":172,"column":2},"end":{"line":178,"column":3}},"type":"if","locations":[{"start":{"line":172,"column":2},"end":{"line":178,"column":3}}]},"3":{"loc":{"start":{"line":180,"column":2},"end":{"line":182,"column":3}},"type":"if","locations":[{"start":{"line":180,"column":2},"end":{"line":182,"column":3}}]}},"s":{"0":0,"1":0,"2":0,"3":0,"4":0,"5":0,"6":0,"7":0,"8":0,"9":0,"10":0,"11":0,"12":0,"13":0,"14":0,"15":0,"16":0,"17":0,"18":0,"19":0,"20":0,"21":0,"22":0,"23":0,"24":0,"25":0,"26":0,"27":0,"28":0,"29":0,"30":0,"31":0,"32":0,"33":0,"34":0,"35":0,"36":0,"37":0,"38":0,"39":0,"40":0,"41":0,"42":0,"43":0,"44":0,"45":0,"46":0,"47":0,"48":0,"49":0,"50":0,"51":0,"52":0,"53":0,"54":0,"55":0,"56":0,"57":0,"58":0,"59":0,"60":0,"61":0,"62":0,"63":0,"64":0,"65":0,"66":0,"67":0,"68":0,"69":0,"70":0,"71":0,"72":0,"73":0,"74":0,"75":0,"76":0,"77":0,"78":0,"79":0,"80":0},"f":{"0":0,"1":0,"2":0,"3":0,"4":0,"5":0,"6":0,"7":0,"8":0,"9":0,"10":0,"11":0,"12":0,"13":0,"14":0,"15":0,"16":0,"17":0,"18":0,"19":0,"20":0,"21":0,"22":0,"23":0,"24":0,"25":0,"26":0,"27":0,"28":0,"29":0,"30":0,"31":0,"32":0,"33":0,"34":0,"35":0,"36":0,"37":0},"b":{"0":[0,0,0,0,0,0,0,0,0,0,0,0,0,0,0,0,0,0,0],"1":[0],"2":[0],"3":[0]}}
,"/Users/anusornchaikaew/Work/Phd/ProvChainOrg/frontend/src/components/Header.tsx": {"path":"/Users/anusornchaikaew/Work/Phd/ProvChainOrg/frontend/src/components/Header.tsx","statementMap":{"0":{"start":{"line":2,"column":0},"end":{"line":2,"column":22}},"1":{"start":{"line":3,"column":0},"end":{"line":3,"column":33}},"2":{"start":{"line":4,"column":0},"end":{"line":4,"column":45}},"3":{"start":{"line":13,"column":38},"end":{"line":66,"column":1}},"4":{"start":{"line":14,"column":33},"end":{"line":14,"column":43}},"5":{"start":{"line":16,"column":15},"end":{"line":23,"column":4}},"6":{"start":{"line":25,"column":2},"end":{"line":65,"column":4}},"7":{"start":{"line":35,"column":12},"end":{"line":36,"column":null}},"8":{"start":{"line":38,"column":29},"end":{"line":38,"column":59}},"9":{"start":{"line":68,"column":0},"end":{"line":68,"column":22}}},"fnMap":{"0":{"name":"(anonymous_1)","decl":{"start":{"line":13,"column":38},"end":{"line":13,"column":39}},"loc":{"start":{"line":13,"column":69},"end":{"line":66,"column":1}}},"1":{"name":"(anonymous_2)","decl":{"start":{"line":34,"column":20},"end":{"line":34,"column":21}},"loc":{"start":{"line":35,"column":12},"end":{"line":36,"column":null}}},"2":{"name":"(anonymous_3)","decl":{"start":{"line":38,"column":23},"end":{"line":38,"column":26}},"loc":{"start":{"line":38,"column":29},"end":{"line":38,"column":59}}}},"branchMap":{"0":{"loc":{"start":{"line":37,"column":32},"end":{"line":37,"column":68}},"type":"cond-expr","locations":[{"start":{"line":37,"column":55},"end":{"line":37,"column":63}},{"start":{"line":37,"column":66},"end":{"line":37,"column":68}}]},"1":{"loc":{"start":{"line":55,"column":37},"end":{"line":55,"column":73}},"type":"cond-expr","locations":[{"start":{"line":55,"column":57},"end":{"line":55,"column":63}},{"start":{"line":55,"column":66},"end":{"line":55,"column":73}}]},"2":{"loc":{"start":{"line":57,"column":13},"end":{"line":57,"column":44}},"type":"cond-expr","locations":[{"start":{"line":57,"column":33},"end":{"line":57,"column":37}},{"start":{"line":57,"column":40},"end":{"line":57,"column":44}}]}},"s":{"0":0,"1":0,"2":0,"3":0,"4":0,"5":0,"6":0,"7":0,"8":0,"9":0},"f":{"0":0,"1":0,"2":0},"b":{"0":[0,0],"1":[0,0],"2":[0,0]}}
,"/Users/anusornchaikaew/Work/Phd/ProvChainOrg/frontend/src/components/analytics/AnalyticsDashboard.tsx": {"path":"/Users/anusornchaikaew/Work/Phd/ProvChainOrg/frontend/src/components/analytics/AnalyticsDashboard.tsx","statementMap":{"0":{"start":{"line":1,"column":0},"end":{"line":1,"column":51}},"1":{"start":{"line":2,"column":0},"end":{"line":2,"column":144}},"2":{"start":{"line":3,"column":0},"end":{"line":3,"column":50}},"3":{"start":{"line":4,"column":0},"end":{"line":4,"column":30}},"4":{"start":{"line":5,"column":0},"end":{"line":5,"column":34}},"5":{"start":{"line":6,"column":0},"end":{"line":6,"column":32}},"6":{"start":{"line":8,"column":0},"end":{"line":8,"column":49}},"7":{"start":{"line":29,"column":37},"end":{"line":538,"column":1}},"8":{"start":{"line":30,"column":44},"end":{"line":30,"column":80}},"9":{"start":{"line":31,"column":36},"end":{"line":31,"column":50}},"10":{"start":{"line":32,"column":32},"end":{"line":40,"column":4}},"11":{"start":{"line":41,"column":44},"end":{"line":41,"column":59}},"12":{"start":{"line":43,"column":2},"end":{"line":45,"column":16}},"13":{"start":{"line":44,"column":4},"end":{"line":44,"column":24}},"14":{"start":{"line":47,"column":28},"end":{"line":84,"column":3}},"15":{"start":{"line":48,"column":4},"end":{"line":48,"column":23}},"16":{"start":{"line":49,"column":4},"end":{"line":83,"column":5}},"17":{"start":{"line":50,"column":20},"end":{"line":50,"column":53}},"18":{"start":{"line":53,"column":6},"end":{"line":77,"column":7}},"19":{"start":{"line":54,"column":25},"end":{"line":65,"column":10}},"20":{"start":{"line":67,"column":8},"end":{"line":73,"column":9}},"21":{"start":{"line":68,"column":38},"end":{"line":68,"column":59}},"22":{"start":{"line":69,"column":10},"end":{"line":69,"column":33}},"23":{"start":{"line":72,"column":10},"end":{"line":72,"column":34}},"24":{"start":{"line":75,"column":8},"end":{"line":75,"column":77}},"25":{"start":{"line":76,"column":8},"end":{"line":76,"column":32}},"26":{"start":{"line":79,"column":6},"end":{"line":79,"column":60}},"27":{"start":{"line":80,"column":6},"end":{"line":80,"column":30}},"28":{"start":{"line":82,"column":6},"end":{"line":82,"column":26}},"29":{"start":{"line":86,"column":32},"end":{"line":125,"column":3}},"30":{"start":{"line":87,"column":36},"end":{"line":123,"column":6}},"31":{"start":{"line":124,"column":4},"end":{"line":124,"column":31}},"32":{"start":{"line":127,"column":32},"end":{"line":138,"column":3}},"33":{"start":{"line":128,"column":17},"end":{"line":128,"column":19}},"34":{"start":{"line":129,"column":4},"end":{"line":136,"column":5}},"35":{"start":{"line":129,"column":17},"end":{"line":129,"column":25}},"36":{"start":{"line":130,"column":19},"end":{"line":130,"column":65}},"37":{"start":{"line":131,"column":6},"end":{"line":135,"column":9}},"38":{"start":{"line":137,"column":4},"end":{"line":137,"column":16}},"39":{"start":{"line":140,"column":33},"end":{"line":160,"column":3}},"40":{"start":{"line":141,"column":17},"end":{"line":141,"column":19}},"41":{"start":{"line":142,"column":27},"end":{"line":142,"column":31}},"42":{"start":{"line":143,"column":25},"end":{"line":143,"column":28}},"43":{"start":{"line":145,"column":4},"end":{"line":158,"column":5}},"44":{"start":{"line":145,"column":17},"end":{"line":145,"column":25}},"45":{"start":{"line":146,"column":19},"end":{"line":146,"column":65}},"46":{"start":{"line":147,"column":26},"end":{"line":147,"column":60}},"47":{"start":{"line":148,"column":24},"end":{"line":148,"column":50}},"48":{"start":{"line":150,"column":6},"end":{"line":150,"column":38}},"49":{"start":{"line":151,"column":6},"end":{"line":151,"column":34}},"50":{"start":{"line":153,"column":6},"end":{"line":157,"column":9}},"51":{"start":{"line":159,"column":4},"end":{"line":159,"column":16}},"52":{"start":{"line":162,"column":29},"end":{"line":164,"column":3}},"53":{"start":{"line":163,"column":4},"end":{"line":163,"column":52}},"54":{"start":{"line":163,"column":24},"end":{"line":163,"column":49}},"55":{"start":{"line":166,"column":21},"end":{"line":186,"column":3}},"56":{"start":{"line":167,"column":4},"end":{"line":167,"column":31}},"57":{"start":{"line":167,"column":24},"end":{"line":167,"column":31}},"58":{"start":{"line":169,"column":25},"end":{"line":175,"column":6}},"59":{"start":{"line":177,"column":17},"end":{"line":177,"column":96}},"60":{"start":{"line":178,"column":16},"end":{"line":178,"column":41}},"61":{"start":{"line":179,"column":14},"end":{"line":179,"column":41}},"62":{"start":{"line":180,"column":4},"end":{"line":180,"column":17}},"63":{"start":{"line":181,"column":4},"end":{"line":181,"column":86}},"64":{"start":{"line":182,"column":4},"end":{"line":182,"column":33}},"65":{"start":{"line":183,"column":4},"end":{"line":183,"column":14}},"66":{"start":{"line":184,"column":4},"end":{"line":184,"column":33}},"67":{"start":{"line":185,"column":4},"end":{"line":185,"column":29}},"68":{"start":{"line":188,"column":23},"end":{"line":192,"column":3}},"69":{"start":{"line":189,"column":4},"end":{"line":189,"column":64}},"70":{"start":{"line":189,"column":24},"end":{"line":189,"column":64}},"71":{"start":{"line":190,"column":4},"end":{"line":190,"column":58}},"72":{"start":{"line":190,"column":21},"end":{"line":190,"column":58}},"73":{"start":{"line":191,"column":4},"end":{"line":191,"column":26}},"74":{"start":{"line":194,"column":23},"end":{"line":200,"column":3}},"75":{"start":{"line":195,"column":4},"end":{"line":199,"column":5}},"76":{"start":{"line":196,"column":17},"end":{"line":196,"column":74}},"77":{"start":{"line":197,"column":19},"end":{"line":197,"column":85}},"78":{"start":{"line":198,"column":21},"end":{"line":198,"column":75}},"79":{"start":{"line":202,"column":25},"end":{"line":209,"column":3}},"80":{"start":{"line":203,"column":4},"end":{"line":208,"column":5}},"81":{"start":{"line":204,"column":22},"end":{"line":204,"column":46}},"82":{"start":{"line":205,"column":22},"end":{"line":205,"column":47}},"83":{"start":{"line":206,"column":20},"end":{"line":206,"column":42}},"84":{"start":{"line":207,"column":15},"end":{"line":207,"column":38}},"85":{"start":{"line":211,"column":2},"end":{"line":217,"column":3}},"86":{"start":{"line":212,"column":4},"end":{"line":216,"column":6}},"87":{"start":{"line":219,"column":2},"end":{"line":239,"column":3}},"88":{"start":{"line":220,"column":4},"end":{"line":238,"column":6}},"89":{"start":{"line":241,"column":2},"end":{"line":537,"column":4}},"90":{"start":{"line":258,"column":31},"end":{"line":258,"column":63}},"91":{"start":{"line":296,"column":37},"end":{"line":296,"column":117}},"92":{"start":{"line":302,"column":37},"end":{"line":302,"column":115}},"93":{"start":{"line":314,"column":35},"end":{"line":314,"column":88}},"94":{"start":{"line":333,"column":35},"end":{"line":333,"column":88}},"95":{"start":{"line":351,"column":35},"end":{"line":351,"column":125}},"96":{"start":{"line":435,"column":16},"end":{"line":435,"column":33}},"97":{"start":{"line":460,"column":16},"end":{"line":460,"column":33}},"98":{"start":{"line":489,"column":14},"end":{"line":489,"column":31}},"99":{"start":{"line":492,"column":106},"end":{"line":492,"column":113}},"100":{"start":{"line":511,"column":14},"end":{"line":511,"column":31}},"101":{"start":{"line":540,"column":0},"end":{"line":540,"column":34}}},"fnMap":{"0":{"name":"(anonymous_1)","decl":{"start":{"line":29,"column":37},"end":{"line":29,"column":40}},"loc":{"start":{"line":29,"column":42},"end":{"line":538,"column":1}}},"1":{"name":"(anonymous_2)","decl":{"start":{"line":43,"column":12},"end":{"line":43,"column":15}},"loc":{"start":{"line":43,"column":17},"end":{"line":45,"column":3}}},"2":{"name":"(anonymous_3)","decl":{"start":{"line":47,"column":28},"end":{"line":47,"column":33}},"loc":{"start":{"line":47,"column":39},"end":{"line":84,"column":3}}},"3":{"name":"(anonymous_4)","decl":{"start":{"line":86,"column":32},"end":{"line":86,"column":35}},"loc":{"start":{"line":86,"column":37},"end":{"line":125,"column":3}}},"4":{"name":"(anonymous_5)","decl":{"start":{"line":127,"column":32},"end":{"line":127,"column":33}},"loc":{"start":{"line":127,"column":49},"end":{"line":138,"column":3}}},"5":{"name":"(anonymous_6)","decl":{"start":{"line":140,"column":33},"end":{"line":140,"column":34}},"loc":{"start":{"line":140,"column":50},"end":{"line":160,"column":3}}},"6":{"name":"(anonymous_7)","decl":{"start":{"line":162,"column":29},"end":{"line":162,"column":30}},"loc":{"start":{"line":162,"column":109},"end":{"line":164,"column":3}}},"7":{"name":"(anonymous_8)","decl":{"start":{"line":163,"column":15},"end":{"line":163,"column":19}},"loc":{"start":{"line":163,"column":24},"end":{"line":163,"column":49}}},"8":{"name":"(anonymous_9)","decl":{"start":{"line":166,"column":21},"end":{"line":166,"column":24}},"loc":{"start":{"line":166,"column":26},"end":{"line":186,"column":3}}},"9":{"name":"(anonymous_10)","decl":{"start":{"line":188,"column":23},"end":{"line":188,"column":24}},"loc":{"start":{"line":188,"column":47},"end":{"line":192,"column":3}}},"10":{"name":"(anonymous_11)","decl":{"start":{"line":194,"column":23},"end":{"line":194,"column":24}},"loc":{"start":{"line":194,"column":59},"end":{"line":200,"column":3}}},"11":{"name":"(anonymous_12)","decl":{"start":{"line":202,"column":25},"end":{"line":202,"column":26}},"loc":{"start":{"line":202,"column":44},"end":{"line":209,"column":3}}},"12":{"name":"(anonymous_13)","decl":{"start":{"line":258,"column":25},"end":{"line":258,"column":28}},"loc":{"start":{"line":258,"column":31},"end":{"line":258,"column":63}}},"13":{"name":"(anonymous_14)","decl":{"start":{"line":296,"column":30},"end":{"line":296,"column":31}},"loc":{"start":{"line":296,"column":37},"end":{"line":296,"column":117}}},"14":{"name":"(anonymous_15)","decl":{"start":{"line":302,"column":30},"end":{"line":302,"column":31}},"loc":{"start":{"line":302,"column":37},"end":{"line":302,"column":115}}},"15":{"name":"(anonymous_16)","decl":{"start":{"line":314,"column":28},"end":{"line":314,"column":29}},"loc":{"start":{"line":314,"column":35},"end":{"line":314,"column":88}}},"16":{"name":"(anonymous_17)","decl":{"start":{"line":333,"column":28},"end":{"line":333,"column":29}},"loc":{"start":{"line":333,"column":35},"end":{"line":333,"column":88}}},"17":{"name":"(anonymous_18)","decl":{"start":{"line":351,"column":28},"end":{"line":351,"column":29}},"loc":{"start":{"line":351,"column":35},"end":{"line":351,"column":125}}},"18":{"name":"(anonymous_19)","decl":{"start":{"line":434,"column":52},"end":{"line":434,"column":53}},"loc":{"start":{"line":435,"column":16},"end":{"line":435,"column":33}}},"19":{"name":"(anonymous_20)","decl":{"start":{"line":459,"column":51},"end":{"line":459,"column":52}},"loc":{"start":{"line":460,"column":16},"end":{"line":460,"column":33}}},"20":{"name":"(anonymous_21)","decl":{"start":{"line":488,"column":60},"end":{"line":488,"column":61}},"loc":{"start":{"line":489,"column":14},"end":{"line":489,"column":31}}},"21":{"name":"(anonymous_22)","decl":{"start":{"line":492,"column":101},"end":{"line":492,"column":102}},"loc":{"start":{"line":492,"column":106},"end":{"line":492,"column":113}}},"22":{"name":"(anonymous_23)","decl":{"start":{"line":510,"column":51},"end":{"line":510,"column":52}},"loc":{"start":{"line":511,"column":14},"end":{"line":511,"column":31}}}},"branchMap":{"0":{"loc":{"start":{"line":67,"column":8},"end":{"line":73,"column":9}},"type":"if","locations":[{"start":{"line":67,"column":8},"end":{"line":73,"column":9}},{"start":{"line":70,"column":15},"end":{"line":73,"column":9}}]},"1":{"loc":{"start":{"line":167,"column":4},"end":{"line":167,"column":31}},"type":"if","locations":[{"start":{"line":167,"column":4},"end":{"line":167,"column":31}}]},"2":{"loc":{"start":{"line":189,"column":4},"end":{"line":189,"column":64}},"type":"if","locations":[{"start":{"line":189,"column":4},"end":{"line":189,"column":64}}]},"3":{"loc":{"start":{"line":190,"column":4},"end":{"line":190,"column":58}},"type":"if","locations":[{"start":{"line":190,"column":4},"end":{"line":190,"column":58}}]},"4":{"loc":{"start":{"line":195,"column":4},"end":{"line":199,"column":5}},"type":"switch","locations":[{"start":{"line":196,"column":6},"end":{"line":196,"column":74}},{"start":{"line":197,"column":6},"end":{"line":197,"column":85}},{"start":{"line":198,"column":6},"end":{"line":198,"column":75}}]},"5":{"loc":{"start":{"line":203,"column":4},"end":{"line":208,"column":5}},"type":"switch","locations":[{"start":{"line":204,"column":6},"end":{"line":204,"column":46}},{"start":{"line":205,"column":6},"end":{"line":205,"column":47}},{"start":{"line":206,"column":6},"end":{"line":206,"column":42}},{"start":{"line":207,"column":6},"end":{"line":207,"column":38}}]},"6":{"loc":{"start":{"line":211,"column":2},"end":{"line":217,"column":3}},"type":"if","locations":[{"start":{"line":211,"column":2},"end":{"line":217,"column":3}}]},"7":{"loc":{"start":{"line":219,"column":2},"end":{"line":239,"column":3}},"type":"if","locations":[{"start":{"line":219,"column":2},"end":{"line":239,"column":3}}]},"8":{"loc":{"start":{"line":285,"column":9},"end":{"line":361,"column":null}},"type":"binary-expr","locations":[{"start":{"line":285,"column":9},"end":{"line":285,"column":22}},{"start":{"line":286,"column":10},"end":{"line":360,"column":null}}]},"9":{"loc":{"start":{"line":416,"column":58},"end":{"line":416,"column":211}},"type":"cond-expr","locations":[{"start":{"line":416,"column":111},"end":{"line":416,"column":125}},{"start":{"line":416,"column":128},"end":{"line":416,"column":211}}]},"10":{"loc":{"start":{"line":416,"column":128},"end":{"line":416,"column":211}},"type":"cond-expr","locations":[{"start":{"line":416,"column":181},"end":{"line":416,"column":196}},{"start":{"line":416,"column":199},"end":{"line":416,"column":211}}]}},"s":{"0":0,"1":0,"2":0,"3":0,"4":0,"5":0,"6":0,"7":0,"8":0,"9":0,"10":0,"11":0,"12":0,"13":0,"14":0,"15":0,"16":0,"17":0,"18":0,"19":0,"20":0,"21":0,"22":0,"23":0,"24":0,"25":0,"26":0,"27":0,"28":0,"29":0,"30":0,"31":0,"32":0,"33":0,"34":0,"35":0,"36":0,"37":0,"38":0,"39":0,"40":0,"41":0,"42":0,"43":0,"44":0,"45":0,"46":0,"47":0,"48":0,"49":0,"50":0,"51":0,"52":0,"53":0,"54":0,"55":0,"56":0,"57":0,"58":0,"59":0,"60":0,"61":0,"62":0,"63":0,"64":0,"65":0,"66":0,"67":0,"68":0,"69":0,"70":0,"71":0,"72":0,"73":0,"74":0,"75":0,"76":0,"77":0,"78":0,"79":0,"80":0,"81":0,"82":0,"83":0,"84":0,"85":0,"86":0,"87":0,"88":0,"89":0,"90":0,"91":0,"92":0,"93":0,"94":0,"95":0,"96":0,"97":0,"98":0,"99":0,"100":0,"101":0},"f":{"0":0,"1":0,"2":0,"3":0,"4":0,"5":0,"6":0,"7":0,"8":0,"9":0,"10":0,"11":0,"12":0,"13":0,"14":0,"15":0,"16":0,"17":0,"18":0,"19":0,"20":0,"21":0,"22":0},"b":{"0":[0,0],"1":[0],"2":[0],"3":[0],"4":[0,0,0],"5":[0,0,0,0],"6":[0],"7":[0],"8":[0,0],"9":[0,0],"10":[0,0]}}
,"/Users/anusornchaikaew/Work/Phd/ProvChainOrg/frontend/src/components/auth/LoginForm.tsx": {"path":"/Users/anusornchaikaew/Work/Phd/ProvChainOrg/frontend/src/components/auth/LoginForm.tsx","statementMap":{"0":{"start":{"line":1,"column":0},"end":{"line":1,"column":40}},"1":{"start":{"line":2,"column":0},"end":{"line":2,"column":53}},"2":{"start":{"line":8,"column":44},"end":{"line":128,"column":1}},"3":{"start":{"line":9,"column":34},"end":{"line":9,"column":46}},"4":{"start":{"line":10,"column":34},"end":{"line":10,"column":46}},"5":{"start":{"line":11,"column":36},"end":{"line":11,"column":51}},"6":{"start":{"line":12,"column":28},"end":{"line":12,"column":57}},"7":{"start":{"line":14,"column":20},"end":{"line":14,"column":29}},"8":{"start":{"line":16,"column":23},"end":{"line":36,"column":3}},"9":{"start":{"line":17,"column":4},"end":{"line":17,"column":23}},"10":{"start":{"line":19,"column":4},"end":{"line":22,"column":5}},"11":{"start":{"line":20,"column":6},"end":{"line":20,"column":58}},"12":{"start":{"line":21,"column":6},"end":{"line":21,"column":13}},"13":{"start":{"line":24,"column":4},"end":{"line":24,"column":23}},"14":{"start":{"line":25,"column":4},"end":{"line":25,"column":19}},"15":{"start":{"line":27,"column":19},"end":{"line":27,"column":50}},"16":{"start":{"line":29,"column":4},"end":{"line":33,"column":5}},"17":{"start":{"line":30,"column":6},"end":{"line":30,"column":25}},"18":{"start":{"line":32,"column":6},"end":{"line":32,"column":47}},"19":{"start":{"line":35,"column":4},"end":{"line":35,"column":24}},"20":{"start":{"line":38,"column":2},"end":{"line":127,"column":4}},"21":{"start":{"line":65,"column":33},"end":{"line":65,"column":60}},"22":{"start":{"line":82,"column":33},"end":{"line":82,"column":60}},"23":{"start":{"line":130,"column":0},"end":{"line":130,"column":25}}},"fnMap":{"0":{"name":"(anonymous_0)","decl":{"start":{"line":8,"column":44},"end":{"line":8,"column":45}},"loc":{"start":{"line":8,"column":67},"end":{"line":128,"column":1}}},"1":{"name":"(anonymous_1)","decl":{"start":{"line":16,"column":23},"end":{"line":16,"column":28}},"loc":{"start":{"line":16,"column":52},"end":{"line":36,"column":3}}},"2":{"name":"(anonymous_2)","decl":{"start":{"line":65,"column":26},"end":{"line":65,"column":27}},"loc":{"start":{"line":65,"column":33},"end":{"line":65,"column":60}}},"3":{"name":"(anonymous_3)","decl":{"start":{"line":82,"column":26},"end":{"line":82,"column":27}},"loc":{"start":{"line":82,"column":33},"end":{"line":82,"column":60}}}},"branchMap":{"0":{"loc":{"start":{"line":19,"column":4},"end":{"line":22,"column":5}},"type":"if","locations":[{"start":{"line":19,"column":4},"end":{"line":22,"column":5}}]},"1":{"loc":{"start":{"line":19,"column":8},"end":{"line":19,"column":37}},"type":"binary-expr","locations":[{"start":{"line":19,"column":8},"end":{"line":19,"column":24}},{"start":{"line":19,"column":28},"end":{"line":19,"column":37}}]},"2":{"loc":{"start":{"line":29,"column":4},"end":{"line":33,"column":5}},"type":"if","locations":[{"start":{"line":29,"column":4},"end":{"line":33,"column":5}},{"start":{"line":31,"column":11},"end":{"line":33,"column":5}}]},"3":{"loc":{"start":{"line":32,"column":15},"end":{"line":32,"column":45}},"type":"binary-expr","locations":[{"start":{"line":32,"column":15},"end":{"line":32,"column":27}},{"start":{"line":32,"column":31},"end":{"line":32,"column":45}}]},"4":{"loc":{"start":{"line":88,"column":11},"end":{"line":93,"column":null}},"type":"binary-expr","locations":[{"start":{"line":88,"column":11},"end":{"line":88,"column":16}},{"start":{"line":89,"column":12},"end":{"line":92,"column":null}}]},"5":{"loc":{"start":{"line":102,"column":15},"end":{"line":111,"column":null}},"type":"cond-expr","locations":[{"start":{"line":103,"column":16},"end":{"line":107,"column":null}},{"start":{"line":111,"column":16},"end":{"line":111,"column":25}}]}},"s":{"0":0,"1":0,"2":0,"3":0,"4":0,"5":0,"6":0,"7":0,"8":0,"9":0,"10":0,"11":0,"12":0,"13":0,"14":0,"15":0,"16":0,"17":0,"18":0,"19":0,"20":0,"21":0,"22":0,"23":0},"f":{"0":0,"1":0,"2":0,"3":0},"b":{"0":[0],"1":[0,0],"2":[0,0],"3":[0,0],"4":[0,0],"5":[0,0]}}
,"/Users/anusornchaikaew/Work/Phd/ProvChainOrg/frontend/src/components/dashboard/Dashboard.tsx": {"path":"/Users/anusornchaikaew/Work/Phd/ProvChainOrg/frontend/src/components/dashboard/Dashboard.tsx","statementMap":{"0":{"start":{"line":1,"column":0},"end":{"line":1,"column":51}},"1":{"start":{"line":2,"column":0},"end":{"line":2,"column":null}},"2":{"start":{"line":15,"column":0},"end":{"line":15,"column":34}},"3":{"start":{"line":16,"column":0},"end":{"line":16,"column":54}},"4":{"start":{"line":17,"column":0},"end":{"line":17,"column":52}},"5":{"start":{"line":19,"column":0},"end":{"line":19,"column":49}},"6":{"start":{"line":30,"column":46},"end":{"line":66,"column":1}},"7":{"start":{"line":38,"column":23},"end":{"line":42,"column":4}},"8":{"start":{"line":44,"column":2},"end":{"line":65,"column":4}},"9":{"start":{"line":73,"column":52},"end":{"line":136,"column":1}},"10":{"start":{"line":74,"column":25},"end":{"line":81,"column":3}},"11":{"start":{"line":75,"column":4},"end":{"line":80,"column":5}},"12":{"start":{"line":76,"column":22},"end":{"line":76,"column":66}},"13":{"start":{"line":77,"column":22},"end":{"line":77,"column":68}},"14":{"start":{"line":78,"column":20},"end":{"line":78,"column":60}},"15":{"start":{"line":79,"column":15},"end":{"line":79,"column":57}},"16":{"start":{"line":83,"column":24},"end":{"line":90,"column":3}},"17":{"start":{"line":84,"column":4},"end":{"line":89,"column":5}},"18":{"start":{"line":85,"column":22},"end":{"line":85,"column":65}},"19":{"start":{"line":86,"column":22},"end":{"line":86,"column":67}},"20":{"start":{"line":87,"column":20},"end":{"line":87,"column":65}},"21":{"start":{"line":88,"column":15},"end":{"line":88,"column":52}},"22":{"start":{"line":92,"column":2},"end":{"line":135,"column":4}},"23":{"start":{"line":105,"column":12},"end":{"line":105,"column":25}},"24":{"start":{"line":138,"column":28},"end":{"line":388,"column":1}},"25":{"start":{"line":145,"column":6},"end":{"line":145,"column":21}},"26":{"start":{"line":147,"column":26},"end":{"line":147,"column":40}},"27":{"start":{"line":148,"column":46},"end":{"line":154,"column":9}},"28":{"start":{"line":157,"column":2},"end":{"line":239,"column":59}},"29":{"start":{"line":158,"column":32},"end":{"line":232,"column":5}},"30":{"start":{"line":159,"column":6},"end":{"line":231,"column":7}},"31":{"start":{"line":160,"column":25},"end":{"line":165,"column":10}},"32":{"start":{"line":167,"column":8},"end":{"line":210,"column":9}},"33":{"start":{"line":168,"column":23},"end":{"line":168,"column":44}},"34":{"start":{"line":169,"column":29},"end":{"line":180,"column":13}},"35":{"start":{"line":174,"column":32},"end":{"line":180,"column":12}},"36":{"start":{"line":181,"column":10},"end":{"line":181,"column":40}},"37":{"start":{"line":190,"column":15},"end":{"line":190,"column":17}},"38":{"start":{"line":191,"column":10},"end":{"line":199,"column":11}},"39":{"start":{"line":192,"column":12},"end":{"line":198,"column":15}},"40":{"start":{"line":200,"column":10},"end":{"line":208,"column":11}},"41":{"start":{"line":201,"column":12},"end":{"line":207,"column":15}},"42":{"start":{"line":209,"column":10},"end":{"line":209,"column":40}},"43":{"start":{"line":212,"column":8},"end":{"line":212,"column":64}},"44":{"start":{"line":220,"column":13},"end":{"line":220,"column":15}},"45":{"start":{"line":221,"column":8},"end":{"line":229,"column":9}},"46":{"start":{"line":222,"column":10},"end":{"line":228,"column":13}},"47":{"start":{"line":230,"column":8},"end":{"line":230,"column":38}},"48":{"start":{"line":234,"column":4},"end":{"line":234,"column":26}},"49":{"start":{"line":237,"column":21},"end":{"line":237,"column":60}},"50":{"start":{"line":238,"column":4},"end":{"line":238,"column":41}},"51":{"start":{"line":238,"column":17},"end":{"line":238,"column":40}},"52":{"start":{"line":241,"column":2},"end":{"line":387,"column":4}},"53":{"start":{"line":365,"column":18},"end":{"line":365,"column":31}},"54":{"start":{"line":371,"column":18},"end":{"line":371,"column":41}},"55":{"start":{"line":390,"column":0},"end":{"line":390,"column":25}}},"fnMap":{"0":{"name":"(anonymous_1)","decl":{"start":{"line":30,"column":46},"end":{"line":30,"column":47}},"loc":{"start":{"line":37,"column":5},"end":{"line":66,"column":1}}},"1":{"name":"(anonymous_2)","decl":{"start":{"line":73,"column":52},"end":{"line":73,"column":53}},"loc":{"start":{"line":73,"column":84},"end":{"line":136,"column":1}}},"2":{"name":"(anonymous_3)","decl":{"start":{"line":74,"column":25},"end":{"line":74,"column":26}},"loc":{"start":{"line":74,"column":44},"end":{"line":81,"column":3}}},"3":{"name":"(anonymous_4)","decl":{"start":{"line":83,"column":24},"end":{"line":83,"column":25}},"loc":{"start":{"line":83,"column":43},"end":{"line":90,"column":3}}},"4":{"name":"(anonymous_5)","decl":{"start":{"line":104,"column":29},"end":{"line":104,"column":30}},"loc":{"start":{"line":105,"column":12},"end":{"line":105,"column":25}}},"5":{"name":"(anonymous_6)","decl":{"start":{"line":138,"column":28},"end":{"line":138,"column":31}},"loc":{"start":{"line":138,"column":33},"end":{"line":388,"column":1}}},"6":{"name":"(anonymous_7)","decl":{"start":{"line":157,"column":12},"end":{"line":157,"column":15}},"loc":{"start":{"line":157,"column":17},"end":{"line":239,"column":3}}},"7":{"name":"(anonymous_8)","decl":{"start":{"line":158,"column":32},"end":{"line":158,"column":37}},"loc":{"start":{"line":158,"column":43},"end":{"line":232,"column":5}}},"8":{"name":"(anonymous_9)","decl":{"start":{"line":169,"column":63},"end":{"line":169,"column":64}},"loc":{"start":{"line":174,"column":32},"end":{"line":180,"column":12}}},"9":{"name":"(anonymous_10)","decl":{"start":{"line":238,"column":11},"end":{"line":238,"column":14}},"loc":{"start":{"line":238,"column":17},"end":{"line":238,"column":40}}},"10":{"name":"(anonymous_11)","decl":{"start":{"line":364,"column":35},"end":{"line":364,"column":36}},"loc":{"start":{"line":365,"column":18},"end":{"line":365,"column":31}}},"11":{"name":"(anonymous_12)","decl":{"start":{"line":370,"column":36},"end":{"line":370,"column":37}},"loc":{"start":{"line":371,"column":18},"end":{"line":371,"column":41}}}},"branchMap":{"0":{"loc":{"start":{"line":34,"column":2},"end":{"line":34,"column":24}},"type":"default-arg","locations":[{"start":{"line":34,"column":15},"end":{"line":34,"column":24}}]},"1":{"loc":{"start":{"line":36,"column":2},"end":{"line":36,"column":17}},"type":"default-arg","locations":[{"start":{"line":36,"column":12},"end":{"line":36,"column":17}}]},"2":{"loc":{"start":{"line":49,"column":11},"end":{"line":52,"column":null}},"type":"cond-expr","locations":[{"start":{"line":50,"column":12},"end":{"line":50,"column":90}},{"start":{"line":52,"column":12},"end":{"line":52,"column":87}}]},"3":{"loc":{"start":{"line":54,"column":11},"end":{"line":57,"column":null}},"type":"binary-expr","locations":[{"start":{"line":54,"column":11},"end":{"line":54,"column":17}},{"start":{"line":55,"column":12},"end":{"line":56,"column":null}}]},"4":{"loc":{"start":{"line":73,"column":63},"end":{"line":73,"column":78}},"type":"default-arg","locations":[{"start":{"line":73,"column":73},"end":{"line":73,"column":78}}]},"5":{"loc":{"start":{"line":75,"column":4},"end":{"line":80,"column":5}},"type":"switch","locations":[{"start":{"line":76,"column":6},"end":{"line":76,"column":66}},{"start":{"line":77,"column":6},"end":{"line":77,"column":68}},{"start":{"line":78,"column":6},"end":{"line":78,"column":60}},{"start":{"line":79,"column":6},"end":{"line":79,"column":57}}]},"6":{"loc":{"start":{"line":84,"column":4},"end":{"line":89,"column":5}},"type":"switch","locations":[{"start":{"line":85,"column":6},"end":{"line":85,"column":65}},{"start":{"line":86,"column":6},"end":{"line":86,"column":67}},{"start":{"line":87,"column":6},"end":{"line":87,"column":65}},{"start":{"line":88,"column":6},"end":{"line":88,"column":52}}]},"7":{"loc":{"start":{"line":102,"column":7},"end":{"line":132,"column":null}},"type":"cond-expr","locations":[{"start":{"line":103,"column":8},"end":{"line":106,"column":null}},{"start":{"line":109,"column":8},"end":{"line":131,"column":null}}]},"8":{"loc":{"start":{"line":167,"column":8},"end":{"line":210,"column":9}},"type":"if","locations":[{"start":{"line":167,"column":8},"end":{"line":210,"column":9}},{"start":{"line":182,"column":15},"end":{"line":210,"column":9}}]},"9":{"loc":{"start":{"line":175,"column":16},"end":{"line":175,"column":44}},"type":"binary-expr","locations":[{"start":{"line":175,"column":16},"end":{"line":175,"column":21}},{"start":{"line":175,"column":25},"end":{"line":175,"column":44}}]},"10":{"loc":{"start":{"line":176,"column":19},"end":{"line":176,"column":67}},"type":"cond-expr","locations":[{"start":{"line":176,"column":44},"end":{"line":176,"column":57}},{"start":{"line":176,"column":60},"end":{"line":176,"column":67}}]},"11":{"loc":{"start":{"line":177,"column":24},"end":{"line":177,"column":83}},"type":"cond-expr","locations":[{"start":{"line":177,"column":49},"end":{"line":177,"column":65}},{"start":{"line":177,"column":68},"end":{"line":177,"column":83}}]},"12":{"loc":{"start":{"line":177,"column":89},"end":{"line":177,"column":118}},"type":"binary-expr","locations":[{"start":{"line":177,"column":89},"end":{"line":177,"column":105}},{"start":{"line":177,"column":109},"end":{"line":177,"column":118}}]},"13":{"loc":{"start":{"line":179,"column":19},"end":{"line":179,"column":74}},"type":"cond-expr","locations":[{"start":{"line":179,"column":44},"end":{"line":179,"column":57}},{"start":{"line":179,"column":60},"end":{"line":179,"column":74}}]},"14":{"loc":{"start":{"line":191,"column":10},"end":{"line":199,"column":11}},"type":"if","locations":[{"start":{"line":191,"column":10},"end":{"line":199,"column":11}}]},"15":{"loc":{"start":{"line":191,"column":14},"end":{"line":191,"column":63}},"type":"binary-expr","locations":[{"start":{"line":191,"column":14},"end":{"line":191,"column":35}},{"start":{"line":191,"column":39},"end":{"line":191,"column":63}}]},"16":{"loc":{"start":{"line":200,"column":10},"end":{"line":208,"column":11}},"type":"if","locations":[{"start":{"line":200,"column":10},"end":{"line":208,"column":11}}]},"17":{"loc":{"start":{"line":200,"column":14},"end":{"line":200,"column":75}},"type":"binary-expr","locations":[{"start":{"line":200,"column":14},"end":{"line":200,"column":41}},{"start":{"line":200,"column":45},"end":{"line":200,"column":75}}]},"18":{"loc":{"start":{"line":221,"column":8},"end":{"line":229,"column":9}},"type":"if","locations":[{"start":{"line":221,"column":8},"end":{"line":229,"column":9}}]},"19":{"loc":{"start":{"line":221,"column":12},"end":{"line":221,"column":61}},"type":"binary-expr","locations":[{"start":{"line":221,"column":12},"end":{"line":221,"column":33}},{"start":{"line":221,"column":37},"end":{"line":221,"column":61}}]},"20":{"loc":{"start":{"line":256,"column":61},"end":{"line":256,"column":146}},"type":"cond-expr","locations":[{"start":{"line":256,"column":75},"end":{"line":256,"column":111}},{"start":{"line":256,"column":114},"end":{"line":256,"column":146}}]},"21":{"loc":{"start":{"line":257,"column":56},"end":{"line":257,"column":99}},"type":"cond-expr","locations":[{"start":{"line":257,"column":70},"end":{"line":257,"column":84}},{"start":{"line":257,"column":87},"end":{"line":257,"column":99}}]},"22":{"loc":{"start":{"line":259,"column":19},"end":{"line":259,"column":61}},"type":"cond-expr","locations":[{"start":{"line":259,"column":33},"end":{"line":259,"column":44}},{"start":{"line":259,"column":47},"end":{"line":259,"column":61}}]},"23":{"loc":{"start":{"line":267,"column":54},"end":{"line":267,"column":83}},"type":"cond-expr","locations":[{"start":{"line":267,"column":64},"end":{"line":267,"column":78}},{"start":{"line":267,"column":81},"end":{"line":267,"column":83}}]},"24":{"loc":{"start":{"line":275,"column":9},"end":{"line":281,"column":null}},"type":"binary-expr","locations":[{"start":{"line":275,"column":9},"end":{"line":275,"column":14}},{"start":{"line":276,"column":10},"end":{"line":280,"column":null}}]},"25":{"loc":{"start":{"line":288,"column":19},"end":{"line":288,"column":64}},"type":"binary-expr","locations":[{"start":{"line":288,"column":19},"end":{"line":288,"column":57}},{"start":{"line":288,"column":61},"end":{"line":288,"column":64}}]},"26":{"loc":{"start":{"line":289,"column":20},"end":{"line":289,"column":85}},"type":"cond-expr","locations":[{"start":{"line":289,"column":28},"end":{"line":289,"column":43}},{"start":{"line":289,"column":47},"end":{"line":289,"column":84}}]},"27":{"loc":{"start":{"line":289,"column":47},"end":{"line":289,"column":84}},"type":"cond-expr","locations":[{"start":{"line":289,"column":61},"end":{"line":289,"column":72}},{"start":{"line":289,"column":75},"end":{"line":289,"column":84}}]},"28":{"loc":{"start":{"line":290,"column":24},"end":{"line":290,"column":83}},"type":"cond-expr","locations":[{"start":{"line":290,"column":32},"end":{"line":290,"column":42}},{"start":{"line":290,"column":46},"end":{"line":290,"column":82}}]},"29":{"loc":{"start":{"line":290,"column":46},"end":{"line":290,"column":82}},"type":"cond-expr","locations":[{"start":{"line":290,"column":60},"end":{"line":290,"column":70}},{"start":{"line":290,"column":73},"end":{"line":290,"column":82}}]},"30":{"loc":{"start":{"line":296,"column":19},"end":{"line":296,"column":70}},"type":"binary-expr","locations":[{"start":{"line":296,"column":19},"end":{"line":296,"column":63}},{"start":{"line":296,"column":67},"end":{"line":296,"column":70}}]},"31":{"loc":{"start":{"line":297,"column":20},"end":{"line":297,"column":85}},"type":"cond-expr","locations":[{"start":{"line":297,"column":28},"end":{"line":297,"column":43}},{"start":{"line":297,"column":47},"end":{"line":297,"column":84}}]},"32":{"loc":{"start":{"line":297,"column":47},"end":{"line":297,"column":84}},"type":"cond-expr","locations":[{"start":{"line":297,"column":61},"end":{"line":297,"column":72}},{"start":{"line":297,"column":75},"end":{"line":297,"column":84}}]},"33":{"loc":{"start":{"line":298,"column":24},"end":{"line":298,"column":83}},"type":"cond-expr","locations":[{"start":{"line":298,"column":32},"end":{"line":298,"column":42}},{"start":{"line":298,"column":46},"end":{"line":298,"column":82}}]},"34":{"loc":{"start":{"line":298,"column":46},"end":{"line":298,"column":82}},"type":"cond-expr","locations":[{"start":{"line":298,"column":60},"end":{"line":298,"column":70}},{"start":{"line":298,"column":73},"end":{"line":298,"column":82}}]},"35":{"loc":{"start":{"line":304,"column":19},"end":{"line":304,"column":63}},"type":"binary-expr","locations":[{"start":{"line":304,"column":19},"end":{"line":304,"column":56}},{"start":{"line":304,"column":60},"end":{"line":304,"column":63}}]},"36":{"loc":{"start":{"line":305,"column":20},"end":{"line":305,"column":85}},"type":"cond-expr","locations":[{"start":{"line":305,"column":28},"end":{"line":305,"column":43}},{"start":{"line":305,"column":47},"end":{"line":305,"column":84}}]},"37":{"loc":{"start":{"line":305,"column":47},"end":{"line":305,"column":84}},"type":"cond-expr","locations":[{"start":{"line":305,"column":61},"end":{"line":305,"column":72}},{"start":{"line":305,"column":75},"end":{"line":305,"column":84}}]},"38":{"loc":{"start":{"line":306,"column":24},"end":{"line":306,"column":83}},"type":"cond-expr","locations":[{"start":{"line":306,"column":32},"end":{"line":306,"column":42}},{"start":{"line":306,"column":46},"end":{"line":306,"column":82}}]},"39":{"loc":{"start":{"line":306,"column":46},"end":{"line":306,"column":82}},"type":"cond-expr","locations":[{"start":{"line":306,"column":60},"end":{"line":306,"column":70}},{"start":{"line":306,"column":73},"end":{"line":306,"column":82}}]},"40":{"loc":{"start":{"line":312,"column":19},"end":{"line":312,"column":54}},"type":"binary-expr","locations":[{"start":{"line":312,"column":19},"end":{"line":312,"column":47}},{"start":{"line":312,"column":51},"end":{"line":312,"column":54}}]},"41":{"loc":{"start":{"line":313,"column":20},"end":{"line":313,"column":85}},"type":"cond-expr","locations":[{"start":{"line":313,"column":28},"end":{"line":313,"column":43}},{"start":{"line":313,"column":47},"end":{"line":313,"column":84}}]},"42":{"loc":{"start":{"line":313,"column":47},"end":{"line":313,"column":84}},"type":"cond-expr","locations":[{"start":{"line":313,"column":61},"end":{"line":313,"column":72}},{"start":{"line":313,"column":75},"end":{"line":313,"column":84}}]},"43":{"loc":{"start":{"line":314,"column":24},"end":{"line":314,"column":83}},"type":"cond-expr","locations":[{"start":{"line":314,"column":32},"end":{"line":314,"column":42}},{"start":{"line":314,"column":46},"end":{"line":314,"column":82}}]},"44":{"loc":{"start":{"line":314,"column":46},"end":{"line":314,"column":82}},"type":"cond-expr","locations":[{"start":{"line":314,"column":60},"end":{"line":314,"column":70}},{"start":{"line":314,"column":73},"end":{"line":314,"column":82}}]},"45":{"loc":{"start":{"line":324,"column":22},"end":{"line":324,"column":52}},"type":"binary-expr","locations":[{"start":{"line":324,"column":22},"end":{"line":324,"column":45}},{"start":{"line":324,"column":49},"end":{"line":324,"column":52}}]},"46":{"loc":{"start":{"line":325,"column":20},"end":{"line":325,"column":85}},"type":"cond-expr","locations":[{"start":{"line":325,"column":28},"end":{"line":325,"column":43}},{"start":{"line":325,"column":47},"end":{"line":325,"column":84}}]},"47":{"loc":{"start":{"line":325,"column":47},"end":{"line":325,"column":84}},"type":"cond-expr","locations":[{"start":{"line":325,"column":61},"end":{"line":325,"column":72}},{"start":{"line":325,"column":75},"end":{"line":325,"column":84}}]},"48":{"loc":{"start":{"line":326,"column":24},"end":{"line":326,"column":83}},"type":"cond-expr","locations":[{"start":{"line":326,"column":32},"end":{"line":326,"column":42}},{"start":{"line":326,"column":46},"end":{"line":326,"column":82}}]},"49":{"loc":{"start":{"line":326,"column":46},"end":{"line":326,"column":82}},"type":"cond-expr","locations":[{"start":{"line":326,"column":60},"end":{"line":326,"column":70}},{"start":{"line":326,"column":73},"end":{"line":326,"column":82}}]},"50":{"loc":{"start":{"line":332,"column":19},"end":{"line":332,"column":58}},"type":"binary-expr","locations":[{"start":{"line":332,"column":19},"end":{"line":332,"column":51}},{"start":{"line":332,"column":55},"end":{"line":332,"column":58}}]},"51":{"loc":{"start":{"line":333,"column":20},"end":{"line":333,"column":85}},"type":"cond-expr","locations":[{"start":{"line":333,"column":28},"end":{"line":333,"column":43}},{"start":{"line":333,"column":47},"end":{"line":333,"column":84}}]},"52":{"loc":{"start":{"line":333,"column":47},"end":{"line":333,"column":84}},"type":"cond-expr","locations":[{"start":{"line":333,"column":61},"end":{"line":333,"column":72}},{"start":{"line":333,"column":75},"end":{"line":333,"column":84}}]},"53":{"loc":{"start":{"line":334,"column":24},"end":{"line":334,"column":83}},"type":"cond-expr","locations":[{"start":{"line":334,"column":32},"end":{"line":334,"column":42}},{"start":{"line":334,"column":46},"end":{"line":334,"column":82}}]},"54":{"loc":{"start":{"line":334,"column":46},"end":{"line":334,"column":82}},"type":"cond-expr","locations":[{"start":{"line":334,"column":60},"end":{"line":334,"column":70}},{"start":{"line":334,"column":73},"end":{"line":334,"column":82}}]},"55":{"loc":{"start":{"line":340,"column":24},"end":{"line":340,"column":55}},"type":"binary-expr","locations":[{"start":{"line":340,"column":24},"end":{"line":340,"column":50}},{"start":{"line":340,"column":54},"end":{"line":340,"column":55}}]},"56":{"loc":{"start":{"line":341,"column":20},"end":{"line":341,"column":85}},"type":"cond-expr","locations":[{"start":{"line":341,"column":28},"end":{"line":341,"column":43}},{"start":{"line":341,"column":47},"end":{"line":341,"column":84}}]},"57":{"loc":{"start":{"line":341,"column":47},"end":{"line":341,"column":84}},"type":"cond-expr","locations":[{"start":{"line":341,"column":61},"end":{"line":341,"column":72}},{"start":{"line":341,"column":75},"end":{"line":341,"column":84}}]},"58":{"loc":{"start":{"line":342,"column":24},"end":{"line":342,"column":83}},"type":"cond-expr","locations":[{"start":{"line":342,"column":32},"end":{"line":342,"column":42}},{"start":{"line":342,"column":46},"end":{"line":342,"column":82}}]},"59":{"loc":{"start":{"line":342,"column":46},"end":{"line":342,"column":82}},"type":"cond-expr","locations":[{"start":{"line":342,"column":60},"end":{"line":342,"column":70}},{"start":{"line":342,"column":73},"end":{"line":342,"column":82}}]},"60":{"loc":{"start":{"line":348,"column":19},"end":{"line":348,"column":55}},"type":"binary-expr","locations":[{"start":{"line":348,"column":19},"end":{"line":348,"column":42}},{"start":{"line":348,"column":46},"end":{"line":348,"column":55}}]},"61":{"loc":{"start":{"line":356,"column":11},"end":{"line":357,"column":null}},"type":"binary-expr","locations":[{"start":{"line":356,"column":11},"end":{"line":356,"column":24}},{"start":{"line":357,"column":12},"end":{"line":357,"column":70}}]},"62":{"loc":{"start":{"line":362,"column":13},"end":{"line":381,"column":null}},"type":"cond-expr","locations":[{"start":{"line":363,"column":14},"end":{"line":366,"column":null}},{"start":{"line":369,"column":14},"end":{"line":380,"column":null}}]}},"s":{"0":0,"1":0,"2":0,"3":0,"4":0,"5":0,"6":0,"7":0,"8":0,"9":0,"10":0,"11":0,"12":0,"13":0,"14":0,"15":0,"16":0,"17":0,"18":0,"19":0,"20":0,"21":0,"22":0,"23":0,"24":0,"25":0,"26":0,"27":0,"28":0,"29":0,"30":0,"31":0,"32":0,"33":0,"34":0,"35":0,"36":0,"37":0,"38":0,"39":0,"40":0,"41":0,"42":0,"43":0,"44":0,"45":0,"46":0,"47":0,"48":0,"49":0,"50":0,"51":0,"52":0,"53":0,"54":0,"55":0},"f":{"0":0,"1":0,"2":0,"3":0,"4":0,"5":0,"6":0,"7":0,"8":0,"9":0,"10":0,"11":0},"b":{"0":[0],"1":[0],"2":[0,0],"3":[0,0],"4":[0],"5":[0,0,0,0],"6":[0,0,0,0],"7":[0,0],"8":[0,0],"9":[0,0],"10":[0,0],"11":[0,0],"12":[0,0],"13":[0,0],"14":[0],"15":[0,0],"16":[0],"17":[0,0],"18":[0],"19":[0,0],"20":[0,0],"21":[0,0],"22":[0,0],"23":[0,0],"24":[0,0],"25":[0,0],"26":[0,0],"27":[0,0],"28":[0,0],"29":[0,0],"30":[0,0],"31":[0,0],"32":[0,0],"33":[0,0],"34":[0,0],"35":[0,0],"36":[0,0],"37":[0,0],"38":[0,0],"39":[0,0],"40":[0,0],"41":[0,0],"42":[0,0],"43":[0,0],"44":[0,0],"45":[0,0],"46":[0,0],"47":[0,0],"48":[0,0],"49":[0,0],"50":[0,0],"51":[0,0],"52":[0,0],"53":[0,0],"54":[0,0],"55":[0,0],"56":[0,0],"57":[0,0],"58":[0,0],"59":[0,0],"60":[0,0],"61":[0,0],"62":[0,0]}}
,"/Users/anusornchaikaew/Work/Phd/ProvChainOrg/frontend/src/components/explorer/BlockDetails.tsx": {"path":"/Users/anusornchaikaew/Work/Phd/ProvChainOrg/frontend/src/components/explorer/BlockDetails.tsx","statementMap":{"0":{"start":{"line":1,"column":0},"end":{"line":1,"column":51}},"1":{"start":{"line":2,"column":0},"end":{"line":2,"column":null}},"2":{"start":{"line":12,"column":0},"end":{"line":12,"column":34}},"3":{"start":{"line":13,"column":0},"end":{"line":13,"column":30}},"4":{"start":{"line":14,"column":0},"end":{"line":14,"column":32}},"5":{"start":{"line":15,"column":0},"end":{"line":15,"column":50}},"6":{"start":{"line":16,"column":0},"end":{"line":16,"column":54}},"7":{"start":{"line":17,"column":0},"end":{"line":17,"column":67}},"8":{"start":{"line":31,"column":64},"end":{"line":95,"column":1}},"9":{"start":{"line":32,"column":26},"end":{"line":34,"column":3}},"10":{"start":{"line":33,"column":4},"end":{"line":33,"column":48}},"11":{"start":{"line":36,"column":25},"end":{"line":43,"column":3}},"12":{"start":{"line":37,"column":4},"end":{"line":42,"column":5}},"13":{"start":{"line":38,"column":24},"end":{"line":38,"column":68}},"14":{"start":{"line":39,"column":22},"end":{"line":39,"column":68}},"15":{"start":{"line":40,"column":21},"end":{"line":40,"column":61}},"16":{"start":{"line":41,"column":15},"end":{"line":41,"column":57}},"17":{"start":{"line":45,"column":24},"end":{"line":52,"column":3}},"18":{"start":{"line":46,"column":4},"end":{"line":51,"column":5}},"19":{"start":{"line":47,"column":24},"end":{"line":47,"column":67}},"20":{"start":{"line":48,"column":22},"end":{"line":48,"column":59}},"21":{"start":{"line":49,"column":21},"end":{"line":49,"column":64}},"22":{"start":{"line":50,"column":15},"end":{"line":50,"column":55}},"23":{"start":{"line":54,"column":2},"end":{"line":94,"column":4}},"24":{"start":{"line":55,"column":90},"end":{"line":55,"column":110}},"25":{"start":{"line":97,"column":50},"end":{"line":443,"column":1}},"26":{"start":{"line":98,"column":25},"end":{"line":98,"column":40}},"27":{"start":{"line":99,"column":44},"end":{"line":99,"column":73}},"28":{"start":{"line":100,"column":42},"end":{"line":100,"column":69}},"29":{"start":{"line":101,"column":38},"end":{"line":101,"column":71}},"30":{"start":{"line":102,"column":50},"end":{"line":102,"column":89}},"31":{"start":{"line":103,"column":32},"end":{"line":103,"column":47}},"32":{"start":{"line":104,"column":28},"end":{"line":104,"column":57}},"33":{"start":{"line":106,"column":2},"end":{"line":162,"column":32}},"34":{"start":{"line":107,"column":30},"end":{"line":159,"column":5}},"35":{"start":{"line":108,"column":6},"end":{"line":158,"column":7}},"36":{"start":{"line":109,"column":8},"end":{"line":109,"column":25}},"37":{"start":{"line":110,"column":8},"end":{"line":110,"column":23}},"38":{"start":{"line":113,"column":26},"end":{"line":113,"column":55}},"39":{"start":{"line":114,"column":8},"end":{"line":116,"column":9}},"40":{"start":{"line":115,"column":10},"end":{"line":115,"column":38}},"41":{"start":{"line":119,"column":8},"end":{"line":126,"column":9}},"42":{"start":{"line":120,"column":29},"end":{"line":120,"column":61}},"43":{"start":{"line":121,"column":23},"end":{"line":121,"column":124}},"44":{"start":{"line":121,"column":93},"end":{"line":121,"column":123}},"45":{"start":{"line":122,"column":10},"end":{"line":122,"column":31}},"46":{"start":{"line":124,"column":10},"end":{"line":124,"column":87}},"47":{"start":{"line":125,"column":10},"end":{"line":125,"column":30}},"48":{"start":{"line":129,"column":8},"end":{"line":135,"column":9}},"49":{"start":{"line":130,"column":30},"end":{"line":130,"column":81}},"50":{"start":{"line":131,"column":10},"end":{"line":131,"column":56}},"51":{"start":{"line":133,"column":10},"end":{"line":133,"column":57}},"52":{"start":{"line":134,"column":10},"end":{"line":134,"column":30}},"53":{"start":{"line":138,"column":8},"end":{"line":150,"column":9}},"54":{"start":{"line":139,"column":31},"end":{"line":139,"column":61}},"55":{"start":{"line":140,"column":26},"end":{"line":140,"column":55}},"56":{"start":{"line":141,"column":10},"end":{"line":146,"column":13}},"57":{"start":{"line":148,"column":10},"end":{"line":148,"column":63}},"58":{"start":{"line":149,"column":10},"end":{"line":149,"column":36}},"59":{"start":{"line":153,"column":29},"end":{"line":153,"column":97}},"60":{"start":{"line":154,"column":8},"end":{"line":154,"column":31}},"61":{"start":{"line":155,"column":8},"end":{"line":155,"column":60}},"62":{"start":{"line":157,"column":8},"end":{"line":157,"column":26}},"63":{"start":{"line":161,"column":4},"end":{"line":161,"column":24}},"64":{"start":{"line":164,"column":26},"end":{"line":167,"column":3}},"65":{"start":{"line":165,"column":4},"end":{"line":165,"column":40}},"66":{"start":{"line":169,"column":26},"end":{"line":171,"column":3}},"67":{"start":{"line":170,"column":4},"end":{"line":170,"column":48}},"68":{"start":{"line":173,"column":21},"end":{"line":175,"column":3}},"69":{"start":{"line":174,"column":4},"end":{"line":174,"column":55}},"70":{"start":{"line":177,"column":2},"end":{"line":184,"column":3}},"71":{"start":{"line":178,"column":4},"end":{"line":183,"column":6}},"72":{"start":{"line":186,"column":2},"end":{"line":199,"column":3}},"73":{"start":{"line":187,"column":4},"end":{"line":198,"column":6}},"74":{"start":{"line":201,"column":2},"end":{"line":216,"column":3}},"75":{"start":{"line":202,"column":4},"end":{"line":215,"column":6}},"76":{"start":{"line":218,"column":2},"end":{"line":442,"column":4}},"77":{"start":{"line":267,"column":33},"end":{"line":267,"column":68}},"78":{"start":{"line":283,"column":33},"end":{"line":283,"column":77}},"79":{"start":{"line":362,"column":20},"end":{"line":362,"column":38}},"80":{"start":{"line":425,"column":14},"end":{"line":426,"column":null}},"81":{"start":{"line":428,"column":33},"end":{"line":428,"column":58}},"82":{"start":{"line":445,"column":0},"end":{"line":445,"column":28}}},"fnMap":{"0":{"name":"(anonymous_1)","decl":{"start":{"line":31,"column":64},"end":{"line":31,"column":65}},"loc":{"start":{"line":31,"column":93},"end":{"line":95,"column":1}}},"1":{"name":"(anonymous_2)","decl":{"start":{"line":32,"column":26},"end":{"line":32,"column":27}},"loc":{"start":{"line":32,"column":48},"end":{"line":34,"column":3}}},"2":{"name":"(anonymous_3)","decl":{"start":{"line":36,"column":25},"end":{"line":36,"column":26}},"loc":{"start":{"line":36,"column":44},"end":{"line":43,"column":3}}},"3":{"name":"(anonymous_4)","decl":{"start":{"line":45,"column":24},"end":{"line":45,"column":25}},"loc":{"start":{"line":45,"column":43},"end":{"line":52,"column":3}}},"4":{"name":"(anonymous_5)","decl":{"start":{"line":55,"column":84},"end":{"line":55,"column":87}},"loc":{"start":{"line":55,"column":90},"end":{"line":55,"column":110}}},"5":{"name":"(anonymous_6)","decl":{"start":{"line":97,"column":50},"end":{"line":97,"column":51}},"loc":{"start":{"line":97,"column":93},"end":{"line":443,"column":1}}},"6":{"name":"(anonymous_7)","decl":{"start":{"line":106,"column":12},"end":{"line":106,"column":15}},"loc":{"start":{"line":106,"column":17},"end":{"line":162,"column":3}}},"7":{"name":"(anonymous_8)","decl":{"start":{"line":107,"column":30},"end":{"line":107,"column":35}},"loc":{"start":{"line":107,"column":41},"end":{"line":159,"column":5}}},"8":{"name":"(anonymous_9)","decl":{"start":{"line":121,"column":85},"end":{"line":121,"column":86}},"loc":{"start":{"line":121,"column":93},"end":{"line":121,"column":123}}},"9":{"name":"(anonymous_10)","decl":{"start":{"line":164,"column":26},"end":{"line":164,"column":27}},"loc":{"start":{"line":164,"column":43},"end":{"line":167,"column":3}}},"10":{"name":"(anonymous_11)","decl":{"start":{"line":169,"column":26},"end":{"line":169,"column":27}},"loc":{"start":{"line":169,"column":48},"end":{"line":171,"column":3}}},"11":{"name":"(anonymous_12)","decl":{"start":{"line":173,"column":21},"end":{"line":173,"column":22}},"loc":{"start":{"line":173,"column":38},"end":{"line":175,"column":3}}},"12":{"name":"(anonymous_13)","decl":{"start":{"line":267,"column":27},"end":{"line":267,"column":30}},"loc":{"start":{"line":267,"column":33},"end":{"line":267,"column":68}}},"13":{"name":"(anonymous_14)","decl":{"start":{"line":283,"column":27},"end":{"line":283,"column":30}},"loc":{"start":{"line":283,"column":33},"end":{"line":283,"column":77}}},"14":{"name":"(anonymous_15)","decl":{"start":{"line":361,"column":45},"end":{"line":361,"column":46}},"loc":{"start":{"line":362,"column":20},"end":{"line":362,"column":38}}},"15":{"name":"(anonymous_16)","decl":{"start":{"line":424,"column":43},"end":{"line":424,"column":44}},"loc":{"start":{"line":425,"column":14},"end":{"line":426,"column":null}}},"16":{"name":"(anonymous_17)","decl":{"start":{"line":428,"column":25},"end":{"line":428,"column":26}},"loc":{"start":{"line":428,"column":33},"end":{"line":428,"column":58}}}},"branchMap":{"0":{"loc":{"start":{"line":37,"column":4},"end":{"line":42,"column":5}},"type":"switch","locations":[{"start":{"line":38,"column":6},"end":{"line":38,"column":68}},{"start":{"line":39,"column":6},"end":{"line":39,"column":68}},{"start":{"line":40,"column":6},"end":{"line":40,"column":61}},{"start":{"line":41,"column":6},"end":{"line":41,"column":57}}]},"1":{"loc":{"start":{"line":46,"column":4},"end":{"line":51,"column":5}},"type":"switch","locations":[{"start":{"line":47,"column":6},"end":{"line":47,"column":67}},{"start":{"line":48,"column":6},"end":{"line":48,"column":59}},{"start":{"line":49,"column":6},"end":{"line":49,"column":64}},{"start":{"line":50,"column":6},"end":{"line":50,"column":55}}]},"2":{"loc":{"start":{"line":81,"column":13},"end":{"line":84,"column":null}},"type":"binary-expr","locations":[{"start":{"line":81,"column":13},"end":{"line":81,"column":27}},{"start":{"line":82,"column":14},"end":{"line":83,"column":null}}]},"3":{"loc":{"start":{"line":114,"column":8},"end":{"line":116,"column":9}},"type":"if","locations":[{"start":{"line":114,"column":8},"end":{"line":116,"column":9}}]},"4":{"loc":{"start":{"line":121,"column":24},"end":{"line":121,"column":58}},"type":"binary-expr","locations":[{"start":{"line":121,"column":24},"end":{"line":121,"column":52}},{"start":{"line":121,"column":56},"end":{"line":121,"column":58}}]},"5":{"loc":{"start":{"line":153,"column":29},"end":{"line":153,"column":97}},"type":"cond-expr","locations":[{"start":{"line":153,"column":52},"end":{"line":153,"column":63}},{"start":{"line":153,"column":66},"end":{"line":153,"column":97}}]},"6":{"loc":{"start":{"line":177,"column":2},"end":{"line":184,"column":3}},"type":"if","locations":[{"start":{"line":177,"column":2},"end":{"line":184,"column":3}}]},"7":{"loc":{"start":{"line":186,"column":2},"end":{"line":199,"column":3}},"type":"if","locations":[{"start":{"line":186,"column":2},"end":{"line":199,"column":3}}]},"8":{"loc":{"start":{"line":201,"column":2},"end":{"line":216,"column":3}},"type":"if","locations":[{"start":{"line":201,"column":2},"end":{"line":216,"column":3}}]},"9":{"loc":{"start":{"line":237,"column":11},"end":{"line":246,"column":null}},"type":"cond-expr","locations":[{"start":{"line":238,"column":12},"end":{"line":239,"column":null}},{"start":{"line":243,"column":12},"end":{"line":244,"column":null}}]},"10":{"loc":{"start":{"line":311,"column":13},"end":{"line":317,"column":null}},"type":"binary-expr","locations":[{"start":{"line":311,"column":13},"end":{"line":311,"column":36}},{"start":{"line":312,"column":14},"end":{"line":316,"column":null}}]},"11":{"loc":{"start":{"line":323,"column":9},"end":{"line":369,"column":null}},"type":"binary-expr","locations":[{"start":{"line":323,"column":9},"end":{"line":323,"column":19}},{"start":{"line":324,"column":10},"end":{"line":368,"column":null}}]},"12":{"loc":{"start":{"line":374,"column":7},"end":{"line":402,"column":null}},"type":"binary-expr","locations":[{"start":{"line":374,"column":7},"end":{"line":374,"column":23}},{"start":{"line":375,"column":8},"end":{"line":401,"column":null}}]},"13":{"loc":{"start":{"line":381,"column":61},"end":{"line":381,"column":160}},"type":"cond-expr","locations":[{"start":{"line":381,"column":89},"end":{"line":381,"column":125}},{"start":{"line":381,"column":128},"end":{"line":381,"column":160}}]},"14":{"loc":{"start":{"line":382,"column":17},"end":{"line":385,"column":null}},"type":"cond-expr","locations":[{"start":{"line":383,"column":18},"end":{"line":383,"column":53}},{"start":{"line":385,"column":18},"end":{"line":385,"column":53}}]},"15":{"loc":{"start":{"line":388,"column":19},"end":{"line":388,"column":66}},"type":"cond-expr","locations":[{"start":{"line":388,"column":47},"end":{"line":388,"column":54}},{"start":{"line":388,"column":57},"end":{"line":388,"column":66}}]},"16":{"loc":{"start":{"line":396,"column":13},"end":{"line":399,"column":null}},"type":"binary-expr","locations":[{"start":{"line":396,"column":13},"end":{"line":396,"column":49}},{"start":{"line":397,"column":14},"end":{"line":398,"column":null}}]},"17":{"loc":{"start":{"line":417,"column":9},"end":{"line":438,"column":null}},"type":"cond-expr","locations":[{"start":{"line":418,"column":10},"end":{"line":420,"column":null}},{"start":{"line":423,"column":10},"end":{"line":437,"column":null}}]},"18":{"loc":{"start":{"line":431,"column":13},"end":{"line":436,"column":null}},"type":"binary-expr","locations":[{"start":{"line":431,"column":13},"end":{"line":431,"column":37}},{"start":{"line":432,"column":14},"end":{"line":435,"column":null}}]}},"s":{"0":0,"1":0,"2":0,"3":0,"4":0,"5":0,"6":0,"7":0,"8":0,"9":0,"10":0,"11":0,"12":0,"13":0,"14":0,"15":0,"16":0,"17":0,"18":0,"19":0,"20":0,"21":0,"22":0,"23":0,"24":0,"25":0,"26":0,"27":0,"28":0,"29":0,"30":0,"31":0,"32":0,"33":0,"34":0,"35":0,"36":0,"37":0,"38":0,"39":0,"40":0,"41":0,"42":0,"43":0,"44":0,"45":0,"46":0,"47":0,"48":0,"49":0,"50":0,"51":0,"52":0,"53":0,"54":0,"55":0,"56":0,"57":0,"58":0,"59":0,"60":0,"61":0,"62":0,"63":0,"64":0,"65":0,"66":0,"67":0,"68":0,"69":0,"70":0,"71":0,"72":0,"73":0,"74":0,"75":0,"76":0,"77":0,"78":0,"79":0,"80":0,"81":0,"82":0},"f":{"0":0,"1":0,"2":0,"3":0,"4":0,"5":0,"6":0,"7":0,"8":0,"9":0,"10":0,"11":0,"12":0,"13":0,"14":0,"15":0,"16":0},"b":{"0":[0,0,0,0],"1":[0,0,0,0],"2":[0,0],"3":[0],"4":[0,0],"5":[0,0],"6":[0],"7":[0],"8":[0],"9":[0,0],"10":[0,0],"11":[0,0],"12":[0,0],"13":[0,0],"14":[0,0],"15":[0,0],"16":[0,0],"17":[0,0],"18":[0,0]}}
,"/Users/anusornchaikaew/Work/Phd/ProvChainOrg/frontend/src/components/explorer/BlockExplorer.tsx": {"path":"/Users/anusornchaikaew/Work/Phd/ProvChainOrg/frontend/src/components/explorer/BlockExplorer.tsx","statementMap":{"0":{"start":{"line":1,"column":0},"end":{"line":1,"column":51}},"1":{"start":{"line":2,"column":0},"end":{"line":2,"column":null}},"2":{"start":{"line":13,"column":0},"end":{"line":13,"column":34}},"3":{"start":{"line":14,"column":0},"end":{"line":14,"column":32}},"4":{"start":{"line":15,"column":0},"end":{"line":15,"column":30}},"5":{"start":{"line":16,"column":0},"end":{"line":16,"column":32}},"6":{"start":{"line":17,"column":0},"end":{"line":17,"column":50}},"7":{"start":{"line":18,"column":0},"end":{"line":18,"column":54}},"8":{"start":{"line":26,"column":52},"end":{"line":71,"column":1}},"9":{"start":{"line":27,"column":26},"end":{"line":29,"column":3}},"10":{"start":{"line":28,"column":4},"end":{"line":28,"column":48}},"11":{"start":{"line":31,"column":21},"end":{"line":33,"column":3}},"12":{"start":{"line":32,"column":4},"end":{"line":32,"column":53}},"13":{"start":{"line":35,"column":2},"end":{"line":70,"column":4}},"14":{"start":{"line":36,"column":90},"end":{"line":36,"column":104}},"15":{"start":{"line":79,"column":44},"end":{"line":145,"column":1}},"16":{"start":{"line":80,"column":28},"end":{"line":80,"column":40}},"17":{"start":{"line":81,"column":40},"end":{"line":81,"column":55}},"18":{"start":{"line":83,"column":23},"end":{"line":86,"column":3}},"19":{"start":{"line":84,"column":4},"end":{"line":84,"column":23}},"20":{"start":{"line":85,"column":4},"end":{"line":85,"column":20}},"21":{"start":{"line":88,"column":2},"end":{"line":144,"column":4}},"22":{"start":{"line":97,"column":29},"end":{"line":97,"column":53}},"23":{"start":{"line":107,"column":25},"end":{"line":107,"column":53}},"24":{"start":{"line":136,"column":63},"end":{"line":136,"column":84}},"25":{"start":{"line":151,"column":52},"end":{"line":381,"column":1}},"26":{"start":{"line":158,"column":6},"end":{"line":158,"column":21}},"27":{"start":{"line":160,"column":46},"end":{"line":160,"column":67}},"28":{"start":{"line":161,"column":40},"end":{"line":161,"column":52}},"29":{"start":{"line":162,"column":40},"end":{"line":162,"column":51}},"30":{"start":{"line":163,"column":25},"end":{"line":163,"column":37}},"31":{"start":{"line":166,"column":2},"end":{"line":168,"column":15}},"32":{"start":{"line":167,"column":4},"end":{"line":167,"column":30}},"33":{"start":{"line":171,"column":23},"end":{"line":190,"column":3}},"34":{"start":{"line":172,"column":4},"end":{"line":172,"column":26}},"35":{"start":{"line":173,"column":4},"end":{"line":173,"column":22}},"36":{"start":{"line":175,"column":4},"end":{"line":178,"column":5}},"37":{"start":{"line":176,"column":6},"end":{"line":176,"column":32}},"38":{"start":{"line":177,"column":6},"end":{"line":177,"column":13}},"39":{"start":{"line":180,"column":21},"end":{"line":187,"column":6}},"40":{"start":{"line":181,"column":25},"end":{"line":181,"column":44}},"41":{"start":{"line":182,"column":6},"end":{"line":186,"column":8}},"42":{"start":{"line":189,"column":4},"end":{"line":189,"column":32}},"43":{"start":{"line":193,"column":29},"end":{"line":196,"column":3}},"44":{"start":{"line":195,"column":4},"end":{"line":195,"column":45}},"45":{"start":{"line":199,"column":27},"end":{"line":203,"column":3}},"46":{"start":{"line":200,"column":4},"end":{"line":202,"column":5}},"47":{"start":{"line":201,"column":6},"end":{"line":201,"column":27}},"48":{"start":{"line":206,"column":21},"end":{"line":206,"column":68}},"49":{"start":{"line":207,"column":21},"end":{"line":207,"column":53}},"50":{"start":{"line":208,"column":19},"end":{"line":208,"column":44}},"51":{"start":{"line":209,"column":24},"end":{"line":209,"column":66}},"52":{"start":{"line":211,"column":27},"end":{"line":213,"column":3}},"53":{"start":{"line":212,"column":4},"end":{"line":212,"column":25}},"54":{"start":{"line":215,"column":2},"end":{"line":222,"column":3}},"55":{"start":{"line":216,"column":4},"end":{"line":221,"column":6}},"56":{"start":{"line":224,"column":2},"end":{"line":380,"column":4}},"57":{"start":{"line":285,"column":47},"end":{"line":285,"column":76}},"58":{"start":{"line":330,"column":12},"end":{"line":331,"column":null}},"59":{"start":{"line":350,"column":29},"end":{"line":350,"column":62}},"60":{"start":{"line":356,"column":27},"end":{"line":356,"column":32}},"61":{"start":{"line":357,"column":14},"end":{"line":366,"column":16}},"62":{"start":{"line":362,"column":33},"end":{"line":362,"column":55}},"63":{"start":{"line":371,"column":29},"end":{"line":371,"column":62}},"64":{"start":{"line":383,"column":0},"end":{"line":383,"column":29}}},"fnMap":{"0":{"name":"(anonymous_1)","decl":{"start":{"line":26,"column":52},"end":{"line":26,"column":53}},"loc":{"start":{"line":26,"column":75},"end":{"line":71,"column":1}}},"1":{"name":"(anonymous_2)","decl":{"start":{"line":27,"column":26},"end":{"line":27,"column":27}},"loc":{"start":{"line":27,"column":48},"end":{"line":29,"column":3}}},"2":{"name":"(anonymous_3)","decl":{"start":{"line":31,"column":21},"end":{"line":31,"column":22}},"loc":{"start":{"line":31,"column":38},"end":{"line":33,"column":3}}},"3":{"name":"(anonymous_4)","decl":{"start":{"line":36,"column":84},"end":{"line":36,"column":87}},"loc":{"start":{"line":36,"column":90},"end":{"line":36,"column":104}}},"4":{"name":"(anonymous_5)","decl":{"start":{"line":79,"column":44},"end":{"line":79,"column":45}},"loc":{"start":{"line":79,"column":78},"end":{"line":145,"column":1}}},"5":{"name":"(anonymous_6)","decl":{"start":{"line":83,"column":23},"end":{"line":83,"column":24}},"loc":{"start":{"line":83,"column":63},"end":{"line":86,"column":3}}},"6":{"name":"(anonymous_7)","decl":{"start":{"line":97,"column":22},"end":{"line":97,"column":23}},"loc":{"start":{"line":97,"column":29},"end":{"line":97,"column":53}}},"7":{"name":"(anonymous_8)","decl":{"start":{"line":107,"column":19},"end":{"line":107,"column":22}},"loc":{"start":{"line":107,"column":25},"end":{"line":107,"column":53}}},"8":{"name":"(anonymous_9)","decl":{"start":{"line":136,"column":57},"end":{"line":136,"column":60}},"loc":{"start":{"line":136,"column":63},"end":{"line":136,"column":84}}},"9":{"name":"(anonymous_10)","decl":{"start":{"line":151,"column":52},"end":{"line":151,"column":53}},"loc":{"start":{"line":151,"column":74},"end":{"line":381,"column":1}}},"10":{"name":"(anonymous_11)","decl":{"start":{"line":166,"column":12},"end":{"line":166,"column":15}},"loc":{"start":{"line":166,"column":17},"end":{"line":168,"column":3}}},"11":{"name":"(anonymous_12)","decl":{"start":{"line":171,"column":23},"end":{"line":171,"column":24}},"loc":{"start":{"line":171,"column":41},"end":{"line":190,"column":3}}},"12":{"name":"(anonym
[...]
,"/Users/anusornchaikaew/Work/Phd/ProvChainOrg/frontend/src/services/websocket.ts": {"path":"/Users/anusornchaikaew/Work/Phd/ProvChainOrg/frontend/src/services/websocket.ts","statementMap":{"0":{"start":{"line":8,"column":37},"end":{"line":8,"column":41}},"1":{"start":{"line":9,"column":30},"end":{"line":9,"column":31}},"2":{"start":{"line":10,"column":33},"end":{"line":10,"column":34}},"3":{"start":{"line":11,"column":27},"end":{"line":11,"column":31}},"4":{"start":{"line":12,"column":64},"end":{"line":12,"column":73}},"5":{"start":{"line":13,"column":29},"end":{"line":13,"column":34}},"6":{"start":{"line":14,"column":51},"end":{"line":14,"column":55}},"7":{"start":{"line":18,"column":4},"end":{"line":18,"column":28}},"8":{"start":{"line":23,"column":4},"end":{"line":23,"column":33}},"9":{"start":{"line":24,"column":4},"end":{"line":24,"column":96}},"10":{"start":{"line":27,"column":4},"end":{"line":27,"column":24}},"11":{"start":{"line":32,"column":4},"end":{"line":41,"column":13}},"12":{"start":{"line":34,"column":6},"end":{"line":40,"column":9}},"13":{"start":{"line":46,"column":4},"end":{"line":46,"column":77}},"14":{"start":{"line":48,"column":4},"end":{"line":85,"column":5}},"15":{"start":{"line":49,"column":17},"end":{"line":49,"column":56}},"16":{"start":{"line":51,"column":6},"end":{"line":55,"column":8}},"17":{"start":{"line":52,"column":8},"end":{"line":52,"column":43}},"18":{"start":{"line":53,"column":8},"end":{"line":53,"column":37}},"19":{"start":{"line":54,"column":8},"end":{"line":54,"column":35}},"20":{"start":{"line":57,"column":6},"end":{"line":65,"column":8}},"21":{"start":{"line":58,"column":8},"end":{"line":64,"column":9}},"22":{"start":{"line":59,"column":26},"end":{"line":59,"column":48}},"23":{"start":{"line":60,"column":10},"end":{"line":60,"column":62}},"24":{"start":{"line":61,"column":10},"end":{"line":61,"column":44}},"25":{"start":{"line":63,"column":10},"end":{"line":63,"column":67}},"26":{"start":{"line":67,"column":6},"end":{"line":71,"column":8}},"27":{"start":{"line":68,"column":8},"end":{"line":68,"column":46}},"28":{"start":{"line":69,"column":8},"end":{"line":69,"column":38}},"29":{"start":{"line":70,"column":8},"end":{"line":70,"column":34}},"30":{"start":{"line":73,"column":6},"end":{"line":77,"column":8}},"31":{"start":{"line":74,"column":8},"end":{"line":74,"column":49}},"32":{"start":{"line":75,"column":8},"end":{"line":75,"column":38}},"33":{"start":{"line":76,"column":8},"end":{"line":76,"column":34}},"34":{"start":{"line":80,"column":6},"end":{"line":80,"column":23}},"35":{"start":{"line":83,"column":6},"end":{"line":83,"column":73}},"36":{"start":{"line":84,"column":6},"end":{"line":84,"column":32}},"37":{"start":{"line":90,"column":4},"end":{"line":116,"column":5}},"38":{"start":{"line":91,"column":6},"end":{"line":91,"column":80}},"39":{"start":{"line":92,"column":11},"end":{"line":116,"column":5}},"40":{"start":{"line":94,"column":6},"end":{"line":112,"column":7}},"41":{"start":{"line":96,"column":10},"end":{"line":96,"column":87}},"42":{"start":{"line":97,"column":10},"end":{"line":97,"column":16}},"43":{"start":{"line":99,"column":10},"end":{"line":99,"column":93}},"44":{"start":{"line":100,"column":10},"end":{"line":100,"column":16}},"45":{"start":{"line":102,"column":10},"end":{"line":102,"column":89}},"46":{"start":{"line":103,"column":10},"end":{"line":103,"column":16}},"47":{"start":{"line":105,"column":10},"end":{"line":105,"column":92}},"48":{"start":{"line":106,"column":10},"end":{"line":106,"column":16}},"49":{"start":{"line":108,"column":10},"end":{"line":108,"column":94}},"50":{"start":{"line":109,"column":10},"end":{"line":109,"column":16}},"51":{"start":{"line":111,"column":10},"end":{"line":111,"column":61}},"52":{"start":{"line":115,"column":6},"end":{"line":115,"column":62}},"53":{"start":{"line":120,"column":4},"end":{"line":123,"column":29}},"54":{"start":{"line":127,"column":4},"end":{"line":130,"column":67}},"55":{"start":{"line":137,"column":22},"end":{"line":137,"column":53}},"56":{"start":{"line":138,"column":4},"end":{"line":146,"column":5}},"57":{"start":{"line":139,"column":6},"end":{"line":145,"column":9}},"58":{"start":{"line":140,"column":8},"end":{"line":144,"column":9}},"59":{"start":{"line":141,"column":10},"end":{"line":141,"column":25}},"60":{"start":{"line":143,"column":10},"end":{"line":143,"column":82}},"61":{"start":{"line":150,"column":4},"end":{"line":160,"column":5}},"62":{"start":{"line":151,"column":6},"end":{"line":151,"column":31}},"63":{"start":{"line":152,"column":6},"end":{"line":152,"column":105}},"64":{"start":{"line":154,"column":6},"end":{"line":156,"column":55}},"65":{"start":{"line":155,"column":8},"end":{"line":155,"column":32}},"66":{"start":{"line":158,"column":6},"end":{"line":158,"column":85}},"67":{"start":{"line":159,"column":6},"end":{"line":159,"column":32}},"68":{"start":{"line":165,"column":4},"end":{"line":167,"column":5}},"69":{"start":{"line":166,"column":6},"end":{"line":166,"column":49}},"70":{"start":{"line":169,"column":22},"end":{"line":169,"column":54}},"71":{"start":{"line":170,"column":4},"end":{"line":170,"column":28}},"72":{"start":{"line":173,"column":4},"end":{"line":178,"column":6}},"73":{"start":{"line":174,"column":6},"end":{"line":174,"column":33}},"74":{"start":{"line":175,"column":6},"end":{"line":177,"column":7}},"75":{"start":{"line":176,"column":8},"end":{"line":176,"column":43}},"76":{"start":{"line":182,"column":22},"end":{"line":182,"column":53}},"77":{"start":{"line":183,"column":4},"end":{"line":188,"column":5}},"78":{"start":{"line":184,"column":6},"end":{"line":184,"column":33}},"79":{"start":{"line":185,"column":6},"end":{"line":187,"column":7}},"80":{"start":{"line":186,"column":8},"end":{"line":186,"column":43}},"81":{"start":{"line":192,"column":4},"end":{"line":200,"column":5}},"82":{"start":{"line":193,"column":22},"end":{"line":196,"column":8}},"83":{"start":{"line":197,"column":6},"end":{"line":197,"column":48}},"84":{"start":{"line":199,"column":6},"end":{"line":199,"column":73}},"85":{"start":{"line":204,"column":4},"end":{"line":204,"column":90}},"86":{"start":{"line":208,"column":4},"end":{"line":211,"column":5}},"87":{"start":{"line":209,"column":6},"end":{"line":209,"column":26}},"88":{"start":{"line":210,"column":6},"end":{"line":210,"column":25}},"89":{"start":{"line":212,"column":4},"end":{"line":215,"column":5}},"90":{"start":{"line":213,"column":6},"end":{"line":213,"column":42}},"91":{"start":{"line":214,"column":6},"end":{"line":214,"column":34}},"92":{"start":{"line":216,"column":4},"end":{"line":216,"column":27}},"93":{"start":{"line":217,"column":4},"end":{"line":217,"column":34}},"94":{"start":{"line":222,"column":4},"end":{"line":222,"column":22}},"95":{"start":{"line":223,"column":4},"end":{"line":223,"column":31}},"96":{"start":{"line":224,"column":4},"end":{"line":224,"column":28}},"97":{"start":{"line":229,"column":4},"end":{"line":229,"column":69}},"98":{"start":{"line":233,"column":4},"end":{"line":233,"column":75}},"99":{"start":{"line":237,"column":4},"end":{"line":237,"column":71}},"100":{"start":{"line":241,"column":4},"end":{"line":241,"column":74}},"101":{"start":{"line":245,"column":4},"end":{"line":245,"column":76}},"102":{"start":{"line":253,"column":9},"end":{"line":253,"column":25}},"103":{"start":{"line":250,"column":25},"end":{"line":250,"column":47}},"104":{"start":{"line":252,"column":0},"end":{"line":252,"column":32}}},"fnMap":{"0":{"name":"(anonymous_0)","decl":{"start":{"line":16,"column":2},"end":{"line":16,"column":null}},"loc":{"start":{"line":16,"column":2},"end":{"line":19,"column":3}}},"1":{"name":"(anonymous_1)","decl":{"start":{"line":21,"column":10},"end":{"line":21,"column":28}},"loc":{"start":{"line":21,"column":28},"end":{"line":28,"column":3}}},"2":{"name":"(anonymous_2)","decl":{"start":{"line":30,"column":10},"end":{"line":30,"column":22}},"loc":{"start":{"line":30,"column":22},"end":{"line":42,"column":3}}},"3":{"name":"(anonymous_3)","decl":{"start":{"line":32,"column":39},"end":{"line":32,"column":42}},"loc":{"start":{"line":32,"column":44},"end":{"line":41,"column":5}}},"4":{"name":"(anonymous_4)","decl":{"start":{"line":44,"column":10},"end":{"line":44,"column":26}},"loc":{"start":{"line":44,"column":26},"end":{"line":86,"column":3}}},"5":{"name":"(anonymous_5)","decl":{"start":{"line":51,"column":18},"end":{"line":51,"column":21}},"loc":{"start":{"line":51,"column":23},"end":{"line":55,"column":7}}},"6":{"name":"(anonymous_6)","decl":{"start":{"line":57,"column":21},"end":{"line":57,"column":22}},"loc":{"start":{"line":57,"column":31},"end":{"line":65,"column":7}}},"7":{"name":"(anonymous_7)","decl":{"start":{"line":67,"column":19},"end":{"line":67,"column":22}},"loc":{"start":{"line":67,"column":24},"end":{"line":71,"column":7}}},"8":{"name":"(anonymous_8)","decl":{"start":{"line":73,"column":19},"end":{"line":73,"column":20}},"loc":{"start":{"line":73,"column":29},"end":{"line":77,"column":7}}},"9":{"name":"(anonymous_9)","decl":{"start":{"line":88,"column":10},"end":{"line":88,"column":29}},"loc":{"start":{"line":88,"column":46},"end":{"line":117,"column":3}}},"10":{"name":"(anonymous_10)","decl":{"start":{"line":119,"column":10},"end":{"line":119,"column":28}},"loc":{"start":{"line":119,"column":45},"end":{"line":124,"column":3}}},"11":{"name":"(anonymous_11)","decl":{"start":{"line":126,"column":10},"end":{"line":126,"column":23}},"loc":{"start":{"line":126,"column":40},"end":{"line":131,"column":3}}},"12":{"name":"(anonymous_12)","decl":{"start":{"line":136,"column":10},"end":{"line":136,"column":25}},"loc":{"start":{"line":136,"column":71},"end":{"line":147,"column":3}}},"13":{"name":"(anonymous_13)","decl":{"start":{"line":139,"column":24},"end":{"line":139,"column":32}},"loc":{"start":{"line":139,"column":35},"end":{"line":145,"column":7}}},"14":{"name":"(anonymous_14)","decl":{"start":{"line":149,"column":10},"end":{"line":149,"column":28}},"loc":{"start":{"line":149,"column":28},"end":{"line":161,"column":3}}},"15":{"name":"(anonymous_15)","decl":{"start":{"line":154,"column":17},"end":{"line":154,"column":20}},"loc":{"start":{"line":154,"column":22},"end":{"line":156,"column":7}}},"16":{"name":"(anonymous_16)","decl":{"start":{"line":164,"column":9},"end":{"line":164,"column":18}},"loc":{"start":{"line":164,"column":72},"end":{"line":179,"column":3}}},"17":{"name":"(anonymous_17)","decl":{"start":{"line":173,"column":11},"end":{"line":173,"column":14}},"loc":{"start":{"line":173,"column":16},"end":{"line":178,"column":5}}},"18":{"name":"(anonymous_18)","decl":{"start":{"line":181,"column":9},"end":{"line":181,"column":20}},"loc":{"start":{"line":181,"column":74},"end":{"line":189,"column":3}}},"19":{"name":"(anonymous_19)","decl":{"start":{"line":191,"column":9},"end":{"line":191,"column":13}},"loc":{"start":{"line":191,"column":48},"end":{"line":201,"column":3}}},"20":{"name":"(anonymous_20)","decl":{"start":{"line":203,"column":9},"end":{"line":203,"column":20}},"loc":{"start":{"line":203,"column":20},"end":{"line":205,"column":3}}},"21":{"name":"(anonymous_21)","decl":{"start":{"line":207,"column":9},"end":{"line":207,"column":19}},"loc":{"start":{"line":207,"column":19},"end":{"line":219,"column":3}}},"22":{"name":"(anonymous_22)","decl":{"start":{"line":221,"column":9},"end":{"line":221,"column":18}},"loc":{"start":{"line":221,"column":18},"end":{"line":225,"column":3}}},"23":{"name":"(anonymous_23)","decl":{"start":{"line":228,"column":9},"end":{"line":228,"column":19}},"loc":{"start":{"line":228,"column":52},"end":{"line":230,"column":3}}},"24":{"name":"(anonymous_24)","decl":{"start":{"line":232,"column":9},"end":{"line":232,"column":25}},"loc":{"start":{"line":232,"column":70},"end":{"line":234,"column":3}}},"25":{"name":"(anonymous_25)","decl":{"start":{"line":236,"column":9},"end":{"line":236,"column":21}},"loc":{"start":{"line":236,"column":64},"end":{"line":238,"column":3}}},"26":{"name":"(anonymous_26)","decl":{"start":{"line":240,"column":9},"end":{"line":240,"column":24}},"loc":{"start":{"line":240,"column":66},"end":{"line":242,"column":3}}},"27":{"name":"(anonymous_27)","decl":{"start":{"line":244,"column":9},"end":{"line":244,"column":26}},"loc":{"start":{"line":244,"column":77},"end":{"line":246,"column":3}}}},"branchMap":{"0":{"loc":{"start":{"line":90,"column":4},"end":{"line":116,"column":5}},"type":"if","locations":[{"start":{"line":90,"column":4},"end":{"line":116,"column":5}},{"start":{"line":92,"column":11},"end":{"line":116,"column":5}}]},"1":{"loc":{"start":{"line":92,"column":11},"end":{"line":116,"column":5}},"type":"if","locations":[{"start":{"line":92,"column":11},"end":{"line":116,"column":5}},{"start":{"line":113,"column":11},"end":{"line":116,"column":5}}]},"2":{"loc":{"start":{"line":94,"column":6},"end":{"line":112,"column":7}},"type":"switch","locations":[{"start":{"line":95,"column":8},"end":{"line":97,"column":16}},{"start":{"line":98,"column":8},"end":{"line":100,"column":16}},{"start":{"line":101,"column":8},"end":{"line":103,"column":16}},{"start":{"line":104,"column":8},"end":{"line":106,"column":16}},{"start":{"line":107,"column":8},"end":{"line":109,"column":16}},{"start":{"line":110,"column":8},"end":{"line":111,"column":61}}]},"3":{"loc":{"start":{"line":96,"column":44},"end":{"line":96,"column":67}},"type":"binary-expr","locations":[{"start":{"line":96,"column":44},"end":{"line":96,"column":56}},{"start":{"line":96,"column":60},"end":{"line":96,"column":67}}]},"4":{"loc":{"start":{"line":99,"column":50},"end":{"line":99,"column":73}},"type":"binary-expr","locations":[{"start":{"line":99,"column":50},"end":{"line":99,"column":62}},{"start":{"line":99,"column":66},"end":{"line":99,"column":73}}]},"5":{"loc":{"start":{"line":102,"column":46},"end":{"line":102,"column":69}},"type":"binary-expr","locations":[{"start":{"line":102,"column":46},"end":{"line":102,"column":58}},{"start":{"line":102,"column":62},"end":{"line":102,"column":69}}]},"6":{"loc":{"start":{"line":105,"column":49},"end":{"line":105,"column":72}},"type":"binary-expr","locations":[{"start":{"line":105,"column":49},"end":{"line":105,"column":61}},{"start":{"line":105,"column":65},"end":{"line":105,"column":72}}]},"7":{"loc":{"start":{"line":108,"column":51},"end":{"line":108,"column":74}},"type":"binary-expr","locations":[{"start":{"line":108,"column":51},"end":{"line":108,"column":63}},{"start":{"line":108,"column":67},"end":{"line":108,"column":74}}]},"8":{"loc":{"start":{"line":120,"column":11},"end":{"line":123,"column":28}},"type":"binary-expr","locations":[{"start":{"line":120,"column":11},"end":{"line":120,"column":38}},{"start":{"line":121,"column":11},"end":{"line":121,"column":27}},{"start":{"line":122,"column":11},"end":{"line":122,"column":36}},{"start":{"line":123,"column":11},"end":{"line":123,"column":28}}]},"9":{"loc":{"start":{"line":127,"column":11},"end":{"line":130,"column":66}},"type":"binary-expr","locations":[{"start":{"line":127,"column":11},"end":{"line":127,"column":38}},{"start":{"line":128,"column":11},"end":{"line":128,"column":27}},{"start":{"line":129,"column":11},"end":{"line":129,"column":28}},{"start":{"line":130,"column":11},"end":{"line":130,"column":66}}]},"10":{"loc":{"start":{"line":138,"column":4},"end":{"line":146,"column":5}},"type":"if","locations":[{"start":{"line":138,"column":4},"end":{"line":146,"column":5}}]},"11":{"loc":{"start":{"line":150,"column":4},"end":{"line":160,"column":5}},"type":"if","locations":[{"start":{"line":150,"column":4},"end":{"line":160,"column":5}},{"start":{"line":157,"column":11},"end":{"line":160,"column":5}}]},"12":{"loc":{"start":{"line":165,"column":4},"end":{"line":167,"column":5}},"type":"if","locations":[{"start":{"line":165,"column":4},"end":{"line":167,"column":5}}]},"13":{"loc":{"start":{"line":175,"column":6},"end":{"line":177,"column":7}},"type":"if","locations":[{"start":{"line":175,"column":6},"end":{"line":177,"column":7}}]},"14":{"loc":{"start":{"line":183,"column":4},"end":{"line":188,"column":5}},"type":"if","locations":[{"start":{"line":183,"column":4},"end":{"line":188,"column":5}}]},"15":{"loc":{"start":{"line":185,"column":6},"end":{"line":187,"column":7}},"type":"if","locations":[{"start":{"line":185,"column":6},"end":{"line":187,"column":7}}]},"16":{"loc":{"start":{"line":192,"column":4},"end":{"line":200,"column":5}},"type":"if","locations":[{"start":{"line":192,"column":4},"end":{"line":200,"column":5}},{"start":{"line":198,"column":11},"end":{"line":200,"column":5}}]},"17":{"loc":{"start":{"line":192,"column":8},"end":{"line":192,"column":64}},"type":"binary-expr","locations":[{"start":{"line":192,"column":8},"end":{"line":192,"column":19}},{"start":{"line":192,"column":23},"end":{"line":192,"column":64}}]},"18":{"loc":{"start":{"line":204,"column":11},"end":{"line":204,"column":89}},"type":"binary-expr","locations":[{"start":{"line":204,"column":11},"end":{"line":204,"column":32}},{"start":{"line":204,"column":37},"end":{"line":204,"column":79}},{"start":{"line":204,"column":84},"end":{"line":204,"column":89}}]},"19":{"loc":{"start":{"line":208,"column":4},"end":{"line":211,"column":5}},"type":"if","locations":[{"start":{"line":208,"column":4},"end":{"line":211,"column":5}}]},"20":{"loc":{"start":{"line":212,"column":4},"end":{"line":215,"column":5}},"type":"if","locations":[{"start":{"line":212,"column":4},"end":{"line":215,"column":5}}]}},"s":{"0":0,"1":0,"2":0,"3":0,"4":0,"5":0,"6":0,"7":0,"8":0,"9":0,"10":0,"11":0,"12":0,"13":0,"14":0,"15":0,"16":0,"17":0,"18":0,"19":0,"20":0,"21":0,"22":0,"23":0,"24":0,"25":0,"26":0,"27":0,"28":0,"29":0,"30":0,"31":0,"32":0,"33":0,"34":0,"35":0,"36":0,"37":0,"38":0,"39":0,"40":0,"41":0,"42":0,"43":0,"44":0,"45":0,"46":0,"47":0,"48":0,"49":0,"50":0,"51":0,"52":0,"53":0,"54":0,"55":0,"56":0,"57":0,"58":0,"59":0,"60":0,"61":0,"62":0,"63":0,"64":0,"65":0,"66":0,"67":0,"68":0,"69":0,"70":0,"71":0,"72":0,"73":0,"74":0,"75":0,"76":0,"77":0,"78":0,"79":0,"80":0,"81":0,"82":0,"83":0,"84":0,"85":0,"86":0,"87":0,"88":0,"89":0,"90":0,"91":0,"92":0,"93":0,"94":0,"95":0,"96":0,"97":0,"98":0,"99":0,"100":0,"101":0,"102":0,"103":0,"104":0},"f":{"0":0,"1":0,"2":0,"3":0,"4":0,"5":0,"6":0,"7":0,"8":0,"9":0,"10":0,"11":0,"12":0,"13":0,"14":0,"15":0,"16":0,"17":0,"18":0,"19":0,"20":0,"21":0,"22":0,"23":0,"24":0,"25":0,"26":0,"27":0},"b":{"0":[0,0],"1":[0,0],"2":[0,0,0,0,0,0],"3":[0,0],"4":[0,0],"5":[0,0],"6":[0,0],"7":[0,0],"8":[0,0,0,0],"9":[0,0,0,0],"10":[0],"11":[0,0],"12":[0],"13":[0],"14":[0],"15":[0],"16":[0,0],"17":[0,0],"18":[0,0,0],"19":[0],"20":[0]}}
}
