TN:
SF:src/App.tsx
FN:11,(anonymous_10)
FN:11,(anonymous_11)
FN:12,(anonymous_12)
FN:12,(anonymous_13)
FN:13,(anonymous_14)
FN:13,(anonymous_15)
FN:16,(anonymous_16)
FN:16,(anonymous_17)
FN:17,(anonymous_18)
FN:17,(anonymous_19)
FN:18,(anonymous_20)
FN:18,(anonymous_21)
FN:19,(anonymous_22)
FN:19,(anonymous_23)
FN:20,(anonymous_24)
FN:20,(anonymous_25)
FN:23,(anonymous_26)
FN:23,(anonymous_27)
FN:24,(anonymous_28)
FN:24,(anonymous_29)
FN:25,(anonymous_30)
FN:25,(anonymous_31)
FN:28,(anonymous_32)
FN:28,(anonymous_33)
FN:29,(anonymous_34)
FN:29,(anonymous_35)
FN:30,(anonymous_36)
FN:30,(anonymous_37)
FN:31,(anonymous_38)
FN:31,(anonymous_39)
FN:54,(anonymous_40)
FN:59,(anonymous_41)
FN:63,(anonymous_42)
FN:67,(anonymous_43)
FN:71,(anonymous_44)
FN:140,(anonymous_45)
FN:169,(anonymous_46)
FN:188,App
FNF:38
FNH:0
FNDA:0,(anonymous_10)
FNDA:0,(anonymous_11)
FNDA:0,(anonymous_12)
FNDA:0,(anonymous_13)
FNDA:0,(anonymous_14)
FNDA:0,(anonymous_15)
FNDA:0,(anonymous_16)
FNDA:0,(anonymous_17)
FNDA:0,(anonymous_18)
FNDA:0,(anonymous_19)
FNDA:0,(anonymous_20)
FNDA:0,(anonymous_21)
FNDA:0,(anonymous_22)
FNDA:0,(anonymous_23)
FNDA:0,(anonymous_24)
FNDA:0,(anonymous_25)
FNDA:0,(anonymous_26)
FNDA:0,(anonymous_27)
FNDA:0,(anonymous_28)
FNDA:0,(anonymous_29)
FNDA:0,(anonymous_30)
FNDA:0,(anonymous_31)
FNDA:0,(anonymous_32)
FNDA:0,(anonymous_33)
FNDA:0,(anonymous_34)
FNDA:0,(anonymous_35)
FNDA:0,(anonymous_36)
FNDA:0,(anonymous_37)
FNDA:0,(anonymous_38)
FNDA:0,(anonymous_39)
FNDA:0,(anonymous_40)
FNDA:0,(anonymous_41)
FNDA:0,(anonymous_42)
FNDA:0,(anonymous_43)
FNDA:0,(anonymous_44)
FNDA:0,(anonymous_45)
FNDA:0,(anonymous_46)
FNDA:0,App
DA:1,0
DA:2,0
DA:3,0
DA:4,0
DA:5,0
DA:6,0
DA:7,0
DA:11,0
DA:12,0
DA:13,0
DA:16,0
DA:17,0
DA:18,0
DA:19,0
DA:20,0
DA:23,0
DA:24,0
DA:25,0
DA:28,0
DA:29,0
DA:30,0
DA:31,0
DA:54,0
DA:55,0
DA:56,0
DA:57,0
DA:59,0
DA:60,0
DA:63,0
DA:64,0
DA:67,0
DA:68,0
DA:71,0
DA:72,0
DA:74,0
DA:79,0
DA:80,0
DA:88,0
DA:91,0
DA:94,0
DA:99,0
DA:102,0
DA:105,0
DA:109,0
DA:112,0
DA:117,0
DA:120,0
DA:123,0
DA:127,0
DA:130,0
DA:133,0
DA:136,0
DA:140,0
DA:141,0
DA:143,0
DA:144,0
DA:147,0
DA:169,0
DA:170,0
DA:172,0
DA:173,0
DA:180,0
DA:181,0
DA:184,0
DA:189,0
DA:198,0
LF:66
LH:0
BRDA:72,0,0,0
BRDA:72,0,1,0
BRDA:72,0,2,0
BRDA:72,0,3,0
BRDA:72,0,4,0
BRDA:72,0,5,0
BRDA:72,0,6,0
BRDA:72,0,7,0
BRDA:72,0,8,0
BRDA:72,0,9,0
BRDA:72,0,10,0
BRDA:72,0,11,0
BRDA:72,0,12,0
BRDA:72,0,13,0
BRDA:72,0,14,0
BRDA:72,0,15,0
BRDA:72,0,16,0
BRDA:72,0,17,0
BRDA:72,0,18,0
BRDA:79,1,0,0
BRDA:172,2,0,0
BRDA:180,3,0,0
BRF:22
BRH:0
end_of_record
TN:
SF:src/components/Header.tsx
FN:13,(anonymous_1)
FN:34,(anonymous_2)
FN:38,(anonymous_3)
FNF:3
FNH:0
FNDA:0,(anonymous_1)
FNDA:0,(anonymous_2)
FNDA:0,(anonymous_3)
DA:2,0
DA:3,0
DA:4,0
DA:13,0
DA:14,0
DA:16,0
DA:25,0
DA:35,0
DA:38,0
DA:68,0
LF:10
LH:0
BRDA:37,0,0,0
BRDA:37,0,1,0
BRDA:55,1,0,0
BRDA:55,1,1,0
BRDA:57,2,0,0
BRDA:57,2,1,0
BRF:6
BRH:0
end_of_record
TN:
SF:src/components/analytics/AnalyticsDashboard.tsx
FN:29,(anonymous_1)
FN:43,(anonymous_2)
FN:47,(anonymous_3)
FN:86,(anonymous_4)
FN:127,(anonymous_5)
FN:140,(anonymous_6)
FN:162,(anonymous_7)
FN:163,(anonymous_8)
FN:166,(anonymous_9)
FN:188,(anonymous_10)
FN:194,(anonymous_11)
FN:202,(anonymous_12)
FN:258,(anonymous_13)
FN:296,(anonymous_14)
FN:302,(anonymous_15)
FN:314,(anonymous_16)
FN:333,(anonymous_17)
FN:351,(anonymous_18)
FN:434,(anonymous_19)
FN:459,(anonymous_20)
FN:488,(anonymous_21)
FN:492,(anonymous_22)
FN:510,(anonymous_23)
FNF:23
FNH:0
FNDA:0,(anonymous_1)
FNDA:0,(anonymous_2)
FNDA:0,(anonymous_3)
FNDA:0,(anonymous_4)
FNDA:0,(anonymous_5)
FNDA:0,(anonymous_6)
FNDA:0,(anonymous_7)
FNDA:0,(anonymous_8)
FNDA:0,(anonymous_9)
FNDA:0,(anonymous_10)
FNDA:0,(anonymous_11)
FNDA:0,(anonymous_12)
FNDA:0,(anonymous_13)
FNDA:0,(anonymous_14)
FNDA:0,(anonymous_15)
FNDA:0,(anonymous_16)
FNDA:0,(anonymous_17)
FNDA:0,(anonymous_18)
FNDA:0,(anonymous_19)
FNDA:0,(anonymous_20)
FNDA:0,(anonymous_21)
FNDA:0,(anonymous_22)
FNDA:0,(anonymous_23)
DA:1,0
DA:2,0
DA:3,0
DA:4,0
DA:5,0
DA:6,0
DA:8,0
DA:29,0
DA:30,0
DA:31,0
DA:32,0
DA:41,0
DA:43,0
DA:44,0
DA:47,0
DA:48,0
DA:49,0
DA:50,0
DA:53,0
DA:54,0
DA:67,0
DA:68,0
DA:69,0
DA:72,0
DA:75,0
DA:76,0
DA:79,0
DA:80,0
DA:82,0
DA:86,0
DA:87,0
DA:124,0
DA:127,0
DA:128,0
DA:129,0
DA:130,0
DA:131,0
DA:137,0
DA:140,0
DA:141,0
DA:142,0
DA:143,0
DA:145,0
DA:146,0
DA:147,0
DA:148,0
DA:150,0
DA:151,0
DA:153,0
DA:159,0
DA:162,0
DA:163,0
DA:166,0
DA:167,0
DA:169,0
DA:177,0
DA:178,0
DA:179,0
DA:180,0
DA:181,0
DA:182,0
DA:183,0
DA:184,0
DA:185,0
DA:188,0
DA:189,0
DA:190,0
DA:191,0
DA:194,0
DA:195,0
DA:196,0
DA:197,0
DA:198,0
DA:202,0
DA:203,0
DA:204,0
DA:205,0
DA:206,0
DA:207,0
DA:211,0
DA:212,0
DA:219,0
DA:220,0
DA:241,0
DA:258,0
DA:296,0
DA:302,0
DA:314,0
DA:333,0
DA:351,0
DA:435,0
DA:460,0
DA:489,0
DA:492,0
DA:511,0
DA:540,0
LF:96
LH:0
BRDA:67,0,0,0
BRDA:67,0,1,0
BRDA:167,1,0,0
BRDA:189,2,0,0
BRDA:190,3,0,0
BRDA:195,4,0,0
BRDA:195,4,1,0
BRDA:195,4,2,0
BRDA:203,5,0,0
BRDA:203,5,1,0
BRDA:203,5,2,0
BRDA:203,5,3,0
BRDA:211,6,0,0
BRDA:219,7,0,0
BRDA:285,8,0,0
BRDA:285,8,1,0
BRDA:416,9,0,0
BRDA:416,9,1,0
BRDA:416,10,0,0
BRDA:416,10,1,0
BRF:20
BRH:0
end_of_record
TN:
SF:src/components/auth/LoginForm.tsx
FN:8,(anonymous_0)
FN:16,(anonymous_1)
FN:65,(anonymous_2)
FN:82,(anonymous_3)
FNF:4
FNH:0
FNDA:0,(anonymous_0)
FNDA:0,(anonymous_1)
FNDA:0,(anonymous_2)
FNDA:0,(anonymous_3)
DA:1,0
DA:2,0
DA:8,0
DA:9,0
DA:10,0
DA:11,0
DA:12,0
DA:14,0
DA:16,0
DA:17,0
DA:19,0
DA:20,0
DA:21,0
DA:24,0
DA:25,0
DA:27,0
DA:29,0
DA:30,0
DA:32,0
DA:35,0
DA:38,0
DA:65,0
DA:82,0
DA:130,0
LF:24
LH:0
BRDA:19,0,0,0
BRDA:19,1,0,0
BRDA:19,1,1,0
BRDA:29,2,0,0
BRDA:29,2,1,0
BRDA:32,3,0,0
BRDA:32,3,1,0
BRDA:88,4,0,0
BRDA:88,4,1,0
BRDA:102,5,0,0
BRDA:102,5,1,0
BRF:11
BRH:0
end_of_record
TN:
SF:src/components/dashboard/Dashboard.tsx
FN:30,(anonymous_1)
FN:73,(anonymous_2)
FN:74,(anonymous_3)
FN:83,(anonymous_4)
FN:104,(anonymous_5)
FN:138,(anonymous_6)
FN:157,(anonymous_7)
FN:158,(anonymous_8)
FN:169,(anonymous_9)
FN:238,(anonymous_10)
FN:364,(anonymous_11)
FN:370,(anonymous_12)
FNF:12
FNH:0
FNDA:0,(anonymous_1)
FNDA:0,(anonymous_2)
FNDA:0,(anonymous_3)
FNDA:0,(anonymous_4)
FNDA:0,(anonymous_5)
FNDA:0,(anonymous_6)
FNDA:0,(anonymous_7)
FNDA:0,(anonymous_8)
FNDA:0,(anonymous_9)
FNDA:0,(anonymous_10)
FNDA:0,(anonymous_11)
FNDA:0,(anonymous_12)
DA:1,0
DA:2,0
DA:15,0
DA:16,0
DA:17,0
DA:19,0
DA:30,0
DA:38,0
DA:44,0
DA:73,0
DA:74,0
DA:75,0
DA:76,0
DA:77,0
DA:78,0
DA:79,0
DA:83,0
DA:84,0
DA:85,0
DA:86,0
DA:87,0
DA:88,0
DA:92,0
DA:105,0
DA:138,0
DA:145,0
DA:147,0
DA:148,0
DA:157,0
DA:158,0
DA:159,0
DA:160,0
DA:167,0
DA:168,0
DA:169,0
DA:174,0
DA:181,0
DA:190,0
DA:191,0
DA:192,0
DA:200,0
DA:201,0
DA:209,0
DA:212,0
DA:220,0
DA:221,0
DA:222,0
DA:230,0
DA:234,0
DA:237,0
DA:238,0
DA:241,0
DA:365,0
DA:371,0
DA:390,0
LF:55
LH:0
BRDA:34,0,0,0
BRDA:36,1,0,0
BRDA:49,2,0,0
BRDA:49,2,1,0
BRDA:54,3,0,0
BRDA:54,3,1,0
BRDA:73,4,0,0
BRDA:75,5,0,0
BRDA:75,5,1,0
BRDA:75,5,2,0
BRDA:75,5,3,0
BRDA:84,6,0,0
BRDA:84,6,1,0
BRDA:84,6,2,0
BRDA:84,6,3,0
BRDA:102,7,0,0
BRDA:102,7,1,0
BRDA:167,8,0,0
BRDA:167,8,1,0
BRDA:175,9,0,0
BRDA:175,9,1,0
BRDA:176,10,0,0
BRDA:176,10,1,0
BRDA:177,11,0,0
BRDA:177,11,1,0
BRDA:177,12,0,0
BRDA:177,12,1,0
BRDA:179,13,0,0
BRDA:179,13,1,0
BRDA:191,14,0,0
BRDA:191,15,0,0
BRDA:191,15,1,0
BRDA:200,16,0,0
BRDA:200,17,0,0
BRDA:200,17,1,0
BRDA:221,18,0,0
BRDA:221,19,0,0
BRDA:221,19,1,0
BRDA:256,20,0,0
BRDA:256,20,1,0
BRDA:257,21,0,0
BRDA:257,21,1,0
BRDA:259,22,0,0
BRDA:259,22,1,0
BRDA:267,23,0,0
BRDA:267,23,1,0
BRDA:275,24,0,0
BRDA:275,24,1,0
BRDA:288,25,0,0
BRDA:288,25,1,0
BRDA:289,26,0,0
BRDA:289,26,1,0
BRDA:289,27,0,0
BRDA:289,27,1,0
BRDA:290,28,0,0
BRDA:290,28,1,0
BRDA:290,29,0,0
BRDA:290,29,1,0
BRDA:296,30,0,0
BRDA:296,30,1,0
BRDA:297,31,0,0
BRDA:297,31,1,0
BRDA:297,32,0,0
BRDA:297,32,1,0
BRDA:298,33,0,0
BRDA:298,33,1,0
BRDA:298,34,0,0
BRDA:298,34,1,0
BRDA:304,35,0,0
BRDA:304,35,1,0
BRDA:305,36,0,0
BRDA:305,36,1,0
BRDA:305,37,0,0
BRDA:305,37,1,0
BRDA:306,38,0,0
BRDA:306,38,1,0
BRDA:306,39,0,0
BRDA:306,39,1,0
BRDA:312,40,0,0
BRDA:312,40,1,0
BRDA:313,41,0,0
BRDA:313,41,1,0
BRDA:313,42,0,0
BRDA:313,42,1,0
BRDA:314,43,0,0
BRDA:314,43,1,0
BRDA:314,44,0,0
BRDA:314,44,1,0
BRDA:324,45,0,0
BRDA:324,45,1,0
BRDA:325,46,0,0
BRDA:325,46,1,0
BRDA:325,47,0,0
BRDA:325,47,1,0
BRDA:326,48,0,0
BRDA:326,48,1,0
BRDA:326,49,0,0
BRDA:326,49,1,0
BRDA:332,50,0,0
BRDA:332,50,1,0
BRDA:333,51,0,0
BRDA:333,51,1,0
BRDA:333,52,0,0
BRDA:333,52,1,0
BRDA:334,53,0,0
BRDA:334,53,1,0
BRDA:334,54,0,0
BRDA:334,54,1,0
BRDA:340,55,0,0
BRDA:340,55,1,0
BRDA:341,56,0,0
BRDA:341,56,1,0
BRDA:341,57,0,0
BRDA:341,57,1,0
BRDA:342,58,0,0
BRDA:342,58,1,0
BRDA:342,59,0,0
BRDA:342,59,1,0
BRDA:348,60,0,0
BRDA:348,60,1,0
BRDA:356,61,0,0
BRDA:356,61,1,0
BRDA:362,62,0,0
BRDA:362,62,1,0
BRF:124
BRH:0
end_of_record
TN:
SF:src/components/explorer/BlockDetails.tsx
FN:31,(anonymous_1)
FN:32,(anonymous_2)
FN:36,(anonymous_3)
FN:45,(anonymous_4)
FN:55,(anonymous_5)
FN:97,(anonymous_6)
FN:106,(anonymous_7)
FN:107,(anonymous_8)
FN:121,(anonymous_9)
FN:164,(anonymous_10)
FN:169,(anonymous_11)
FN:173,(anonymous_12)
FN:267,(anonymous_13)
FN:283,(anonymous_14)
FN:361,(anonymous_15)
FN:424,(anonymous_16)
FN:428,(anonymous_17)
FNF:17
FNH:0
FNDA:0,(anonymous_1)
FNDA:0,(anonymous_2)
FNDA:0,(anonymous_3)
FNDA:0,(anonymous_4)
FNDA:0,(anonymous_5)
FNDA:0,(anonymous_6)
FNDA:0,(anonymous_7)
FNDA:0,(anonymous_8)
FNDA:0,(anonymous_9)
FNDA:0,(anonymous_10)
FNDA:0,(anonymous_11)
FNDA:0,(anonymous_12)
FNDA:0,(anonymous_13)
FNDA:0,(anonymous_14)
FNDA:0,(anonymous_15)
FNDA:0,(anonymous_16)
FNDA:0,(anonymous_17)
DA:1,0
DA:2,0
DA:12,0
DA:13,0
DA:14,0
DA:15,0
DA:16,0
DA:17,0
DA:31,0
DA:32,0
DA:33,0
DA:36,0
DA:37,0
DA:38,0
DA:39,0
DA:40,0
DA:41,0
DA:45,0
DA:46,0
DA:47,0
DA:48,0
DA:49,0
DA:50,0
DA:54,0
DA:55,0
DA:97,0
DA:98,0
DA:99,0
DA:100,0
DA:101,0
DA:102,0
DA:103,0
DA:104,0
DA:106,0
DA:107,0
DA:108,0
DA:109,0
DA:110,0
DA:113,0
DA:114,0
DA:115,0
DA:119,0
DA:120,0
DA:121,0
DA:122,0
DA:124,0
DA:125,0
DA:129,0
DA:130,0
DA:131,0
DA:133,0
DA:134,0
DA:138,0
DA:139,0
DA:140,0
DA:141,0
DA:148,0
DA:149,0
DA:153,0
DA:154,0
DA:155,0
DA:157,0
DA:161,0
DA:164,0
DA:165,0
DA:169,0
DA:170,0
DA:173,0
DA:174,0
DA:177,0
DA:178,0
DA:186,0
DA:187,0
DA:201,0
DA:202,0
DA:218,0
DA:267,0
DA:283,0
DA:362,0
DA:425,0
DA:428,0
DA:445,0
LF:82
LH:0
BRDA:37,0,0,0
BRDA:37,0,1,0
BRDA:37,0,2,0
BRDA:37,0,3,0
BRDA:46,1,0,0
BRDA:46,1,1,0
BRDA:46,1,2,0
BRDA:46,1,3,0
BRDA:81,2,0,0
BRDA:81,2,1,0
BRDA:114,3,0,0
BRDA:121,4,0,0
BRDA:121,4,1,0
BRDA:153,5,0,0
BRDA:153,5,1,0
BRDA:177,6,0,0
BRDA:186,7,0,0
BRDA:201,8,0,0
BRDA:237,9,0,0
BRDA:237,9,1,0
BRDA:311,10,0,0
BRDA:311,10,1,0
BRDA:323,11,0,0
BRDA:323,11,1,0
BRDA:374,12,0,0
BRDA:374,12,1,0
BRDA:381,13,0,0
BRDA:381,13,1,0
BRDA:382,14,0,0
BRDA:382,14,1,0
BRDA:388,15,0,0
BRDA:388,15,1,0
BRDA:396,16,0,0
BRDA:396,16,1,0
BRDA:417,17,0,0
BRDA:417,17,1,0
BRDA:431,18,0,0
BRDA:431,18,1,0
BRF:38
BRH:0
end_of_record
TN:
SF:src/components/explorer/BlockExplorer.tsx
FN:26,(anonymous_1)
FN:27,(anonymous_2)
FN:31,(anonymous_3)
FN:36,(anonymous_4)
FN:79,(anonymous_5)
FN:83,(anonymous_6)
FN:97,(anonymous_7)
FN:107,(anonymous_8)
FN:136,(anonymous_9)
FN:151,(anonymous_10)
FN:166,(anonymous_11)
FN:171,(anonymous_12)
FN:180,(anonymous_13)
FN:193,(anonymous_14)
FN:199,(anonymous_15)
FN:211,(anonymous_16)
FN:285,(anonymous_17)
FN:329,(anonymous_18)
FN:350,(anonymous_19)
FN:355,(anonymous_20)
FN:362,(anonymous_21)
FN:371,(anonymous_22)
FNF:22
FNH:0
FNDA:0,(anonymous_1)
FNDA:0,(anonymous_2)
FNDA:0,(anonymous_3)
FNDA:0,(anonymous_4)
FNDA:0,(anonymous_5)
FNDA:0,(anonymous_6)
FNDA:0,(anonymous_7)
FNDA:0,(anonymous_8)
FNDA:0,(anonymous_9)
FNDA:0,(anonymous_10)
FNDA:0,(anonymous_11)
FNDA:0,(anonymous_12)
FNDA:0,(anonymous_13)
FNDA:0,(anonymous_14)
FNDA:0,(anonymous_15)
FNDA:0,(anonymous_16)
FNDA:0,(anonymous_17)
FNDA:0,(anonymous_18)
FNDA:0,(anonymous_19)
FNDA:0,(anonymous_20)
FNDA:0,(anonymous_21)
FNDA:0,(anonymous_22)
DA:1,0
DA:2,0
DA:13,0
DA:14,0
DA:15,0
DA:16,0
DA:17,0
DA:18,0
DA:26,0
DA:27,0
DA:28,0
DA:31,0
DA:32,0
DA:35,0
DA:36,0
DA:79,0
DA:80,0
DA:81,0
DA:83,0
DA:84,0
DA:85,0
DA:88,0
DA:97,0
DA:107,0
DA:136,0
DA:151,0
DA:158,0
DA:160,0
DA:161,0
DA:162,0
DA:163,0
DA:166,0
DA:167,0
DA:171,0
DA:172,0
DA:173,0
DA:175,0
DA:176,0
DA:177,0
DA:180,0
DA:181,0
DA:182,0
DA:189,0
DA:193,0
DA:195,0
DA:199,0
DA:200,0
DA:201,0
DA:206,0
DA:207,0
DA:208,0
DA:209,0
DA:211,0
DA:212,0
DA:215,0
DA:216,0
DA:224,0
DA:285,0
DA:330,0
DA:350,0
DA:356,0
DA:357,0
DA:362,0
DA:371,0
DA:383,0
LF:65
LH:0
BRDA:79,0,0,0
BRDA:102,1,0,0
BRDA:102,1,1,0
BRDA:113,2,0,0
BRDA:113,2,1,0
BRDA:175,3,0,0
BRDA:183,4,0,0
BRDA:183,4,1,0
BRDA:183,4,2,0
BRDA:200,5,0,0
BRDA:215,6,0,0
BRDA:242,7,0,0
BRDA:242,7,1,0
BRDA:256,8,0,0
BRDA:256,8,1,0
BRDA:297,9,0,0
BRDA:297,9,1,0
BRDA:318,10,0,0
BRDA:318,10,1,0
BRDA:325,11,0,0
BRDA:325,11,1,0
BRDA:340,12,0,0
BRDA:340,12,1,0
BRDA:360,13,0,0
BRDA:360,13,1,0
BRF:25
BRH:0
end_of_record
TN:
SF:src/components/explorer/TransactionExplorer.tsx
FN:10,(anonymous_1)
FN:17,(anonymous_2)
FN:21,(anonymous_3)
FN:48,(anonymous_4)
FN:85,(anonymous_5)
FN:88,(anonymous_6)
FN:100,(anonymous_7)
FN:113,(anonymous_8)
FN:136,(anonymous_9)
FN:140,(anonymous_10)
FN:188,(anonymous_11)
FN:199,(anonymous_12)
FN:254,(anonymous_13)
FN:257,(anonymous_14)
FNF:14
FNH:0
FNDA:0,(anonymous_1)
FNDA:0,(anonymous_2)
FNDA:0,(anonymous_3)
FNDA:0,(anonymous_4)
FNDA:0,(anonymous_5)
FNDA:0,(anonymous_6)
FNDA:0,(anonymous_7)
FNDA:0,(anonymous_8)
FNDA:0,(anonymous_9)
FNDA:0,(anonymous_10)
FNDA:0,(anonymous_11)
FNDA:0,(anonymous_12)
FNDA:0,(anonymous_13)
FNDA:0,(anonymous_14)
DA:1,0
DA:2,0
DA:3,0
DA:10,0
DA:11,0
DA:12,0
DA:13,0
DA:14,0
DA:15,0
DA:17,0
DA:18,0
DA:21,0
DA:22,0
DA:23,0
DA:24,0
DA:25,0
DA:32,0
DA:33,0
DA:36,0
DA:37,0
DA:39,0
DA:40,0
DA:42,0
DA:44,0
DA:48,0
DA:49,0
DA:50,0
DA:51,0
DA:52,0
DA:54,0
DA:55,0
DA:56,0
DA:57,0
DA:59,0
DA:85,0
DA:88,0
DA:89,0
DA:95,0
DA:97,0
DA:100,0
DA:101,0
DA:103,0
DA:105,0
DA:107,0
DA:109,0
DA:113,0
DA:114,0
DA:116,0
DA:118,0
DA:120,0
DA:122,0
DA:124,0
DA:126,0
DA:128,0
DA:130,0
DA:132,0
DA:136,0
DA:137,0
DA:140,0
DA:141,0
DA:144,0
DA:145,0
DA:152,0
DA:188,0
DA:199,0
DA:255,0
DA:257,0
DA:340,0
LF:68
LH:0
BRDA:32,0,0,0
BRDA:37,1,0,0
BRDA:37,1,1,0
BRDA:40,2,0,0
BRDA:40,2,1,0
BRDA:63,3,0,0
BRDA:63,3,1,0
BRDA:77,4,0,0
BRDA:77,4,1,0
BRDA:78,5,0,0
BRDA:78,5,1,0
BRDA:89,6,0,0
BRDA:89,6,1,0
BRDA:89,6,2,0
BRDA:89,6,3,0
BRDA:89,6,4,0
BRDA:89,6,5,0
BRDA:95,7,0,0
BRDA:95,7,1,0
BRDA:97,8,0,0
BRDA:97,8,1,0
BRDA:101,9,0,0
BRDA:101,9,1,0
BRDA:101,9,2,0
BRDA:101,9,3,0
BRDA:114,10,0,0
BRDA:114,10,1,0
BRDA:114,10,2,0
BRDA:114,10,3,0
BRDA:114,10,4,0
BRDA:114,10,5,0
BRDA:114,10,6,0
BRDA:114,10,7,0
BRDA:114,10,8,0
BRDA:140,11,0,0
BRDA:144,12,0,0
BRDA:212,13,0,0
BRDA:212,13,1,0
BRDA:287,14,0,0
BRDA:287,14,1,0
BRDA:298,15,0,0
BRDA:298,15,1,0
BRDA:301,16,0,0
BRDA:301,16,1,0
BRDA:322,17,0,0
BRDA:322,17,1,0
BRDA:327,18,0,0
BRDA:327,18,1,0
BRDA:327,19,0,0
BRDA:327,19,1,0
BRF:50
BRH:0
end_of_record
TN:
SF:src/components/layout/Navigation.tsx
FN:91,(anonymous_0)
FN:95,(anonymous_1)
FN:105,(anonymous_2)
FN:114,(anonymous_3)
FN:123,(anonymous_4)
FN:153,(anonymous_5)
FN:165,(anonymous_6)
FN:180,(anonymous_7)
FN:207,(anonymous_8)
FNF:9
FNH:0
FNDA:0,(anonymous_0)
FNDA:0,(anonymous_1)
FNDA:0,(anonymous_2)
FNDA:0,(anonymous_3)
FNDA:0,(anonymous_4)
FNDA:0,(anonymous_5)
FNDA:0,(anonymous_6)
FNDA:0,(anonymous_7)
FNDA:0,(anonymous_8)
DA:1,0
DA:2,0
DA:24,0
DA:78,0
DA:91,0
DA:92,0
DA:93,0
DA:95,0
DA:96,0
DA:97,0
DA:98,0
DA:100,0
DA:102,0
DA:105,0
DA:106,0
DA:107,0
DA:109,0
DA:110,0
DA:114,0
DA:115,0
DA:116,0
DA:117,0
DA:118,0
DA:120,0
DA:123,0
DA:153,0
DA:160,0
DA:165,0
DA:180,0
DA:207,0
DA:227,0
LF:31
LH:0
BRDA:91,0,0,0
BRDA:97,1,0,0
BRDA:97,1,1,0
BRDA:106,2,0,0
BRDA:106,2,1,0
BRDA:106,3,0,0
BRDA:106,3,1,0
BRDA:114,4,0,0
BRDA:115,5,0,0
BRDA:115,5,1,0
BRDA:118,6,0,0
BRDA:118,6,1,0
BRDA:126,7,0,0
BRDA:126,7,1,0
BRDA:127,8,0,0
BRDA:127,8,1,0
BRDA:136,9,0,0
BRDA:136,9,1,0
BRDA:142,10,0,0
BRDA:142,10,1,0
BRDA:143,11,0,0
BRDA:143,11,1,0
BRDA:151,12,0,0
BRDA:151,12,1,0
BRDA:151,12,2,0
BRDA:168,13,0,0
BRDA:168,13,1,0
BRDA:177,14,0,0
BRDA:177,14,1,0
BRDA:187,15,0,0
BRDA:187,15,1,0
BRF:31
BRH:0
end_of_record
TN:
SF:src/components/participants/ParticipantsManager.tsx
FN:28,(anonymous_1)
FN:65,(anonymous_2)
FN:69,(anonymous_3)
FN:73,(anonymous_4)
FN:112,(anonymous_5)
FN:195,(anonymous_6)
FN:201,(anonymous_7)
FN:210,(anonymous_8)
FN:215,(anonymous_9)
FN:220,(anonymous_10)
FN:221,(anonymous_11)
FN:228,(anonymous_12)
FN:229,(anonymous_13)
FN:232,(anonymous_14)
FN:241,(anonymous_15)
FN:250,(anonymous_16)
FN:261,(anonymous_17)
FN:272,(anonymous_18)
FN:285,(anonymous_19)
FN:310,(anonymous_20)
FN:313,(anonymous_21)
FN:317,(anonymous_22)
FN:353,(anonymous_23)
FN:373,(anonymous_24)
FN:383,(anonymous_25)
FN:387,(anonymous_26)
FN:394,(anonymous_27)
FN:405,(anonymous_28)
FN:427,(anonymous_29)
FN:432,(anonymous_30)
FN:436,(anonymous_31)
FN:465,(anonymous_32)
FN:490,(anonymous_33)
FN:524,(anonymous_34)
FN:537,(anonymous_35)
FN:564,(anonymous_36)
FN:590,(anonymous_37)
FN:605,(anonymous_38)
FN:605,(anonymous_39)
FN:615,(anonymous_40)
FN:615,(anonymous_41)
FN:618,(anonymous_42)
FN:632,(anonymous_43)
FN:632,(anonymous_44)
FN:645,(anonymous_45)
FN:645,(anonymous_46)
FN:656,(anonymous_47)
FN:656,(anonymous_48)
FN:670,(anonymous_49)
FN:670,(anonymous_50)
FN:681,(anonymous_51)
FN:681,(anonymous_52)
FN:692,(anonymous_53)
FN:697,(anonymous_54)
FN:699,(anonymous_55)
FN:704,(anonymous_56)
FN:706,(anonymous_57)
FN:724,(anonymous_58)
FN:760,(anonymous_59)
FN:800,(anonymous_60)
FN:811,(anonymous_61)
FNF:61
FNH:0
FNDA:0,(anonymous_1)
FNDA:0,(anonymous_2)
FNDA:0,(anonymous_3)
FNDA:0,(anonymous_4)
FNDA:0,(anonymous_5)
FNDA:0,(anonymous_6)
FNDA:0,(anonymous_7)
FNDA:0,(anonymous_8)
FNDA:0,(anonymous_9)
FNDA:0,(anonymous_10)
FNDA:0,(anonymous_11)
FNDA:0,(anonymous_12)
FNDA:0,(anonymous_13)
FNDA:0,(anonymous_14)
FNDA:0,(anonymous_15)
FNDA:0,(anonymous_16)
FNDA:0,(anonymous_17)
FNDA:0,(anonymous_18)
FNDA:0,(anonymous_19)
FNDA:0,(anonymous_20)
FNDA:0,(anonymous_21)
FNDA:0,(anonymous_22)
FNDA:0,(anonymous_23)
FNDA:0,(anonymous_24)
FNDA:0,(anonymous_25)
FNDA:0,(anonymous_26)
FNDA:0,(anonymous_27)
FNDA:0,(anonymous_28)
FNDA:0,(anonymous_29)
FNDA:0,(anonymous_30)
FNDA:0,(anonymous_31)
FNDA:0,(anonymous_32)
FNDA:0,(anonymous_33)
FNDA:0,(anonymous_34)
FNDA:0,(anonymous_35)
FNDA:0,(anonymous_36)
FNDA:0,(anonymous_37)
FNDA:0,(anonymous_38)
FNDA:0,(anonymous_39)
FNDA:0,(anonymous_40)
FNDA:0,(anonymous_41)
FNDA:0,(anonymous_42)
FNDA:0,(anonymous_43)
FNDA:0,(anonymous_44)
FNDA:0,(anonymous_45)
FNDA:0,(anonymous_46)
FNDA:0,(anonymous_47)
FNDA:0,(anonymous_48)
FNDA:0,(anonymous_49)
FNDA:0,(anonymous_50)
FNDA:0,(anonymous_51)
FNDA:0,(anonymous_52)
FNDA:0,(anonymous_53)
FNDA:0,(anonymous_54)
FNDA:0,(anonymous_55)
FNDA:0,(anonymous_56)
FNDA:0,(anonymous_57)
FNDA:0,(anonymous_58)
FNDA:0,(anonymous_59)
FNDA:0,(anonymous_60)
FNDA:0,(anonymous_61)
DA:1,0
DA:2,0
DA:3,0
DA:4,0
DA:5,0
DA:6,0
DA:7,0
DA:28,0
DA:29,0
DA:30,0
DA:31,0
DA:32,0
DA:38,0
DA:39,0
DA:40,0
DA:41,0
DA:42,0
DA:53,0
DA:63,0
DA:65,0
DA:66,0
DA:69,0
DA:70,0
DA:73,0
DA:74,0
DA:75,0
DA:76,0
DA:79,0
DA:80,0
DA:87,0
DA:88,0
DA:90,0
DA:91,0
DA:94,0
DA:98,0
DA:101,0
DA:102,0
DA:105,0
DA:106,0
DA:108,0
DA:112,0
DA:113,0
DA:192,0
DA:195,0
DA:196,0
DA:199,0
DA:200,0
DA:201,0
DA:202,0
DA:209,0
DA:210,0
DA:214,0
DA:215,0
DA:219,0
DA:220,0
DA:221,0
DA:225,0
DA:228,0
DA:229,0
DA:232,0
DA:233,0
DA:241,0
DA:242,0
DA:243,0
DA:244,0
DA:245,0
DA:246,0
DA:250,0
DA:251,0
DA:252,0
DA:253,0
DA:254,0
DA:255,0
DA:256,0
DA:257,0
DA:261,0
DA:262,0
DA:263,0
DA:264,0
DA:265,0
DA:266,0
DA:267,0
DA:268,0
DA:272,0
DA:273,0
DA:274,0
DA:275,0
DA:276,0
DA:277,0
DA:279,0
DA:280,0
DA:281,0
DA:282,0
DA:285,0
DA:286,0
DA:287,0
DA:288,0
DA:298,0
DA:299,0
DA:308,0
DA:309,0
DA:310,0
DA:313,0
DA:316,0
DA:317,0
DA:321,0
DA:331,0
DA:333,0
DA:338,0
DA:353,0
DA:373,0
DA:383,0
DA:388,0
DA:394,0
DA:405,0
DA:428,0
DA:433,0
DA:434,0
DA:436,0
DA:466,0
DA:491,0
DA:492,0
DA:525,0
DA:537,0
DA:564,0
DA:590,0
DA:605,0
DA:615,0
DA:619,0
DA:632,0
DA:645,0
DA:656,0
DA:670,0
DA:681,0
DA:693,0
DA:698,0
DA:699,0
DA:704,0
DA:706,0
DA:724,0
DA:760,0
DA:801,0
DA:812,0
DA:828,0
LF:144
LH:0
BRDA:87,0,0,0
BRDA:87,0,1,0
BRDA:90,1,0,0
BRDA:90,1,1,0
BRDA:90,2,0,0
BRDA:90,2,1,0
BRDA:94,3,0,0
BRDA:94,3,1,0
BRDA:199,4,0,0
BRDA:202,5,0,0
BRDA:202,5,1,0
BRDA:202,5,2,0
BRDA:209,6,0,0
BRDA:214,7,0,0
BRDA:219,8,0,0
BRDA:242,9,0,0
BRDA:242,9,1,0
BRDA:242,9,2,0
BRDA:242,9,3,0
BRDA:251,10,0,0
BRDA:251,10,1,0
BRDA:251,10,2,0
BRDA:251,10,3,0
BRDA:251,10,4,0
BRDA:251,10,5,0
BRDA:262,11,0,0
BRDA:262,11,1,0
BRDA:262,11,2,0
BRDA:262,11,3,0
BRDA:262,11,4,0
BRDA:262,11,5,0
BRDA:279,12,0,0
BRDA:280,13,0,0
BRDA:281,14,0,0
BRDA:308,15,0,0
BRDA:308,15,1,0
BRDA:410,16,0,0
BRDA:410,16,1,0
BRDA:420,17,0,0
BRDA:420,17,1,0
BRDA:433,18,0,0
BRDA:433,18,1,0
BRDA:459,19,0,0
BRDA:459,19,1,0
BRDA:547,20,0,0
BRDA:547,20,1,0
BRDA:554,21,0,0
BRDA:554,21,1,0
BRDA:554,22,0,0
BRDA:554,22,1,0
BRDA:554,22,2,0
BRDA:554,22,3,0
BRDA:559,23,0,0
BRDA:559,23,1,0
BRDA:559,24,0,0
BRDA:559,24,1,0
BRDA:559,24,2,0
BRDA:559,24,3,0
BRDA:575,25,0,0
BRDA:575,25,1,0
BRDA:698,26,0,0
BRDA:698,26,1,0
BRDA:730,27,0,0
BRDA:730,27,1,0
BRDA:730,27,2,0
BRDA:740,28,0,0
BRDA:740,28,1,0
BRDA:740,28,2,0
BRF:68
BRH:0
end_of_record
TN:
SF:src/components/search/AdvancedSearch.tsx
FN:35,(anonymous_1)
FN:57,(anonymous_2)
FN:66,(anonymous_3)
FN:99,(anonymous_4)
FN:104,(anonymous_5)
FN:132,(anonymous_6)
FN:138,(anonymous_7)
FN:167,(anonymous_8)
FN:173,(anonymous_9)
FN:195,(anonymous_10)
FN:199,(anonymous_11)
FN:205,(anonymous_12)
FN:206,(anonymous_13)
FN:212,(anonymous_14)
FN:224,(anonymous_15)
FN:261,(anonymous_16)
FN:262,(anonymous_17)
FN:266,(anonymous_18)
FN:272,(anonymous_19)
FN:273,(anonymous_20)
FN:276,(anonymous_21)
FN:288,(anonymous_22)
FN:298,(anonymous_23)
FN:334,(anonymous_24)
FN:342,(anonymous_25)
FN:354,(anonymous_26)
FN:360,(anonymous_27)
FN:381,(anonymous_28)
FN:399,(anonymous_29)
FN:419,(anonymous_30)
FN:432,(anonymous_31)
FN:438,(anonymous_32)
FN:451,(anonymous_33)
FN:454,(anonymous_34)
FN:464,(anonymous_35)
FN:498,(anonymous_36)
FN:498,(anonymous_37)
FN:509,(anonymous_38)
FN:509,(anonymous_39)
FN:529,(anonymous_40)
FN:570,(anonymous_41)
FNF:41
FNH:0
FNDA:0,(anonymous_1)
FNDA:0,(anonymous_2)
FNDA:0,(anonymous_3)
FNDA:0,(anonymous_4)
FNDA:0,(anonymous_5)
FNDA:0,(anonymous_6)
FNDA:0,(anonymous_7)
FNDA:0,(anonymous_8)
FNDA:0,(anonymous_9)
FNDA:0,(anonymous_10)
FNDA:0,(anonymous_11)
FNDA:0,(anonymous_12)
FNDA:0,(anonymous_13)
FNDA:0,(anonymous_14)
FNDA:0,(anonymous_15)
FNDA:0,(anonymous_16)
FNDA:0,(anonymous_17)
FNDA:0,(anonymous_18)
FNDA:0,(anonymous_19)
FNDA:0,(anonymous_20)
FNDA:0,(anonymous_21)
FNDA:0,(anonymous_22)
FNDA:0,(anonymous_23)
FNDA:0,(anonymous_24)
FNDA:0,(anonymous_25)
FNDA:0,(anonymous_26)
FNDA:0,(anonymous_27)
FNDA:0,(anonymous_28)
FNDA:0,(anonymous_29)
FNDA:0,(anonymous_30)
FNDA:0,(anonymous_31)
FNDA:0,(anonymous_32)
FNDA:0,(anonymous_33)
FNDA:0,(anonymous_34)
FNDA:0,(anonymous_35)
FNDA:0,(anonymous_36)
FNDA:0,(anonymous_37)
FNDA:0,(anonymous_38)
FNDA:0,(anonymous_39)
FNDA:0,(anonymous_40)
FNDA:0,(anonymous_41)
DA:1,0
DA:2,0
DA:3,0
DA:4,0
DA:5,0
DA:6,0
DA:7,0
DA:9,0
DA:35,0
DA:36,0
DA:48,0
DA:49,0
DA:50,0
DA:51,0
DA:52,0
DA:53,0
DA:55,0
DA:57,0
DA:58,0
DA:59,0
DA:61,0
DA:62,0
DA:66,0
DA:67,0
DA:68,0
DA:69,0
DA:70,0
DA:84,0
DA:87,0
DA:88,0
DA:89,0
DA:96,0
DA:97,0
DA:98,0
DA:100,0
DA:104,0
DA:112,0
DA:115,0
DA:120,0
DA:121,0
DA:122,0
DA:129,0
DA:130,0
DA:131,0
DA:133,0
DA:138,0
DA:147,0
DA:150,0
DA:155,0
DA:156,0
DA:157,0
DA:164,0
DA:165,0
DA:166,0
DA:168,0
DA:173,0
DA:184,0
DA:187,0
DA:192,0
DA:194,0
DA:195,0
DA:198,0
DA:199,0
DA:200,0
DA:204,0
DA:205,0
DA:206,0
DA:211,0
DA:212,0
DA:213,0
DA:214,0
DA:215,0
DA:217,0
DA:218,0
DA:219,0
DA:224,0
DA:225,0
DA:227,0
DA:230,0
DA:235,0
DA:236,0
DA:238,0
DA:240,0
DA:245,0
DA:248,0
DA:249,0
DA:251,0
DA:253,0
DA:254,0
DA:255,0
DA:257,0
DA:261,0
DA:262,0
DA:263,0
DA:266,0
DA:267,0
DA:268,0
DA:272,0
DA:273,0
DA:276,0
DA:277,0
DA:285,0
DA:288,0
DA:289,0
DA:290,0
DA:291,0
DA:292,0
DA:293,0
DA:294,0
DA:298,0
DA:299,0
DA:300,0
DA:301,0
DA:302,0
DA:303,0
DA:304,0
DA:305,0
DA:309,0
DA:311,0
DA:334,0
DA:342,0
DA:354,0
DA:360,0
DA:381,0
DA:399,0
DA:419,0
DA:432,0
DA:438,0
DA:452,0
DA:454,0
DA:465,0
DA:466,0
DA:467,0
DA:498,0
DA:509,0
DA:530,0
DA:571,0
DA:618,0
LF:138
LH:0
BRDA:58,0,0,0
BRDA:58,0,1,0
BRDA:58,1,0,0
BRDA:58,1,1,0
BRDA:58,1,2,0
BRDA:58,1,3,0
BRDA:76,2,0,0
BRDA:76,2,1,0
BRDA:77,3,0,0
BRDA:77,3,1,0
BRDA:78,4,0,0
BRDA:78,4,1,0
BRDA:79,5,0,0
BRDA:79,5,1,0
BRDA:80,6,0,0
BRDA:80,6,1,0
BRDA:87,7,0,0
BRDA:87,8,0,0
BRDA:87,8,1,0
BRDA:96,9,0,0
BRDA:100,10,0,0
BRDA:100,10,1,0
BRDA:100,10,2,0
BRDA:120,11,0,0
BRDA:120,12,0,0
BRDA:120,12,1,0
BRDA:129,13,0,0
BRDA:133,14,0,0
BRDA:133,14,1,0
BRDA:133,14,2,0
BRDA:133,14,3,0
BRDA:133,14,4,0
BRDA:142,15,0,0
BRDA:142,15,1,0
BRDA:155,16,0,0
BRDA:155,17,0,0
BRDA:155,17,1,0
BRDA:164,18,0,0
BRDA:168,19,0,0
BRDA:168,19,1,0
BRDA:168,19,2,0
BRDA:168,19,3,0
BRDA:177,20,0,0
BRDA:177,20,1,0
BRDA:194,21,0,0
BRDA:198,22,0,0
BRDA:204,23,0,0
BRDA:211,24,0,0
BRDA:211,25,0,0
BRDA:211,25,1,0
BRDA:214,26,0,0
BRDA:214,26,1,0
BRDA:215,27,0,0
BRDA:215,27,1,0
BRDA:217,28,0,0
BRDA:217,29,0,0
BRDA:217,29,1,0
BRDA:218,30,0,0
BRDA:218,31,0,0
BRDA:218,31,1,0
BRDA:225,32,0,0
BRDA:225,32,1,0
BRDA:225,32,2,0
BRDA:225,32,3,0
BRDA:235,33,0,0
BRDA:236,34,0,0
BRDA:236,34,1,0
BRDA:237,35,0,0
BRDA:237,35,1,0
BRDA:238,36,0,0
BRDA:238,36,1,0
BRDA:239,37,0,0
BRDA:239,37,1,0
BRDA:267,38,0,0
BRDA:267,39,0,0
BRDA:267,39,1,0
BRDA:289,40,0,0
BRDA:289,40,1,0
BRDA:289,40,2,0
BRDA:289,40,3,0
BRDA:289,40,4,0
BRDA:299,41,0,0
BRDA:299,41,1,0
BRDA:299,41,2,0
BRDA:299,41,3,0
BRDA:299,41,4,0
BRDA:299,41,5,0
BRDA:347,42,0,0
BRDA:347,42,1,0
BRDA:347,42,2,0
BRDA:347,42,3,0
BRDA:347,42,4,0
BRDA:350,43,0,0
BRDA:350,43,1,0
BRDA:351,44,0,0
BRDA:351,44,1,0
BRDA:352,45,0,0
BRDA:352,45,1,0
BRDA:371,46,0,0
BRDA:371,46,1,0
BRDA:465,47,0,0
BRDA:484,48,0,0
BRDA:484,48,1,0
BRDA:484,48,2,0
BRDA:487,49,0,0
BRDA:487,49,1,0
BRDA:490,50,0,0
BRDA:490,50,1,0
BRDA:493,51,0,0
BRDA:493,51,1,0
BRDA:520,52,0,0
BRDA:520,52,1,0
BRDA:527,53,0,0
BRDA:527,53,1,0
BRDA:527,53,2,0
BRDA:549,54,0,0
BRDA:549,54,1,0
BRDA:561,55,0,0
BRDA:561,55,1,0
BRDA:568,56,0,0
BRDA:568,56,1,0
BRDA:568,56,2,0
BRDA:585,57,0,0
BRDA:585,57,1,0
BRDA:585,57,2,0
BRDA:585,57,3,0
BRDA:585,57,4,0
BRDA:601,58,0,0
BRDA:601,58,1,0
BRDA:601,58,2,0
BRDA:601,58,3,0
BRDA:601,58,4,0
BRF:132
BRH:0
end_of_record
TN:
SF:src/components/timeline/Timeline.tsx
FN:34,(anonymous_1)
FN:53,(anonymous_2)
FN:57,(anonymous_3)
FN:61,(anonymous_4)
FN:78,(anonymous_5)
FN:105,(anonymous_6)
FN:132,(anonymous_7)
FN:150,(anonymous_8)
FN:160,(anonymous_9)
FN:166,(anonymous_10)
FN:176,(anonymous_11)
FN:189,(anonymous_12)
FN:194,(anonymous_13)
FN:195,(anonymous_14)
FN:203,(anonymous_15)
FN:204,(anonymous_16)
FN:213,(anonymous_17)
FN:214,(anonymous_18)
FN:217,(anonymous_19)
FN:227,(anonymous_20)
FN:239,(anonymous_21)
FN:254,(anonymous_22)
FN:264,(anonymous_23)
FN:273,(anonymous_24)
FN:287,(anonymous_25)
FN:289,(anonymous_26)
FN:323,(anonymous_27)
FN:333,(anonymous_28)
FN:343,(anonymous_29)
FN:361,(anonymous_30)
FN:361,(anonymous_31)
FN:368,(anonymous_32)
FN:368,(anonymous_33)
FN:375,(anonymous_34)
FN:395,(anonymous_35)
FN:401,(anonymous_36)
FN:413,(anonymous_37)
FN:418,(anonymous_38)
FN:422,(anonymous_39)
FN:441,(anonymous_40)
FN:452,(anonymous_41)
FN:455,(anonymous_42)
FN:455,(anonymous_43)
FN:471,(anonymous_44)
FN:482,(anonymous_45)
FN:485,(anonymous_46)
FN:485,(anonymous_47)
FN:510,(anonymous_48)
FN:535,(anonymous_49)
FN:549,(anonymous_50)
FN:641,(anonymous_51)
FNF:51
FNH:0
FNDA:0,(anonymous_1)
FNDA:0,(anonymous_2)
FNDA:0,(anonymous_3)
FNDA:0,(anonymous_4)
FNDA:0,(anonymous_5)
FNDA:0,(anonymous_6)
FNDA:0,(anonymous_7)
FNDA:0,(anonymous_8)
FNDA:0,(anonymous_9)
FNDA:0,(anonymous_10)
FNDA:0,(anonymous_11)
FNDA:0,(anonymous_12)
FNDA:0,(anonymous_13)
FNDA:0,(anonymous_14)
FNDA:0,(anonymous_15)
FNDA:0,(anonymous_16)
FNDA:0,(anonymous_17)
FNDA:0,(anonymous_18)
FNDA:0,(anonymous_19)
FNDA:0,(anonymous_20)
FNDA:0,(anonymous_21)
FNDA:0,(anonymous_22)
FNDA:0,(anonymous_23)
FNDA:0,(anonymous_24)
FNDA:0,(anonymous_25)
FNDA:0,(anonymous_26)
FNDA:0,(anonymous_27)
FNDA:0,(anonymous_28)
FNDA:0,(anonymous_29)
FNDA:0,(anonymous_30)
FNDA:0,(anonymous_31)
FNDA:0,(anonymous_32)
FNDA:0,(anonymous_33)
FNDA:0,(anonymous_34)
FNDA:0,(anonymous_35)
FNDA:0,(anonymous_36)
FNDA:0,(anonymous_37)
FNDA:0,(anonymous_38)
FNDA:0,(anonymous_39)
FNDA:0,(anonymous_40)
FNDA:0,(anonymous_41)
FNDA:0,(anonymous_42)
FNDA:0,(anonymous_43)
FNDA:0,(anonymous_44)
FNDA:0,(anonymous_45)
FNDA:0,(anonymous_46)
FNDA:0,(anonymous_47)
FNDA:0,(anonymous_48)
FNDA:0,(anonymous_49)
FNDA:0,(anonymous_50)
FNDA:0,(anonymous_51)
DA:1,0
DA:2,0
DA:3,0
DA:4,0
DA:5,0
DA:6,0
DA:7,0
DA:34,0
DA:35,0
DA:36,0
DA:37,0
DA:38,0
DA:48,0
DA:49,0
DA:50,0
DA:51,0
DA:53,0
DA:54,0
DA:57,0
DA:58,0
DA:61,0
DA:62,0
DA:63,0
DA:64,0
DA:65,0
DA:68,0
DA:69,0
DA:76,0
DA:77,0
DA:78,0
DA:88,0
DA:91,0
DA:95,0
DA:96,0
DA:103,0
DA:104,0
DA:105,0
DA:115,0
DA:118,0
DA:122,0
DA:123,0
DA:130,0
DA:131,0
DA:132,0
DA:143,0
DA:146,0
DA:150,0
DA:152,0
DA:154,0
DA:156,0
DA:160,0
DA:161,0
DA:164,0
DA:165,0
DA:166,0
DA:167,0
DA:175,0
DA:176,0
DA:177,0
DA:178,0
DA:179,0
DA:181,0
DA:182,0
DA:183,0
DA:188,0
DA:189,0
DA:193,0
DA:194,0
DA:195,0
DA:196,0
DA:202,0
DA:203,0
DA:204,0
DA:205,0
DA:210,0
DA:213,0
DA:214,0
DA:217,0
DA:218,0
DA:227,0
DA:228,0
DA:229,0
DA:230,0
DA:231,0
DA:232,0
DA:233,0
DA:234,0
DA:235,0
DA:239,0
DA:240,0
DA:241,0
DA:243,0
DA:244,0
DA:245,0
DA:246,0
DA:247,0
DA:248,0
DA:249,0
DA:250,0
DA:254,0
DA:255,0
DA:256,0
DA:257,0
DA:258,0
DA:259,0
DA:260,0
DA:264,0
DA:265,0
DA:266,0
DA:273,0
DA:274,0
DA:275,0
DA:276,0
DA:277,0
DA:278,0
DA:280,0
DA:281,0
DA:282,0
DA:283,0
DA:284,0
DA:287,0
DA:288,0
DA:289,0
DA:290,0
DA:291,0
DA:292,0
DA:294,0
DA:297,0
DA:299,0
DA:323,0
DA:333,0
DA:343,0
DA:361,0
DA:368,0
DA:375,0
DA:395,0
DA:401,0
DA:414,0
DA:419,0
DA:420,0
DA:422,0
DA:442,0
DA:443,0
DA:444,0
DA:445,0
DA:446,0
DA:453,0
DA:455,0
DA:472,0
DA:473,0
DA:474,0
DA:475,0
DA:476,0
DA:483,0
DA:485,0
DA:511,0
DA:536,0
DA:537,0
DA:549,0
DA:641,0
DA:689,0
LF:161
LH:0
BRDA:76,0,0,0
BRDA:84,1,0,0
BRDA:84,1,1,0
BRDA:103,2,0,0
BRDA:110,3,0,0
BRDA:110,3,1,0
BRDA:112,4,0,0
BRDA:112,4,1,0
BRDA:130,5,0,0
BRDA:164,6,0,0
BRDA:167,7,0,0
BRDA:167,7,1,0
BRDA:167,7,2,0
BRDA:167,7,3,0
BRDA:175,8,0,0
BRDA:175,9,0,0
BRDA:175,9,1,0
BRDA:178,10,0,0
BRDA:178,10,1,0
BRDA:179,11,0,0
BRDA:179,11,1,0
BRDA:181,12,0,0
BRDA:181,13,0,0
BRDA:181,13,1,0
BRDA:182,14,0,0
BRDA:182,15,0,0
BRDA:182,15,1,0
BRDA:188,16,0,0
BRDA:193,17,0,0
BRDA:195,18,0,0
BRDA:195,18,1,0
BRDA:202,19,0,0
BRDA:204,20,0,0
BRDA:204,20,1,0
BRDA:228,21,0,0
BRDA:228,21,1,0
BRDA:228,21,2,0
BRDA:228,21,3,0
BRDA:228,21,4,0
BRDA:228,21,5,0
BRDA:228,21,6,0
BRDA:240,22,0,0
BRDA:241,23,0,0
BRDA:243,24,0,0
BRDA:243,24,1,0
BRDA:243,24,2,0
BRDA:243,24,3,0
BRDA:243,24,4,0
BRDA:243,24,5,0
BRDA:243,24,6,0
BRDA:255,25,0,0
BRDA:255,25,1,0
BRDA:255,25,2,0
BRDA:255,25,3,0
BRDA:255,25,4,0
BRDA:280,26,0,0
BRDA:281,27,0,0
BRDA:282,28,0,0
BRDA:283,29,0,0
BRDA:291,30,0,0
BRDA:348,31,0,0
BRDA:348,31,1,0
BRDA:348,31,2,0
BRDA:348,31,3,0
BRDA:383,32,0,0
BRDA:383,32,1,0
BRDA:419,33,0,0
BRDA:419,33,1,0
BRDA:442,34,0,0
BRDA:444,35,0,0
BRDA:444,36,0,0
BRDA:444,36,1,0
BRDA:472,37,0,0
BRDA:474,38,0,0
BRDA:474,39,0,0
BRDA:474,39,1,0
BRDA:504,40,0,0
BRDA:504,40,1,0
BRDA:574,41,0,0
BRDA:574,41,1,0
BRDA:580,42,0,0
BRDA:580,42,1,0
BRDA:603,43,0,0
BRDA:603,43,1,0
BRDA:621,44,0,0
BRDA:621,44,1,0
BRDA:660,45,0,0
BRDA:660,45,1,0
BRDA:666,46,0,0
BRDA:666,46,1,0
BRF:90
BRH:0
end_of_record
TN:
SF:src/components/traceability/ItemDetails.tsx
FN:43,(anonymous_1)
FN:65,(anonymous_2)
FN:72,(anonymous_3)
FN:90,(anonymous_4)
FN:94,(anonymous_5)
FN:101,(anonymous_6)
FN:113,(anonymous_7)
FN:120,(anonymous_8)
FN:287,(anonymous_9)
FN:378,(anonymous_10)
FN:385,(anonymous_11)
FN:414,(anonymous_12)
FN:478,(anonymous_13)
FN:545,(anonymous_14)
FN:561,(anonymous_15)
FN:609,(anonymous_16)
FN:649,(anonymous_17)
FNF:17
FNH:0
FNDA:0,(anonymous_1)
FNDA:0,(anonymous_2)
FNDA:0,(anonymous_3)
FNDA:0,(anonymous_4)
FNDA:0,(anonymous_5)
FNDA:0,(anonymous_6)
FNDA:0,(anonymous_7)
FNDA:0,(anonymous_8)
FNDA:0,(anonymous_9)
FNDA:0,(anonymous_10)
FNDA:0,(anonymous_11)
FNDA:0,(anonymous_12)
FNDA:0,(anonymous_13)
FNDA:0,(anonymous_14)
FNDA:0,(anonymous_15)
FNDA:0,(anonymous_16)
FNDA:0,(anonymous_17)
DA:1,0
DA:2,0
DA:18,0
DA:19,0
DA:20,0
DA:21,0
DA:22,0
DA:23,0
DA:43,0
DA:56,0
DA:58,0
DA:59,0
DA:60,0
DA:61,0
DA:62,0
DA:65,0
DA:66,0
DA:67,0
DA:72,0
DA:73,0
DA:75,0
DA:76,0
DA:78,0
DA:79,0
DA:80,0
DA:82,0
DA:83,0
DA:85,0
DA:90,0
DA:91,0
DA:92,0
DA:93,0
DA:94,0
DA:96,0
DA:101,0
DA:102,0
DA:113,0
DA:114,0
DA:115,0
DA:116,0
DA:120,0
DA:121,0
DA:122,0
DA:123,0
DA:126,0
DA:127,0
DA:134,0
DA:135,0
DA:153,0
DA:154,0
DA:175,0
DA:182,0
DA:287,0
DA:379,0
DA:380,0
DA:382,0
DA:385,0
DA:415,0
DA:479,0
DA:546,0
DA:561,0
DA:610,0
DA:649,0
DA:672,0
LF:64
LH:0
BRDA:66,0,0,0
BRDA:66,1,0,0
BRDA:66,1,1,0
BRDA:66,1,2,0
BRDA:73,2,0,0
BRDA:82,3,0,0
BRDA:82,3,1,0
BRDA:114,4,0,0
BRDA:115,5,0,0
BRDA:121,6,0,0
BRDA:122,7,0,0
BRDA:126,8,0,0
BRDA:126,9,0,0
BRDA:126,9,1,0
BRDA:134,10,0,0
BRDA:134,11,0,0
BRDA:134,11,1,0
BRDA:142,12,0,0
BRDA:142,12,1,0
BRDA:153,13,0,0
BRDA:164,14,0,0
BRDA:164,14,1,0
BRDA:189,15,0,0
BRDA:189,15,1,0
BRDA:215,16,0,0
BRDA:215,16,1,0
BRDA:216,17,0,0
BRDA:216,17,1,0
BRDA:223,18,0,0
BRDA:223,18,1,0
BRDA:252,19,0,0
BRDA:252,19,1,0
BRDA:291,20,0,0
BRDA:291,20,1,0
BRDA:298,21,0,0
BRDA:298,21,1,0
BRDA:311,22,0,0
BRDA:311,22,1,0
BRDA:322,23,0,0
BRDA:322,23,1,0
BRDA:333,24,0,0
BRDA:333,24,1,0
BRDA:344,25,0,0
BRDA:344,25,1,0
BRDA:366,26,0,0
BRDA:366,26,1,0
BRDA:388,27,0,0
BRDA:388,27,1,0
BRDA:405,28,0,0
BRDA:405,28,1,0
BRDA:412,29,0,0
BRDA:412,29,1,0
BRDA:420,30,0,0
BRDA:420,30,1,0
BRDA:443,31,0,0
BRDA:443,31,1,0
BRDA:466,32,0,0
BRDA:466,32,1,0
BRDA:472,33,0,0
BRDA:472,33,1,0
BRDA:476,34,0,0
BRDA:476,34,1,0
BRDA:480,35,0,0
BRDA:480,35,1,0
BRDA:505,36,0,0
BRDA:505,36,1,0
BRDA:512,37,0,0
BRDA:512,37,1,0
BRDA:537,38,0,0
BRDA:537,38,1,0
BRDA:543,39,0,0
BRDA:543,39,1,0
BRDA:557,40,0,0
BRDA:557,40,1,0
BRDA:574,41,0,0
BRDA:574,41,1,0
BRDA:574,41,2,0
BRDA:597,42,0,0
BRDA:597,42,1,0
BRDA:603,43,0,0
BRDA:603,43,1,0
BRDA:607,44,0,0
BRDA:607,44,1,0
BRDA:619,45,0,0
BRDA:619,45,1,0
BRDA:620,46,0,0
BRDA:620,46,1,0
BRDA:635,47,0,0
BRDA:635,47,1,0
BRF:89
BRH:0
end_of_record
TN:
SF:src/components/traceability/SPARQLQueryBuilder.tsx
FN:40,(anonymous_1)
FN:83,(anonymous_2)
FN:91,(anonymous_3)
FN:113,(anonymous_4)
FN:138,(anonymous_5)
FN:144,(anonymous_6)
FN:156,(anonymous_7)
FN:166,(anonymous_8)
FN:171,(anonymous_9)
FN:175,(anonymous_10)
FN:185,(anonymous_11)
FN:185,(anonymous_12)
FN:203,(anonymous_13)
FN:213,(anonymous_14)
FN:223,(anonymous_15)
FN:228,(anonymous_16)
FN:236,(anonymous_17)
FN:256,(anonymous_18)
FN:272,(anonymous_19)
FN:275,(anonymous_20)
FN:334,(anonymous_21)
FN:356,(anonymous_22)
FN:411,(anonymous_23)
FN:414,(anonymous_24)
FN:433,(anonymous_25)
FN:437,(anonymous_26)
FN:485,(anonymous_27)
FN:513,(anonymous_28)
FN:524,(anonymous_29)
FN:531,(anonymous_30)
FN:549,(anonymous_31)
FN:577,(anonymous_32)
FN:588,(anonymous_33)
FN:595,(anonymous_34)
FN:621,(anonymous_35)
FN:624,(anonymous_36)
FN:638,(anonymous_37)
FN:646,(anonymous_38)
FN:663,(anonymous_39)
FN:674,(anonymous_40)
FN:676,(anonymous_41)
FN:733,(anonymous_42)
FN:740,(anonymous_43)
FN:749,(anonymous_44)
FN:749,(anonymous_45)
FN:760,(anonymous_46)
FN:779,(anonymous_47)
FN:793,(anonymous_48)
FN:804,(anonymous_49)
FN:821,(anonymous_50)
FN:838,(anonymous_51)
FN:855,(anonymous_52)
FNF:52
FNH:0
FNDA:0,(anonymous_1)
FNDA:0,(anonymous_2)
FNDA:0,(anonymous_3)
FNDA:0,(anonymous_4)
FNDA:0,(anonymous_5)
FNDA:0,(anonymous_6)
FNDA:0,(anonymous_7)
FNDA:0,(anonymous_8)
FNDA:0,(anonymous_9)
FNDA:0,(anonymous_10)
FNDA:0,(anonymous_11)
FNDA:0,(anonymous_12)
FNDA:0,(anonymous_13)
FNDA:0,(anonymous_14)
FNDA:0,(anonymous_15)
FNDA:0,(anonymous_16)
FNDA:0,(anonymous_17)
FNDA:0,(anonymous_18)
FNDA:0,(anonymous_19)
FNDA:0,(anonymous_20)
FNDA:0,(anonymous_21)
FNDA:0,(anonymous_22)
FNDA:0,(anonymous_23)
FNDA:0,(anonymous_24)
FNDA:0,(anonymous_25)
FNDA:0,(anonymous_26)
FNDA:0,(anonymous_27)
FNDA:0,(anonymous_28)
FNDA:0,(anonymous_29)
FNDA:0,(anonymous_30)
FNDA:0,(anonymous_31)
FNDA:0,(anonymous_32)
FNDA:0,(anonymous_33)
FNDA:0,(anonymous_34)
FNDA:0,(anonymous_35)
FNDA:0,(anonymous_36)
FNDA:0,(anonymous_37)
FNDA:0,(anonymous_38)
FNDA:0,(anonymous_39)
FNDA:0,(anonymous_40)
FNDA:0,(anonymous_41)
FNDA:0,(anonymous_42)
FNDA:0,(anonymous_43)
FNDA:0,(anonymous_44)
FNDA:0,(anonymous_45)
FNDA:0,(anonymous_46)
FNDA:0,(anonymous_47)
FNDA:0,(anonymous_48)
FNDA:0,(anonymous_49)
FNDA:0,(anonymous_50)
FNDA:0,(anonymous_51)
FNDA:0,(anonymous_52)
DA:1,0
DA:2,0
DA:3,0
DA:24,0
DA:25,0
DA:26,0
DA:27,0
DA:28,0
DA:29,0
DA:40,0
DA:69,0
DA:72,0
DA:73,0
DA:74,0
DA:75,0
DA:76,0
DA:77,0
DA:78,0
DA:79,0
DA:80,0
DA:83,0
DA:84,0
DA:85,0
DA:86,0
DA:87,0
DA:91,0
DA:92,0
DA:94,0
DA:95,0
DA:97,0
DA:98,0
DA:104,0
DA:107,0
DA:109,0
DA:113,0
DA:114,0
DA:116,0
DA:117,0
DA:124,0
DA:126,0
DA:127,0
DA:130,0
DA:131,0
DA:132,0
DA:134,0
DA:138,0
DA:139,0
DA:141,0
DA:143,0
DA:144,0
DA:145,0
DA:147,0
DA:150,0
DA:151,0
DA:152,0
DA:156,0
DA:157,0
DA:159,0
DA:160,0
DA:161,0
DA:162,0
DA:163,0
DA:166,0
DA:167,0
DA:168,0
DA:171,0
DA:172,0
DA:175,0
DA:176,0
DA:178,0
DA:179,0
DA:180,0
DA:182,0
DA:183,0
DA:185,0
DA:187,0
DA:188,0
DA:190,0
DA:191,0
DA:194,0
DA:195,0
DA:196,0
DA:197,0
DA:198,0
DA:199,0
DA:200,0
DA:203,0
DA:204,0
DA:205,0
DA:206,0
DA:208,0
DA:210,0
DA:213,0
DA:214,0
DA:215,0
DA:216,0
DA:217,0
DA:218,0
DA:219,0
DA:223,0
DA:224,0
DA:225,0
DA:228,0
DA:229,0
DA:230,0
DA:232,0
DA:233,0
DA:236,0
DA:237,0
DA:239,0
DA:256,0
DA:273,0
DA:275,0
DA:334,0
DA:356,0
DA:412,0
DA:414,0
DA:434,0
DA:437,0
DA:486,0
DA:513,0
DA:524,0
DA:531,0
DA:550,0
DA:577,0
DA:588,0
DA:595,0
DA:622,0
DA:624,0
DA:638,0
DA:646,0
DA:664,0
DA:675,0
DA:677,0
DA:733,0
DA:741,0
DA:749,0
DA:760,0
DA:779,0
DA:793,0
DA:804,0
DA:821,0
DA:838,0
DA:855,0
DA:870,0
LF:145
LH:0
BRDA:44,0,0,0
BRDA:84,1,0,0
BRDA:84,2,0,0
BRDA:84,2,1,0
BRDA:86,3,0,0
BRDA:86,3,1,0
BRDA:87,4,0,0
BRDA:87,4,1,0
BRDA:92,5,0,0
BRDA:97,6,0,0
BRDA:114,7,0,0
BRDA:114,8,0,0
BRDA:114,8,1,0
BRDA:126,9,0,0
BRDA:141,10,0,0
BRDA:141,10,1,0
BRDA:141,11,0,0
BRDA:141,11,1,0
BRDA:145,12,0,0
BRDA:145,12,1,0
BRDA:157,13,0,0
BRDA:167,14,0,0
BRDA:176,15,0,0
BRDA:182,16,0,0
BRDA:182,16,1,0
BRDA:194,17,0,0
BRDA:194,17,1,0
BRDA:205,18,0,0
BRDA:205,18,1,0
BRDA:214,19,0,0
BRDA:214,19,1,0
BRDA:214,19,2,0
BRDA:214,19,3,0
BRDA:214,19,4,0
BRDA:224,20,0,0
BRDA:229,21,0,0
BRDA:277,22,0,0
BRDA:277,22,1,0
BRDA:284,23,0,0
BRDA:284,23,1,0
BRDA:284,23,2,0
BRDA:295,24,0,0
BRDA:295,24,1,0
BRDA:295,24,2,0
BRDA:299,25,0,0
BRDA:299,25,1,0
BRDA:299,25,2,0
BRDA:308,26,0,0
BRDA:308,26,1,0
BRDA:318,27,0,0
BRDA:318,27,1,0
BRDA:321,28,0,0
BRDA:321,28,1,0
BRDA:343,29,0,0
BRDA:343,29,1,0
BRDA:346,30,0,0
BRDA:346,30,1,0
BRDA:363,31,0,0
BRDA:363,31,1,0
BRDA:365,32,0,0
BRDA:365,32,1,0
BRDA:376,33,0,0
BRDA:376,33,1,0
BRDA:386,34,0,0
BRDA:386,34,1,0
BRDA:393,35,0,0
BRDA:393,35,1,0
BRDA:402,36,0,0
BRDA:402,36,1,0
BRDA:408,37,0,0
BRDA:408,37,1,0
BRDA:417,38,0,0
BRDA:417,38,1,0
BRDA:431,39,0,0
BRDA:431,39,1,0
BRDA:447,40,0,0
BRDA:447,40,1,0
BRDA:447,40,2,0
BRDA:469,41,0,0
BRDA:469,41,1,0
BRDA:475,42,0,0
BRDA:475,42,1,0
BRDA:478,43,0,0
BRDA:478,43,1,0
BRDA:495,44,0,0
BRDA:495,44,1,0
BRDA:501,45,0,0
BRDA:501,45,1,0
BRDA:504,46,0,0
BRDA:504,46,1,0
BRDA:513,47,0,0
BRDA:513,47,1,0
BRDA:515,48,0,0
BRDA:515,48,1,0
BRDA:531,49,0,0
BRDA:531,49,1,0
BRDA:559,50,0,0
BRDA:559,50,1,0
BRDA:565,51,0,0
BRDA:565,51,1,0
BRDA:568,52,0,0
BRDA:568,52,1,0
BRDA:577,53,0,0
BRDA:577,53,1,0
BRDA:579,54,0,0
BRDA:579,54,1,0
BRDA:595,55,0,0
BRDA:595,55,1,0
BRDA:609,56,0,0
BRDA:609,56,1,0
BRDA:615,57,0,0
BRDA:615,57,1,0
BRDA:626,58,0,0
BRDA:626,58,1,0
BRDA:656,59,0,0
BRDA:656,59,1,0
BRDA:658,60,0,0
BRDA:658,60,1,0
BRDA:691,61,0,0
BRDA:691,61,1,0
BRDA:702,62,0,0
BRDA:702,62,1,0
BRDA:724,63,0,0
BRDA:724,63,1,0
BRDA:744,64,0,0
BRDA:744,64,1,0
BRDA:748,65,0,0
BRDA:748,65,1,0
BRDA:760,66,0,0
BRDA:760,66,1,0
BRDA:770,67,0,0
BRDA:770,67,1,0
BRDA:814,68,0,0
BRDA:814,68,1,0
BRF:134
BRH:0
end_of_record
TN:
SF:src/components/traceability/SupplyChainTimeline.tsx
FN:44,(anonymous_10)
FN:72,(anonymous_11)
FN:73,(anonymous_12)
FN:87,(anonymous_13)
FN:93,(anonymous_14)
FN:98,(anonymous_15)
FN:104,(anonymous_16)
FN:110,(anonymous_17)
FN:124,(anonymous_18)
FN:136,(anonymous_19)
FN:148,(anonymous_20)
FN:164,(anonymous_21)
FN:165,(anonymous_22)
FN:183,(anonymous_23)
FN:185,(anonymous_24)
FN:189,(anonymous_25)
FN:214,(anonymous_26)
FN:222,(anonymous_27)
FN:234,(anonymous_28)
FN:243,(anonymous_29)
FN:251,(anonymous_30)
FN:259,(anonymous_31)
FN:277,(anonymous_32)
FN:279,(anonymous_33)
FN:284,(anonymous_34)
FN:284,(anonymous_35)
FN:285,(anonymous_36)
FN:285,(anonymous_37)
FN:286,(anonymous_38)
FN:289,(anonymous_39)
FN:297,(anonymous_40)
FN:311,(anonymous_41)
FN:321,(anonymous_42)
FN:374,(anonymous_43)
FN:428,(anonymous_44)
FN:448,(anonymous_45)
FN:452,(anonymous_46)
FN:509,(anonymous_47)
FN:539,(anonymous_48)
FNF:39
FNH:0
FNDA:0,(anonymous_10)
FNDA:0,(anonymous_11)
FNDA:0,(anonymous_12)
FNDA:0,(anonymous_13)
FNDA:0,(anonymous_14)
FNDA:0,(anonymous_15)
FNDA:0,(anonymous_16)
FNDA:0,(anonymous_17)
FNDA:0,(anonymous_18)
FNDA:0,(anonymous_19)
FNDA:0,(anonymous_20)
FNDA:0,(anonymous_21)
FNDA:0,(anonymous_22)
FNDA:0,(anonymous_23)
FNDA:0,(anonymous_24)
FNDA:0,(anonymous_25)
FNDA:0,(anonymous_26)
FNDA:0,(anonymous_27)
FNDA:0,(anonymous_28)
FNDA:0,(anonymous_29)
FNDA:0,(anonymous_30)
FNDA:0,(anonymous_31)
FNDA:0,(anonymous_32)
FNDA:0,(anonymous_33)
FNDA:0,(anonymous_34)
FNDA:0,(anonymous_35)
FNDA:0,(anonymous_36)
FNDA:0,(anonymous_37)
FNDA:0,(anonymous_38)
FNDA:0,(anonymous_39)
FNDA:0,(anonymous_40)
FNDA:0,(anonymous_41)
FNDA:0,(anonymous_42)
FNDA:0,(anonymous_43)
FNDA:0,(anonymous_44)
FNDA:0,(anonymous_45)
FNDA:0,(anonymous_46)
FNDA:0,(anonymous_47)
FNDA:0,(anonymous_48)
DA:1,0
DA:2,0
DA:3,0
DA:4,0
DA:15,0
DA:16,0
DA:17,0
DA:18,0
DA:19,0
DA:44,0
DA:50,0
DA:51,0
DA:52,0
DA:54,0
DA:55,0
DA:56,0
DA:57,0
DA:58,0
DA:61,0
DA:63,0
DA:72,0
DA:73,0
DA:74,0
DA:75,0
DA:76,0
DA:78,0
DA:83,0
DA:87,0
DA:88,0
DA:91,0
DA:92,0
DA:93,0
DA:94,0
DA:97,0
DA:98,0
DA:99,0
DA:104,0
DA:107,0
DA:108,0
DA:110,0
DA:111,0
DA:112,0
DA:114,0
DA:124,0
DA:125,0
DA:126,0
DA:127,0
DA:128,0
DA:129,0
DA:130,0
DA:131,0
DA:132,0
DA:133,0
DA:136,0
DA:137,0
DA:138,0
DA:139,0
DA:140,0
DA:141,0
DA:142,0
DA:143,0
DA:144,0
DA:145,0
DA:148,0
DA:149,0
DA:151,0
DA:152,0
DA:154,0
DA:155,0
DA:158,0
DA:162,0
DA:163,0
DA:164,0
DA:165,0
DA:168,0
DA:178,0
DA:183,0
DA:186,0
DA:187,0
DA:190,0
DA:193,0
DA:210,0
DA:215,0
DA:216,0
DA:220,0
DA:222,0
DA:228,0
DA:234,0
DA:237,0
DA:243,0
DA:246,0
DA:251,0
DA:254,0
DA:259,0
DA:262,0
DA:263,0
DA:264,0
DA:265,0
DA:266,0
DA:268,0
DA:277,0
DA:278,0
DA:279,0
DA:280,0
DA:284,0
DA:285,0
DA:286,0
DA:289,0
DA:290,0
DA:292,0
DA:293,0
DA:294,0
DA:295,0
DA:297,0
DA:298,0
DA:299,0
DA:300,0
DA:302,0
DA:303,0
DA:304,0
DA:305,0
DA:308,0
DA:311,0
DA:312,0
DA:321,0
DA:322,0
DA:325,0
DA:326,0
DA:333,0
DA:334,0
DA:342,0
DA:343,0
DA:356,0
DA:358,0
DA:374,0
DA:428,0
DA:448,0
DA:453,0
DA:509,0
DA:539,0
DA:622,0
LF:141
LH:0
BRDA:61,0,0,0
BRDA:61,0,1,0
BRDA:74,1,0,0
BRDA:74,2,0,0
BRDA:74,2,1,0
BRDA:74,2,2,0
BRDA:88,3,0,0
BRDA:92,4,0,0
BRDA:97,5,0,0
BRDA:126,6,0,0
BRDA:126,7,0,0
BRDA:126,7,1,0
BRDA:127,8,0,0
BRDA:127,9,0,0
BRDA:127,9,1,0
BRDA:128,10,0,0
BRDA:128,11,0,0
BRDA:128,11,1,0
BRDA:129,12,0,0
BRDA:129,13,0,0
BRDA:129,13,1,0
BRDA:130,14,0,0
BRDA:130,15,0,0
BRDA:130,15,1,0
BRDA:131,16,0,0
BRDA:132,17,0,0
BRDA:138,18,0,0
BRDA:138,19,0,0
BRDA:138,19,1,0
BRDA:139,20,0,0
BRDA:139,21,0,0
BRDA:139,21,1,0
BRDA:140,22,0,0
BRDA:140,23,0,0
BRDA:140,23,1,0
BRDA:141,24,0,0
BRDA:141,25,0,0
BRDA:141,25,1,0
BRDA:142,26,0,0
BRDA:142,27,0,0
BRDA:142,27,1,0
BRDA:143,28,0,0
BRDA:144,29,0,0
BRDA:149,30,0,0
BRDA:149,31,0,0
BRDA:149,31,1,0
BRDA:155,32,0,0
BRDA:162,33,0,0
BRDA:187,34,0,0
BRDA:207,35,0,0
BRDA:207,35,1,0
BRDA:262,36,0,0
BRDA:278,37,0,0
BRDA:290,38,0,0
BRDA:325,39,0,0
BRDA:333,40,0,0
BRDA:342,41,0,0
BRDA:419,42,0,0
BRDA:419,42,1,0
BRDA:476,43,0,0
BRDA:476,43,1,0
BRDA:500,44,0,0
BRDA:500,44,1,0
BRDA:554,45,0,0
BRDA:554,45,1,0
BRDA:607,46,0,0
BRDA:607,46,1,0
BRF:67
BRH:0
end_of_record
TN:
SF:src/components/traceability/TraceabilityExplorer.tsx
FN:16,(anonymous_1)
FN:47,(anonymous_2)
FN:57,(anonymous_3)
FN:63,(anonymous_4)
FN:79,(anonymous_5)
FN:85,(anonymous_6)
FN:93,(anonymous_7)
FN:106,(anonymous_8)
FN:114,(anonymous_9)
FN:124,(anonymous_10)
FN:164,(anonymous_11)
FN:165,(anonymous_12)
FN:180,(anonymous_13)
FN:198,(anonymous_14)
FN:217,(anonymous_15)
FN:228,(anonymous_16)
FN:286,(anonymous_17)
FN:290,(anonymous_18)
FN:346,(anonymous_19)
FN:353,(anonymous_20)
FN:361,(anonymous_21)
FN:372,(anonymous_22)
FNF:22
FNH:0
FNDA:0,(anonymous_1)
FNDA:0,(anonymous_2)
FNDA:0,(anonymous_3)
FNDA:0,(anonymous_4)
FNDA:0,(anonymous_5)
FNDA:0,(anonymous_6)
FNDA:0,(anonymous_7)
FNDA:0,(anonymous_8)
FNDA:0,(anonymous_9)
FNDA:0,(anonymous_10)
FNDA:0,(anonymous_11)
FNDA:0,(anonymous_12)
FNDA:0,(anonymous_13)
FNDA:0,(anonymous_14)
FNDA:0,(anonymous_15)
FNDA:0,(anonymous_16)
FNDA:0,(anonymous_17)
FNDA:0,(anonymous_18)
FNDA:0,(anonymous_19)
FNDA:0,(anonymous_20)
FNDA:0,(anonymous_21)
FNDA:0,(anonymous_22)
DA:1,0
DA:2,0
DA:3,0
DA:4,0
DA:5,0
DA:6,0
DA:7,0
DA:8,0
DA:9,0
DA:16,0
DA:28,0
DA:30,0
DA:31,0
DA:32,0
DA:33,0
DA:34,0
DA:37,0
DA:38,0
DA:39,0
DA:42,0
DA:43,0
DA:44,0
DA:45,0
DA:47,0
DA:48,0
DA:49,0
DA:50,0
DA:53,0
DA:54,0
DA:57,0
DA:58,0
DA:59,0
DA:60,0
DA:63,0
DA:64,0
DA:65,0
DA:66,0
DA:67,0
DA:68,0
DA:69,0
DA:71,0
DA:72,0
DA:73,0
DA:74,0
DA:76,0
DA:79,0
DA:80,0
DA:81,0
DA:85,0
DA:86,0
DA:87,0
DA:89,0
DA:93,0
DA:95,0
DA:96,0
DA:97,0
DA:98,0
DA:100,0
DA:101,0
DA:102,0
DA:103,0
DA:106,0
DA:107,0
DA:108,0
DA:109,0
DA:110,0
DA:111,0
DA:114,0
DA:115,0
DA:124,0
DA:125,0
DA:126,0
DA:130,0
DA:164,0
DA:165,0
DA:180,0
DA:198,0
DA:217,0
DA:228,0
DA:287,0
DA:290,0
DA:346,0
DA:354,0
DA:355,0
DA:357,0
DA:361,0
DA:372,0
DA:384,0
LF:88
LH:0
BRDA:37,0,0,0
BRDA:37,0,1,0
BRDA:38,1,0,0
BRDA:38,1,1,0
BRDA:39,2,0,0
BRDA:39,2,1,0
BRDA:44,3,0,0
BRDA:44,3,1,0
BRDA:48,4,0,0
BRDA:65,5,0,0
BRDA:65,5,1,0
BRDA:66,6,0,0
BRDA:66,6,1,0
BRDA:67,7,0,0
BRDA:67,7,1,0
BRDA:68,8,0,0
BRDA:68,8,1,0
BRDA:69,9,0,0
BRDA:71,10,0,0
BRDA:71,10,1,0
BRDA:72,11,0,0
BRDA:72,11,1,0
BRDA:73,12,0,0
BRDA:73,12,1,0
BRDA:74,13,0,0
BRDA:80,14,0,0
BRDA:86,15,0,0
BRDA:86,15,1,0
BRDA:98,16,0,0
BRDA:98,16,1,0
BRDA:100,17,0,0
BRDA:100,18,0,0
BRDA:100,18,1,0
BRDA:100,18,2,0
BRDA:101,19,0,0
BRDA:101,20,0,0
BRDA:101,20,1,0
BRDA:102,21,0,0
BRDA:108,22,0,0
BRDA:109,23,0,0
BRDA:110,24,0,0
BRDA:125,25,0,0
BRDA:125,26,0,0
BRDA:125,26,1,0
BRDA:146,27,0,0
BRDA:146,27,1,0
BRDA:149,28,0,0
BRDA:149,28,1,0
BRDA:149,29,0,0
BRDA:149,29,1,0
BRDA:165,30,0,0
BRDA:165,30,1,0
BRDA:170,31,0,0
BRDA:170,31,1,0
BRDA:172,32,0,0
BRDA:172,32,1,0
BRDA:172,32,2,0
BRDA:189,33,0,0
BRDA:189,33,1,0
BRDA:197,34,0,0
BRDA:197,34,1,0
BRDA:216,35,0,0
BRDA:216,35,1,0
BRDA:227,36,0,0
BRDA:227,36,1,0
BRDA:238,37,0,0
BRDA:238,37,1,0
BRDA:238,37,2,0
BRDA:242,38,0,0
BRDA:242,38,1,0
BRDA:242,38,2,0
BRDA:248,39,0,0
BRDA:248,39,1,0
BRDA:248,39,2,0
BRDA:251,40,0,0
BRDA:251,40,1,0
BRDA:254,41,0,0
BRDA:254,41,1,0
BRDA:260,42,0,0
BRDA:260,42,1,0
BRDA:267,43,0,0
BRDA:267,43,1,0
BRDA:267,44,0,0
BRDA:267,44,1,0
BRDA:271,45,0,0
BRDA:271,45,1,0
BRDA:275,46,0,0
BRDA:275,46,1,0
BRDA:278,47,0,0
BRDA:278,47,1,0
BRDA:308,48,0,0
BRDA:308,48,1,0
BRDA:315,49,0,0
BRDA:315,49,1,0
BRDA:330,50,0,0
BRDA:330,50,1,0
BRDA:342,51,0,0
BRDA:342,51,1,0
BRDA:342,51,2,0
BRDA:355,52,0,0
BRDA:360,53,0,0
BRDA:360,53,1,0
BRF:102
BRH:0
end_of_record
TN:
SF:src/components/ui/Alert.tsx
FN:13,(anonymous_1)
FNF:1
FNH:0
FNDA:0,(anonymous_1)
DA:1,0
DA:2,0
DA:12,0
DA:23,0
DA:30,0
DA:37,0
DA:60,0
DA:103,0
DA:105,0
LF:9
LH:0
BRDA:17,0,0,0
BRDA:19,1,0,0
BRDA:71,2,0,0
BRDA:71,2,1,0
BRDA:76,3,0,0
BRDA:76,3,1,0
BRDA:80,4,0,0
BRDA:80,4,1,0
BRDA:80,4,2,0
BRF:9
BRH:0
end_of_record
TN:
SF:src/components/ui/Badge.tsx
FN:9,(anonymous_1)
FNF:1
FNH:0
FNDA:0,(anonymous_1)
DA:1,0
DA:8,0
DA:19,0
DA:21,0
DA:31,0
DA:37,0
DA:39,0
DA:47,0
DA:49,0
LF:9
LH:0
BRDA:12,0,0,0
BRDA:13,1,0,0
BRDA:14,2,0,0
BRF:3
BRH:0
end_of_record
TN:
SF:src/components/ui/Button.tsx
FN:11,(anonymous_1)
FNF:1
FNH:0
FNDA:0,(anonymous_1)
DA:1,0
DA:10,0
DA:24,0
DA:26,0
DA:33,0
DA:39,0
DA:41,0
DA:43,0
DA:64,0
DA:66,0
LF:10
LH:0
BRDA:14,0,0,0
BRDA:15,1,0,0
BRDA:16,2,0,0
BRDA:17,3,0,0
BRDA:18,4,0,0
BRDA:39,5,0,0
BRDA:39,5,1,0
BRDA:47,6,0,0
BRDA:47,6,1,0
BRDA:50,7,0,0
BRDA:50,7,1,0
BRF:11
BRH:0
end_of_record
TN:
SF:src/components/ui/Card.tsx
FN:11,(anonymous_1)
FNF:1
FNH:0
FNDA:0,(anonymous_1)
DA:1,0
DA:10,0
DA:23,0
DA:25,0
DA:31,0
DA:33,0
DA:58,0
DA:60,0
LF:8
LH:0
BRDA:17,0,0,0
BRDA:18,1,0,0
BRDA:35,2,0,0
BRDA:35,2,1,0
BRDA:35,2,2,0
BRDA:35,2,3,0
BRDA:39,3,0,0
BRDA:39,3,1,0
BRDA:42,4,0,0
BRDA:42,4,1,0
BRDA:46,5,0,0
BRDA:46,5,1,0
BRF:12
BRH:0
end_of_record
TN:
SF:src/components/ui/Input.tsx
FN:11,(anonymous_1)
FNF:1
FNH:0
FNDA:0,(anonymous_1)
DA:1,0
DA:10,0
DA:23,0
DA:25,0
DA:29,0
DA:31,0
DA:33,0
DA:35,0
DA:61,0
DA:63,0
LF:10
LH:0
BRDA:16,0,0,0
BRDA:17,1,0,0
BRDA:25,2,0,0
BRDA:25,2,1,0
BRDA:29,3,0,0
BRDA:29,3,1,0
BRDA:33,4,0,0
BRDA:33,4,1,0
BRDA:33,5,0,0
BRDA:33,5,1,0
BRDA:36,6,0,0
BRDA:36,6,1,0
BRDA:37,7,0,0
BRDA:37,7,1,0
BRDA:51,8,0,0
BRDA:51,8,1,0
BRDA:51,8,2,0
BRDA:52,9,0,0
BRDA:52,9,1,0
BRDA:53,10,0,0
BRDA:53,10,1,0
BRF:21
BRH:0
end_of_record
TN:
SF:src/components/ui/LoadingSpinner.tsx
FN:10,(anonymous_1)
FNF:1
FNH:0
FNDA:0,(anonymous_1)
DA:1,0
DA:9,0
DA:18,0
DA:24,0
DA:28,0
DA:60,0
DA:62,0
LF:7
LH:0
BRDA:12,0,0,0
BRDA:14,1,0,0
BRDA:24,2,0,0
BRDA:24,2,1,0
BRDA:52,3,0,0
BRDA:52,3,1,0
BRF:6
BRH:0
end_of_record
TN:
SF:src/components/ui/TextArea.tsx
FN:11,(anonymous_1)
FNF:1
FNH:0
FNDA:0,(anonymous_1)
DA:1,0
DA:10,0
DA:23,0
DA:25,0
DA:29,0
DA:31,0
DA:33,0
DA:35,0
DA:61,0
DA:63,0
LF:10
LH:0
BRDA:16,0,0,0
BRDA:17,1,0,0
BRDA:25,2,0,0
BRDA:25,2,1,0
BRDA:29,3,0,0
BRDA:29,3,1,0
BRDA:33,4,0,0
BRDA:33,4,1,0
BRDA:33,5,0,0
BRDA:33,5,1,0
BRDA:36,6,0,0
BRDA:36,6,1,0
BRDA:37,7,0,0
BRDA:37,7,1,0
BRDA:51,8,0,0
BRDA:51,8,1,0
BRDA:51,8,2,0
BRDA:52,9,0,0
BRDA:52,9,1,0
BRDA:53,10,0,0
BRDA:53,10,1,0
BRF:21
BRH:0
end_of_record
TN:
SF:src/contexts/AuthContext.tsx
FN:20,(anonymous_0)
FN:32,(anonymous_1)
FN:38,(anonymous_2)
FN:48,(anonymous_3)
FN:77,(anonymous_4)
FN:84,(anonymous_5)
FN:94,(anonymous_6)
FN:123,(anonymous_7)
FN:138,(anonymous_8)
FNF:9
FNH:0
FNDA:0,(anonymous_0)
FNDA:0,(anonymous_1)
FNDA:0,(anonymous_2)
FNDA:0,(anonymous_3)
FNDA:0,(anonymous_4)
FNDA:0,(anonymous_5)
FNDA:0,(anonymous_6)
FNDA:0,(anonymous_7)
FNDA:0,(anonymous_8)
DA:1,0
DA:2,0
DA:18,0
DA:20,0
DA:21,0
DA:22,0
DA:23,0
DA:25,0
DA:32,0
DA:33,0
DA:34,0
DA:35,0
DA:38,0
DA:39,0
DA:40,0
DA:42,0
DA:44,0
DA:48,0
DA:49,0
DA:50,0
DA:57,0
DA:59,0
DA:60,0
DA:64,0
DA:67,0
DA:70,0
DA:71,0
DA:73,0
DA:77,0
DA:78,0
DA:79,0
DA:80,0
DA:81,0
DA:84,0
DA:87,0
DA:89,0
DA:90,0
DA:94,0
DA:95,0
DA:96,0
DA:107,0
DA:108,0
DA:109,0
DA:112,0
DA:113,0
DA:116,0
DA:121,0
DA:123,0
DA:124,0
DA:130,0
DA:131,0
DA:138,0
DA:139,0
DA:140,0
DA:141,0
DA:144,0
DA:153,0
DA:156,0
LF:58
LH:0
BRDA:22,0,0,0
BRDA:40,1,0,0
BRDA:40,1,1,0
BRDA:57,2,0,0
BRDA:57,2,1,0
BRDA:107,3,0,0
BRDA:107,3,1,0
BRDA:126,4,0,0
BRDA:126,4,1,0
BRF:9
BRH:0
end_of_record
TN:
SF:src/contexts/ThemeContext.tsx
FN:5,(anonymous_0)
FN:7,(anonymous_1)
FN:10,(anonymous_2)
FN:22,(anonymous_3)
FN:34,(anonymous_4)
FN:35,(anonymous_5)
FNF:6
FNH:0
FNDA:0,(anonymous_0)
FNDA:0,(anonymous_1)
FNDA:0,(anonymous_2)
FNDA:0,(anonymous_3)
FNDA:0,(anonymous_4)
FNDA:0,(anonymous_5)
DA:1,0
DA:2,0
DA:5,0
DA:7,0
DA:8,0
DA:10,0
DA:12,0
DA:13,0
DA:15,0
DA:16,0
DA:17,0
DA:18,0
DA:22,0
DA:24,0
DA:25,0
DA:27,0
DA:31,0
DA:34,0
DA:35,0
DA:38,0
DA:43,0
LF:21
LH:0
BRDA:15,0,0,0
BRDA:15,0,1,0
BRDA:17,1,0,0
BRDA:24,2,0,0
BRDA:24,2,1,0
BRDA:35,3,0,0
BRDA:35,3,1,0
BRF:7
BRH:0
end_of_record
TN:
SF:src/contexts/ThemeContextProvider.tsx
FNF:0
FNH:0
DA:1,0
DA:4,0
LF:2
LH:0
BRF:0
BRH:0
end_of_record
TN:
SF:src/features/knowledge-graph/KnowledgeGraph.tsx
FN:31,(anonymous_1)
FN:40,(anonymous_2)
FN:42,(anonymous_3)
FN:50,localName
FN:55,normalizeTerm
FN:66,loadGraphData
FN:186,initializeGraph
FN:197,(anonymous_8)
FN:204,(anonymous_9)
FN:294,(anonymous_10)
FN:299,(anonymous_11)
FN:306,getNodeTypeVariant
FN:318,(anonymous_13)
FN:344,(anonymous_14)
FN:371,(anonymous_15)
FN:378,(anonymous_16)
FN:387,(anonymous_17)
FN:388,(anonymous_18)
FN:432,(anonymous_19)
FN:435,(anonymous_20)
FN:471,(anonymous_21)
FN:501,(anonymous_22)
FN:502,(anonymous_23)
FN:517,(anonymous_24)
FN:518,(anonymous_25)
FNF:25
FNH:0
FNDA:0,(anonymous_1)
FNDA:0,(anonymous_2)
FNDA:0,(anonymous_3)
FNDA:0,localName
FNDA:0,normalizeTerm
FNDA:0,loadGraphData
FNDA:0,initializeGraph
FNDA:0,(anonymous_8)
FNDA:0,(anonymous_9)
FNDA:0,(anonymous_10)
FNDA:0,(anonymous_11)
FNDA:0,getNodeTypeVariant
FNDA:0,(anonymous_13)
FNDA:0,(anonymous_14)
FNDA:0,(anonymous_15)
FNDA:0,(anonymous_16)
FNDA:0,(anonymous_17)
FNDA:0,(anonymous_18)
FNDA:0,(anonymous_19)
FNDA:0,(anonymous_20)
FNDA:0,(anonymous_21)
FNDA:0,(anonymous_22)
FNDA:0,(anonymous_23)
FNDA:0,(anonymous_24)
FNDA:0,(anonymous_25)
DA:1,0
DA:2,0
DA:3,0
DA:4,0
DA:5,0
DA:6,0
DA:7,0
DA:8,0
DA:31,0
DA:32,0
DA:33,0
DA:34,0
DA:35,0
DA:36,0
DA:37,0
DA:38,0
DA:40,0
DA:41,0
DA:42,0
DA:43,0
DA:44,0
DA:51,0
DA:52,0
DA:56,0
DA:57,0
DA:58,0
DA:63,0
DA:67,0
DA:68,0
DA:69,0
DA:72,0
DA:85,0
DA:86,0
DA:88,0
DA:89,0
DA:90,0
DA:92,0
DA:93,0
DA:94,0
DA:95,0
DA:96,0
DA:97,0
DA:99,0
DA:100,0
DA:101,0
DA:108,0
DA:109,0
DA:110,0
DA:111,0
DA:114,0
DA:115,0
DA:116,0
DA:117,0
DA:121,0
DA:122,0
DA:123,0
DA:131,0
DA:132,0
DA:133,0
DA:141,0
DA:148,0
DA:149,0
DA:152,0
DA:154,0
DA:155,0
DA:159,0
DA:162,0
DA:170,0
DA:178,0
DA:179,0
DA:180,0
DA:182,0
DA:187,0
DA:190,0
DA:191,0
DA:194,0
DA:197,0
DA:204,0
DA:294,0
DA:295,0
DA:296,0
DA:299,0
DA:300,0
DA:301,0
DA:309,0
DA:315,0
DA:318,0
DA:319,0
DA:322,0
DA:323,0
DA:330,0
DA:344,0
DA:371,0
DA:378,0
DA:388,0
DA:389,0
DA:391,0
DA:433,0
DA:435,0
DA:472,0
DA:501,0
DA:503,0
DA:517,0
DA:519,0
DA:538,0
LF:105
LH:0
BRDA:43,0,0,0
BRDA:52,1,0,0
BRDA:52,1,1,0
BRDA:56,2,0,0
BRDA:57,3,0,0
BRDA:59,4,0,0
BRDA:59,4,1,0
BRDA:86,5,0,0
BRDA:86,5,1,0
BRDA:99,6,0,0
BRDA:99,7,0,0
BRDA:99,7,1,0
BRDA:99,7,2,0
BRDA:108,8,0,0
BRDA:108,8,1,0
BRDA:111,9,0,0
BRDA:111,9,1,0
BRDA:114,10,0,0
BRDA:114,10,1,0
BRDA:114,10,2,0
BRDA:121,11,0,0
BRDA:125,12,0,0
BRDA:125,12,1,0
BRDA:125,13,0,0
BRDA:125,13,1,0
BRDA:131,14,0,0
BRDA:157,15,0,0
BRDA:157,15,1,0
BRDA:157,15,2,0
BRDA:187,16,0,0
BRDA:190,17,0,0
BRDA:300,18,0,0
BRDA:315,19,0,0
BRDA:315,19,1,0
BRDA:322,20,0,0
BRDA:342,21,0,0
BRDA:342,21,1,0
BRDA:384,22,0,0
BRDA:384,22,1,0
BRDA:389,23,0,0
BRDA:436,24,0,0
BRDA:436,24,1,0
BRDA:440,25,0,0
BRDA:440,25,1,0
BRDA:475,26,0,0
BRDA:475,26,1,0
BRDA:480,27,0,0
BRDA:480,27,1,0
BRDA:494,28,0,0
BRDA:494,28,1,0
BRDA:505,29,0,0
BRDA:505,29,1,0
BRDA:525,30,0,0
BRDA:525,30,1,0
BRF:54
BRH:0
end_of_record
TN:
SF:src/features/ontology/OntologyManager.tsx
FN:40,(anonymous_1)
FN:46,(anonymous_2)
FN:50,(anonymous_3)
FN:71,(anonymous_4)
FN:98,(anonymous_5)
FN:121,(anonymous_6)
FN:158,(anonymous_7)
FN:175,(anonymous_8)
FN:205,(anonymous_9)
FNF:9
FNH:0
FNDA:0,(anonymous_1)
FNDA:0,(anonymous_2)
FNDA:0,(anonymous_3)
FNDA:0,(anonymous_4)
FNDA:0,(anonymous_5)
FNDA:0,(anonymous_6)
FNDA:0,(anonymous_7)
FNDA:0,(anonymous_8)
FNDA:0,(anonymous_9)
DA:1,0
DA:2,0
DA:3,0
DA:4,0
DA:5,0
DA:6,0
DA:7,0
DA:40,0
DA:41,0
DA:42,0
DA:43,0
DA:44,0
DA:46,0
DA:47,0
DA:50,0
DA:51,0
DA:52,0
DA:53,0
DA:56,0
DA:70,0
DA:71,0
DA:72,0
DA:73,0
DA:74,0
DA:82,0
DA:97,0
DA:98,0
DA:99,0
DA:100,0
DA:101,0
DA:109,0
DA:110,0
DA:112,0
DA:113,0
DA:114,0
DA:115,0
DA:117,0
DA:121,0
DA:122,0
DA:125,0
DA:126,0
DA:133,0
DA:158,0
DA:176,0
DA:206,0
DA:250,0
LF:46
LH:0
BRDA:72,0,0,0
BRDA:72,0,1,0
BRDA:73,1,0,0
BRDA:73,1,1,0
BRDA:76,2,0,0
BRDA:76,2,1,0
BRDA:77,3,0,0
BRDA:77,3,1,0
BRDA:99,4,0,0
BRDA:99,4,1,0
BRDA:100,5,0,0
BRDA:100,5,1,0
BRDA:103,6,0,0
BRDA:103,6,1,0
BRDA:104,7,0,0
BRDA:104,7,1,0
BRDA:105,8,0,0
BRDA:105,8,1,0
BRDA:112,9,0,0
BRDA:112,9,1,0
BRDA:114,10,0,0
BRDA:114,10,1,0
BRDA:125,11,0,0
BRDA:152,12,0,0
BRDA:152,12,1,0
BRF:25
BRH:0
end_of_record
TN:
SF:src/features/provenance/ProvenanceTracker.tsx
FN:29,(anonymous_1)
FN:36,(anonymous_2)
FN:46,(anonymous_3)
FN:56,(anonymous_4)
FN:70,(anonymous_5)
FN:134,(anonymous_6)
FN:142,(anonymous_7)
FN:148,(anonymous_8)
FN:173,(anonymous_9)
FN:210,(anonymous_10)
FN:213,(anonymous_11)
FN:256,(anonymous_12)
FN:263,(anonymous_13)
FN:270,(anonymous_14)
FN:279,(anonymous_15)
FN:280,(anonymous_16)
FN:313,(anonymous_17)
FN:317,(anonymous_18)
FNF:18
FNH:0
FNDA:0,(anonymous_1)
FNDA:0,(anonymous_2)
FNDA:0,(anonymous_3)
FNDA:0,(anonymous_4)
FNDA:0,(anonymous_5)
FNDA:0,(anonymous_6)
FNDA:0,(anonymous_7)
FNDA:0,(anonymous_8)
FNDA:0,(anonymous_9)
FNDA:0,(anonymous_10)
FNDA:0,(anonymous_11)
FNDA:0,(anonymous_12)
FNDA:0,(anonymous_13)
FNDA:0,(anonymous_14)
FNDA:0,(anonymous_15)
FNDA:0,(anonymous_16)
FNDA:0,(anonymous_17)
FNDA:0,(anonymous_18)
DA:1,0
DA:2,0
DA:3,0
DA:4,0
DA:5,0
DA:6,0
DA:7,0
DA:29,0
DA:30,0
DA:31,0
DA:32,0
DA:33,0
DA:34,0
DA:36,0
DA:37,0
DA:43,0
DA:46,0
DA:47,0
DA:53,0
DA:56,0
DA:57,0
DA:58,0
DA:59,0
DA:62,0
DA:63,0
DA:64,0
DA:66,0
DA:67,0
DA:70,0
DA:79,0
DA:81,0
DA:82,0
DA:83,0
DA:84,0
DA:86,0
DA:128,0
DA:130,0
DA:134,0
DA:135,0
DA:137,0
DA:138,0
DA:142,0
DA:143,0
DA:144,0
DA:148,0
DA:150,0
DA:153,0
DA:173,0
DA:211,0
DA:213,0
DA:256,0
DA:263,0
DA:270,0
DA:280,0
DA:281,0
DA:283,0
DA:314,0
DA:315,0
DA:318,0
DA:348,0
LF:60
LH:0
BRDA:43,0,0,0
BRDA:43,0,1,0
BRDA:53,1,0,0
BRDA:53,1,1,0
BRDA:57,2,0,0
BRDA:70,3,0,0
BRDA:70,3,1,0
BRDA:72,4,0,0
BRDA:72,4,1,0
BRDA:73,5,0,0
BRDA:73,5,1,0
BRDA:73,5,2,0
BRDA:74,6,0,0
BRDA:74,6,1,0
BRDA:75,7,0,0
BRDA:75,7,1,0
BRDA:76,8,0,0
BRDA:76,8,1,0
BRDA:81,9,0,0
BRDA:81,9,1,0
BRDA:83,10,0,0
BRDA:83,10,1,0
BRDA:92,11,0,0
BRDA:92,11,1,0
BRDA:100,12,0,0
BRDA:100,12,1,0
BRDA:108,13,0,0
BRDA:108,13,1,0
BRDA:116,14,0,0
BRDA:116,14,1,0
BRDA:124,15,0,0
BRDA:124,15,1,0
BRDA:137,16,0,0
BRDA:143,17,0,0
BRDA:167,18,0,0
BRDA:167,18,1,0
BRDA:195,19,0,0
BRDA:195,19,1,0
BRDA:200,20,0,0
BRDA:200,20,1,0
BRDA:206,21,0,0
BRDA:206,21,1,0
BRDA:206,21,2,0
BRDA:215,22,0,0
BRDA:215,22,1,0
BRDA:276,23,0,0
BRDA:276,23,1,0
BRDA:281,24,0,0
BRDA:314,25,0,0
BRDA:314,25,1,0
BRDA:335,26,0,0
BRDA:335,26,1,0
BRDA:335,26,2,0
BRDA:335,26,3,0
BRF:54
BRH:0
end_of_record
TN:
SF:src/features/queries/TraceabilityQueries.tsx
FN:10,(anonymous_1)
FN:28,(anonymous_2)
FN:89,(anonymous_3)
FN:117,(anonymous_4)
FN:128,(anonymous_5)
FN:132,(anonymous_6)
FN:149,(anonymous_7)
FN:166,(anonymous_8)
FN:174,(anonymous_9)
FN:176,(anonymous_10)
FNF:10
FNH:0
FNDA:0,(anonymous_1)
FNDA:0,(anonymous_2)
FNDA:0,(anonymous_3)
FNDA:0,(anonymous_4)
FNDA:0,(anonymous_5)
FNDA:0,(anonymous_6)
FNDA:0,(anonymous_7)
FNDA:0,(anonymous_8)
FNDA:0,(anonymous_9)
FNDA:0,(anonymous_10)
DA:1,0
DA:2,0
DA:3,0
DA:4,0
DA:5,0
DA:6,0
DA:7,0
DA:8,0
DA:10,0
DA:11,0
DA:24,0
DA:25,0
DA:26,0
DA:28,0
DA:29,0
DA:30,0
DA:31,0
DA:32,0
DA:34,0
DA:35,0
DA:37,0
DA:38,0
DA:40,0
DA:44,0
DA:89,0
DA:90,0
DA:93,0
DA:117,0
DA:129,0
DA:132,0
DA:149,0
DA:167,0
DA:175,0
DA:177,0
DA:212,0
LF:35
LH:0
BRDA:34,0,0,0
BRDA:34,0,1,0
BRDA:38,1,0,0
BRDA:38,1,1,0
BRDA:38,1,2,0
BRDA:107,2,0,0
BRDA:107,2,1,0
BRDA:142,3,0,0
BRDA:142,3,1,0
BRDA:154,4,0,0
BRDA:154,4,1,0
BRDA:160,5,0,0
BRDA:160,5,1,0
BRDA:160,5,2,0
BRDA:160,5,3,0
BRDA:166,6,0,0
BRDA:166,6,1,0
BRDA:179,7,0,0
BRDA:179,7,1,0
BRDA:180,8,0,0
BRDA:180,8,1,0
BRDA:183,9,0,0
BRDA:183,9,1,0
BRDA:197,10,0,0
BRDA:197,10,1,0
BRDA:197,10,2,0
BRDA:197,10,3,0
BRDA:197,10,4,0
BRF:28
BRH:0
end_of_record
TN:
SF:src/features/rdf/RDFTripleStore.tsx
FN:33,(anonymous_1)
FN:41,(anonymous_2)
FN:45,(anonymous_3)
FN:63,(anonymous_4)
FN:88,(anonymous_5)
FN:101,(anonymous_6)
FN:106,(anonymous_7)
FN:116,(anonymous_8)
FN:117,(anonymous_9)
FN:124,(anonymous_10)
FN:156,(anonymous_11)
FN:167,(anonymous_12)
FN:178,(anonymous_13)
FN:185,(anonymous_14)
FN:192,(anonymous_15)
FN:216,(anonymous_16)
FN:221,(anonymous_17)
FN:239,(anonymous_18)
FNF:18
FNH:0
FNDA:0,(anonymous_1)
FNDA:0,(anonymous_2)
FNDA:0,(anonymous_3)
FNDA:0,(anonymous_4)
FNDA:0,(anonymous_5)
FNDA:0,(anonymous_6)
FNDA:0,(anonymous_7)
FNDA:0,(anonymous_8)
FNDA:0,(anonymous_9)
FNDA:0,(anonymous_10)
FNDA:0,(anonymous_11)
FNDA:0,(anonymous_12)
FNDA:0,(anonymous_13)
FNDA:0,(anonymous_14)
FNDA:0,(anonymous_15)
FNDA:0,(anonymous_16)
FNDA:0,(anonymous_17)
FNDA:0,(anonymous_18)
DA:1,0
DA:2,0
DA:3,0
DA:4,0
DA:5,0
DA:6,0
DA:7,0
DA:8,0
DA:33,0
DA:34,0
DA:35,0
DA:36,0
DA:37,0
DA:38,0
DA:39,0
DA:41,0
DA:42,0
DA:45,0
DA:46,0
DA:47,0
DA:48,0
DA:51,0
DA:62,0
DA:63,0
DA:69,0
DA:71,0
DA:72,0
DA:75,0
DA:82,0
DA:84,0
DA:88,0
DA:89,0
DA:90,0
DA:91,0
DA:94,0
DA:95,0
DA:96,0
DA:98,0
DA:101,0
DA:102,0
DA:103,0
DA:106,0
DA:108,0
DA:109,0
DA:110,0
DA:112,0
DA:116,0
DA:117,0
DA:119,0
DA:120,0
DA:124,0
DA:125,0
DA:128,0
DA:129,0
DA:136,0
DA:156,0
DA:167,0
DA:178,0
DA:185,0
DA:192,0
DA:216,0
DA:221,0
DA:240,0
DA:264,0
LF:64
LH:0
BRDA:64,0,0,0
BRDA:64,0,1,0
BRDA:65,1,0,0
BRDA:65,1,1,0
BRDA:66,2,0,0
BRDA:66,2,1,0
BRDA:71,3,0,0
BRDA:71,3,1,0
BRDA:71,3,2,0
BRDA:89,4,0,0
BRDA:89,5,0,0
BRDA:89,5,1,0
BRDA:89,5,2,0
BRDA:108,6,0,0
BRDA:108,6,1,0
BRDA:108,6,2,0
BRDA:119,7,0,0
BRDA:128,8,0,0
BRDA:150,9,0,0
BRDA:150,9,1,0
BRDA:161,10,0,0
BRDA:161,10,1,0
BRDA:164,11,0,0
BRDA:164,11,1,0
BRDA:202,12,0,0
BRDA:202,12,1,0
BRDA:243,13,0,0
BRDA:243,13,1,0
BRDA:248,14,0,0
BRDA:248,14,1,0
BRDA:252,15,0,0
BRDA:252,15,1,0
BRF:32
BRH:0
end_of_record
TN:
SF:src/hooks/useBlockchain.ts
FN:31,(anonymous_1)
FN:47,(anonymous_2)
FN:64,(anonymous_3)
FN:81,(anonymous_4)
FN:152,(anonymous_5)
FN:163,(anonymous_6)
FN:174,(anonymous_7)
FN:188,(anonymous_8)
FN:189,(anonymous_9)
FN:190,(anonymous_10)
FN:192,(anonymous_11)
FN:194,(anonymous_12)
FN:200,(anonymous_13)
FN:210,(anonymous_14)
FN:211,(anonymous_15)
FN:213,(anonymous_16)
FN:221,(anonymous_17)
FN:230,(anonymous_18)
FN:234,(anonymous_19)
FN:243,(anonymous_20)
FN:251,(anonymous_21)
FNF:21
FNH:0
FNDA:0,(anonymous_1)
FNDA:0,(anonymous_2)
FNDA:0,(anonymous_3)
FNDA:0,(anonymous_4)
FNDA:0,(anonymous_5)
FNDA:0,(anonymous_6)
FNDA:0,(anonymous_7)
FNDA:0,(anonymous_8)
FNDA:0,(anonymous_9)
FNDA:0,(anonymous_10)
FNDA:0,(anonymous_11)
FNDA:0,(anonymous_12)
FNDA:0,(anonymous_13)
FNDA:0,(anonymous_14)
FNDA:0,(anonymous_15)
FNDA:0,(anonymous_16)
FNDA:0,(anonymous_17)
FNDA:0,(anonymous_18)
FNDA:0,(anonymous_19)
FNDA:0,(anonymous_20)
FNDA:0,(anonymous_21)
DA:1,0
DA:2,0
DA:3,0
DA:31,0
DA:32,0
DA:33,0
DA:34,0
DA:35,0
DA:37,0
DA:38,0
DA:39,0
DA:40,0
DA:42,0
DA:44,0
DA:47,0
DA:48,0
DA:49,0
DA:50,0
DA:52,0
DA:53,0
DA:55,0
DA:56,0
DA:57,0
DA:59,0
DA:64,0
DA:65,0
DA:66,0
DA:67,0
DA:69,0
DA:70,0
DA:72,0
DA:73,0
DA:74,0
DA:76,0
DA:81,0
DA:82,0
DA:83,0
DA:84,0
DA:86,0
DA:92,0
DA:93,0
DA:94,0
DA:97,0
DA:109,0
DA:118,0
DA:119,0
DA:121,0
DA:122,0
DA:123,0
DA:126,0
DA:138,0
DA:147,0
DA:152,0
DA:153,0
DA:154,0
DA:155,0
DA:157,0
DA:158,0
DA:163,0
DA:164,0
DA:165,0
DA:166,0
DA:168,0
DA:169,0
DA:174,0
DA:175,0
DA:176,0
DA:177,0
DA:183,0
DA:188,0
DA:189,0
DA:190,0
DA:192,0
DA:193,0
DA:194,0
DA:196,0
DA:200,0
DA:201,0
DA:202,0
DA:210,0
DA:211,0
DA:213,0
DA:214,0
DA:215,0
DA:217,0
DA:221,0
DA:222,0
DA:223,0
DA:230,0
DA:231,0
DA:234,0
DA:235,0
DA:236,0
DA:243,0
DA:244,0
DA:245,0
DA:246,0
DA:251,0
DA:252,0
DA:255,0
DA:281,0
LF:101
LH:0
BRDA:53,0,0,0
BRDA:53,0,1,0
BRDA:55,1,0,0
BRDA:55,1,1,0
BRDA:70,2,0,0
BRDA:70,2,1,0
BRDA:72,3,0,0
BRDA:72,3,1,0
BRDA:98,4,0,0
BRDA:98,4,1,0
BRDA:99,5,0,0
BRDA:99,5,1,0
BRDA:100,6,0,0
BRDA:100,6,1,0
BRDA:101,7,0,0
BRDA:101,7,1,0
BRDA:102,8,0,0
BRDA:102,8,1,0
BRDA:103,9,0,0
BRDA:103,9,1,0
BRDA:104,10,0,0
BRDA:104,10,1,0
BRDA:105,11,0,0
BRDA:105,11,1,0
BRDA:106,12,0,0
BRDA:106,12,1,0
BRDA:110,13,0,0
BRDA:110,13,1,0
BRDA:111,14,0,0
BRDA:111,14,1,0
BRDA:112,15,0,0
BRDA:112,15,1,0
BRDA:113,16,0,0
BRDA:113,16,1,0
BRDA:114,17,0,0
BRDA:114,17,1,0
BRDA:115,18,0,0
BRDA:115,18,1,0
BRDA:121,19,0,0
BRDA:121,19,1,0
BRDA:155,20,0,0
BRDA:155,20,1,0
BRDA:166,21,0,0
BRDA:166,21,1,0
BRDA:193,22,0,0
BRDA:201,23,0,0
BRDA:214,24,0,0
BRDA:222,25,0,0
BRDA:235,26,0,0
BRF:49
BRH:0
end_of_record
TN:
SF:src/hooks/useSPARQL.ts
FN:48,(anonymous_0)
FN:73,(anonymous_1)
FN:95,(anonymous_2)
FN:98,(anonymous_3)
FN:109,(anonymous_4)
FN:112,(anonymous_5)
FN:112,(anonymous_6)
FN:123,(anonymous_7)
FN:126,(anonymous_8)
FN:127,(anonymous_9)
FN:139,(anonymous_10)
FN:157,(anonymous_11)
FN:175,(anonymous_12)
FN:198,(anonymous_13)
FN:201,(anonymous_14)
FN:213,(anonymous_15)
FN:217,(anonymous_16)
FN:228,(anonymous_17)
FN:235,(anonymous_18)
FN:245,(anonymous_19)
FN:252,(anonymous_20)
FNF:21
FNH:0
FNDA:0,(anonymous_0)
FNDA:0,(anonymous_1)
FNDA:0,(anonymous_2)
FNDA:0,(anonymous_3)
FNDA:0,(anonymous_4)
FNDA:0,(anonymous_5)
FNDA:0,(anonymous_6)
FNDA:0,(anonymous_7)
FNDA:0,(anonymous_8)
FNDA:0,(anonymous_9)
FNDA:0,(anonymous_10)
FNDA:0,(anonymous_11)
FNDA:0,(anonymous_12)
FNDA:0,(anonymous_13)
FNDA:0,(anonymous_14)
FNDA:0,(anonymous_15)
FNDA:0,(anonymous_16)
FNDA:0,(anonymous_17)
FNDA:0,(anonymous_18)
FNDA:0,(anonymous_19)
FNDA:0,(anonymous_20)
DA:1,0
DA:2,0
DA:48,0
DA:50,0
DA:51,0
DA:52,0
DA:53,0
DA:54,0
DA:57,0
DA:58,0
DA:59,0
DA:62,0
DA:63,0
DA:64,0
DA:67,0
DA:68,0
DA:73,0
DA:74,0
DA:75,0
DA:76,0
DA:78,0
DA:79,0
DA:80,0
DA:81,0
DA:82,0
DA:84,0
DA:85,0
DA:86,0
DA:88,0
DA:95,0
DA:96,0
DA:97,0
DA:98,0
DA:100,0
DA:101,0
DA:102,0
DA:109,0
DA:110,0
DA:111,0
DA:112,0
DA:114,0
DA:115,0
DA:116,0
DA:123,0
DA:124,0
DA:125,0
DA:126,0
DA:127,0
DA:130,0
DA:131,0
DA:132,0
DA:139,0
DA:140,0
DA:141,0
DA:143,0
DA:144,0
DA:145,0
DA:147,0
DA:148,0
DA:150,0
DA:157,0
DA:158,0
DA:159,0
DA:161,0
DA:162,0
DA:163,0
DA:165,0
DA:166,0
DA:168,0
DA:175,0
DA:176,0
DA:178,0
DA:179,0
DA:180,0
DA:181,0
DA:183,0
DA:188,0
DA:189,0
DA:191,0
DA:198,0
DA:199,0
DA:201,0
DA:202,0
DA:203,0
DA:204,0
DA:205,0
DA:206,0
DA:213,0
DA:214,0
DA:217,0
DA:218,0
DA:219,0
DA:222,0
DA:228,0
DA:229,0
DA:235,0
DA:236,0
DA:237,0
DA:238,0
DA:239,0
DA:245,0
DA:246,0
DA:247,0
DA:248,0
DA:252,0
DA:253,0
DA:254,0
DA:257,0
LF:108
LH:0
BRDA:84,0,0,0
BRDA:84,0,1,0
BRDA:100,1,0,0
BRDA:100,1,1,0
BRDA:114,2,0,0
BRDA:114,2,1,0
BRDA:127,3,0,0
BRDA:127,3,1,0
BRDA:130,4,0,0
BRDA:130,4,1,0
BRDA:147,5,0,0
BRDA:147,5,1,0
BRDA:165,6,0,0
BRDA:165,6,1,0
BRDA:185,7,0,0
BRDA:185,7,1,0
BRDA:199,8,0,0
BRDA:202,9,0,0
BRDA:278,10,0,0
BRDA:278,10,1,0
BRF:20
BRH:0
end_of_record
TN:
SF:src/hooks/useTheme.ts
FN:5,(anonymous_0)
FNF:1
FNH:0
FNDA:0,(anonymous_0)
DA:1,0
DA:2,0
DA:5,0
DA:6,0
DA:7,0
DA:8,0
DA:10,0
LF:7
LH:0
BRDA:7,0,0,0
BRF:1
BRH:0
end_of_record
TN:
SF:src/hooks/useTraceability.ts
FN:54,(anonymous_0)
FN:78,(anonymous_1)
FN:100,(anonymous_2)
FN:117,(anonymous_3)
FN:137,(anonymous_4)
FN:154,(anonymous_5)
FN:171,(anonymous_6)
FN:181,(anonymous_7)
FN:190,(anonymous_8)
FN:197,(anonymous_9)
FN:203,(anonymous_10)
FN:206,(anonymous_11)
FN:208,(anonymous_12)
FN:209,(anonymous_13)
FN:215,(anonymous_14)
FN:220,(anonymous_15)
FN:227,(anonymous_16)
FN:237,(anonymous_17)
FN:243,(anonymous_18)
FNF:19
FNH:0
FNDA:0,(anonymous_0)
FNDA:0,(anonymous_1)
FNDA:0,(anonymous_2)
FNDA:0,(anonymous_3)
FNDA:0,(anonymous_4)
FNDA:0,(anonymous_5)
FNDA:0,(anonymous_6)
FNDA:0,(anonymous_7)
FNDA:0,(anonymous_8)
FNDA:0,(anonymous_9)
FNDA:0,(anonymous_10)
FNDA:0,(anonymous_11)
FNDA:0,(anonymous_12)
FNDA:0,(anonymous_13)
FNDA:0,(anonymous_14)
FNDA:0,(anonymous_15)
FNDA:0,(anonymous_16)
FNDA:0,(anonymous_17)
FNDA:0,(anonymous_18)
DA:1,0
DA:2,0
DA:3,0
DA:54,0
DA:56,0
DA:57,0
DA:58,0
DA:59,0
DA:60,0
DA:63,0
DA:64,0
DA:65,0
DA:66,0
DA:69,0
DA:70,0
DA:71,0
DA:72,0
DA:75,0
DA:78,0
DA:79,0
DA:80,0
DA:82,0
DA:83,0
DA:84,0
DA:87,0
DA:88,0
DA:91,0
DA:92,0
DA:93,0
DA:95,0
DA:100,0
DA:101,0
DA:102,0
DA:104,0
DA:105,0
DA:106,0
DA:108,0
DA:109,0
DA:110,0
DA:112,0
DA:117,0
DA:118,0
DA:119,0
DA:121,0
DA:122,0
DA:123,0
DA:126,0
DA:128,0
DA:129,0
DA:130,0
DA:132,0
DA:137,0
DA:138,0
DA:139,0
DA:141,0
DA:142,0
DA:143,0
DA:145,0
DA:146,0
DA:147,0
DA:149,0
DA:154,0
DA:155,0
DA:156,0
DA:158,0
DA:159,0
DA:160,0
DA:162,0
DA:163,0
DA:164,0
DA:166,0
DA:171,0
DA:172,0
DA:173,0
DA:175,0
DA:176,0
DA:181,0
DA:182,0
DA:183,0
DA:185,0
DA:190,0
DA:191,0
DA:192,0
DA:193,0
DA:197,0
DA:198,0
DA:199,0
DA:203,0
DA:204,0
DA:206,0
DA:208,0
DA:209,0
DA:210,0
DA:215,0
DA:216,0
DA:218,0
DA:221,0
DA:227,0
DA:228,0
DA:232,0
DA:233,0
DA:237,0
DA:238,0
DA:243,0
DA:244,0
DA:247,0
LF:106
LH:0
BRDA:87,0,0,0
BRDA:91,1,0,0
BRDA:91,1,1,0
BRDA:108,2,0,0
BRDA:108,2,1,0
BRDA:128,3,0,0
BRDA:128,3,1,0
BRDA:145,4,0,0
BRDA:145,4,1,0
BRDA:162,5,0,0
BRDA:162,5,1,0
BRDA:182,6,0,0
BRDA:182,6,1,0
BRDA:204,7,0,0
BRDA:210,8,0,0
BRDA:210,8,1,0
BRDA:216,9,0,0
BRDA:221,10,0,0
BRDA:221,10,1,0
BRDA:228,11,0,0
BRDA:228,11,1,0
BRDA:232,12,0,0
BRF:22
BRH:0
end_of_record
TN:
SF:src/hooks/useWebSocket.ts
FN:7,(anonymous_1)
FN:10,(anonymous_2)
FN:12,(anonymous_3)
FN:20,(anonymous_4)
FN:25,(anonymous_5)
FN:29,(anonymous_6)
FN:33,(anonymous_7)
FNF:7
FNH:0
FNDA:0,(anonymous_1)
FNDA:0,(anonymous_2)
FNDA:0,(anonymous_3)
FNDA:0,(anonymous_4)
FNDA:0,(anonymous_5)
FNDA:0,(anonymous_6)
FNDA:0,(anonymous_7)
DA:1,0
DA:2,0
DA:7,0
DA:8,0
DA:10,0
DA:12,0
DA:13,0
DA:17,0
DA:18,0
DA:20,0
DA:21,0
DA:25,0
DA:26,0
DA:29,0
DA:30,0
DA:33,0
DA:34,0
DA:37,0
DA:51,0
LF:19
LH:0
BRDA:38,0,0,0
BRDA:38,0,1,0
BRF:2
BRH:0
end_of_record
TN:
SF:src/services/api.ts
FN:15,(anonymous_1)
FN:25,(anonymous_2)
FN:26,(anonymous_3)
FN:37,(anonymous_4)
FN:43,(anonymous_5)
FN:44,(anonymous_6)
FN:45,(anonymous_7)
FN:46,(anonymous_8)
FN:47,(anonymous_9)
FN:52,(anonymous_10)
FN:53,(anonymous_11)
FN:54,(anonymous_12)
FN:55,(anonymous_13)
FN:60,(anonymous_14)
FN:65,(anonymous_15)
FN:66,(anonymous_16)
FN:71,(anonymous_17)
FN:77,(anonymous_18)
FNF:18
FNH:0
FNDA:0,(anonymous_1)
FNDA:0,(anonymous_2)
FNDA:0,(anonymous_3)
FNDA:0,(anonymous_4)
FNDA:0,(anonymous_5)
FNDA:0,(anonymous_6)
FNDA:0,(anonymous_7)
FNDA:0,(anonymous_8)
FNDA:0,(anonymous_9)
FNDA:0,(anonymous_10)
FNDA:0,(anonymous_11)
FNDA:0,(anonymous_12)
FNDA:0,(anonymous_13)
FNDA:0,(anonymous_14)
FNDA:0,(anonymous_15)
FNDA:0,(anonymous_16)
FNDA:0,(anonymous_17)
FNDA:0,(anonymous_18)
DA:1,0
DA:2,0
DA:4,0
DA:7,0
DA:15,0
DA:16,0
DA:17,0
DA:18,0
DA:20,0
DA:24,0
DA:25,0
DA:27,0
DA:28,0
DA:29,0
DA:31,0
DA:36,0
DA:38,0
DA:42,0
DA:43,0
DA:44,0
DA:45,0
DA:46,0
DA:47,0
DA:51,0
DA:52,0
DA:53,0
DA:54,0
DA:55,0
DA:59,0
DA:60,0
DA:64,0
DA:65,0
DA:66,0
DA:70,0
DA:72,0
DA:76,0
DA:77,0
DA:80,0
LF:38
LH:0
BRDA:17,0,0,0
BRDA:27,1,0,0
BRF:2
BRH:0
end_of_record
TN:
SF:src/services/sparql.ts
FN:31,(anonymous_0)
FN:38,(anonymous_1)
FN:50,(anonymous_2)
FN:73,(anonymous_3)
FN:97,(anonymous_4)
FN:115,(anonymous_5)
FN:133,(anonymous_6)
FN:153,(anonymous_7)
FN:172,(anonymous_8)
FN:207,(anonymous_9)
FN:381,(anonymous_10)
FN:387,(anonymous_11)
FN:388,(anonymous_12)
FNF:13
FNH:0
FNDA:0,(anonymous_0)
FNDA:0,(anonymous_1)
FNDA:0,(anonymous_2)
FNDA:0,(anonymous_3)
FNDA:0,(anonymous_4)
FNDA:0,(anonymous_5)
FNDA:0,(anonymous_6)
FNDA:0,(anonymous_7)
FNDA:0,(anonymous_8)
FNDA:0,(anonymous_9)
FNDA:0,(anonymous_10)
FNDA:0,(anonymous_11)
FNDA:0,(anonymous_12)
DA:2,0
DA:4,0
DA:28,0
DA:32,0
DA:33,0
DA:35,0
DA:39,0
DA:40,0
DA:51,0
DA:52,0
DA:58,0
DA:59,0
DA:60,0
DA:63,0
DA:65,0
DA:66,0
DA:74,0
DA:75,0
DA:83,0
DA:84,0
DA:87,0
DA:89,0
DA:90,0
DA:98,0
DA:99,0
DA:101,0
DA:102,0
DA:105,0
DA:107,0
DA:108,0
DA:116,0
DA:117,0
DA:121,0
DA:122,0
DA:125,0
DA:126,0
DA:134,0
DA:135,0
DA:139,0
DA:140,0
DA:143,0
DA:145,0
DA:146,0
DA:154,0
DA:155,0
DA:157,0
DA:159,0
DA:162,0
DA:164,0
DA:165,0
DA:177,0
DA:178,0
DA:186,0
DA:187,0
DA:194,0
DA:196,0
DA:208,0
DA:386,0
DA:387,0
DA:388,0
DA:389,0
DA:390,0
DA:393,0
DA:395,0
DA:396,0
DA:397,0
DA:398,0
DA:399,0
DA:401,0
DA:403,0
DA:407,0
DA:415,0
LF:72
LH:0
BRDA:32,0,0,0
BRDA:43,1,0,0
BRDA:43,1,1,0
BRDA:58,2,0,0
BRDA:83,3,0,0
BRDA:101,4,0,0
BRDA:121,5,0,0
BRDA:139,6,0,0
BRDA:157,7,0,0
BRDA:186,8,0,0
BRDA:198,9,0,0
BRDA:198,9,1,0
BRDA:390,10,0,0
BRDA:393,11,0,0
BRDA:393,11,1,0
BRDA:395,12,0,0
BRDA:395,12,1,0
BRDA:397,13,0,0
BRDA:398,14,0,0
BRF:19
BRH:0
end_of_record
TN:
SF:src/services/traceability.ts
FN:16,(anonymous_0)
FN:23,(anonymous_1)
FN:34,(anonymous_2)
FN:74,(anonymous_3)
FN:94,(anonymous_4)
FN:114,(anonymous_5)
FN:134,(anonymous_6)
FN:137,(anonymous_7)
FN:157,(anonymous_8)
FN:171,(anonymous_9)
FN:191,(anonymous_10)
FN:211,(anonymous_11)
FN:239,(anonymous_12)
FN:259,(anonymous_13)
FNF:14
FNH:0
FNDA:0,(anonymous_0)
FNDA:0,(anonymous_1)
FNDA:0,(anonymous_2)
FNDA:0,(anonymous_3)
FNDA:0,(anonymous_4)
FNDA:0,(anonymous_5)
FNDA:0,(anonymous_6)
FNDA:0,(anonymous_7)
FNDA:0,(anonymous_8)
FNDA:0,(anonymous_9)
FNDA:0,(anonymous_10)
FNDA:0,(anonymous_11)
FNDA:0,(anonymous_12)
FNDA:0,(anonymous_13)
DA:9,0
DA:11,0
DA:13,0
DA:17,0
DA:18,0
DA:20,0
DA:24,0
DA:25,0
DA:35,0
DA:36,0
DA:38,0
DA:39,0
DA:40,0
DA:41,0
DA:42,0
DA:43,0
DA:46,0
DA:47,0
DA:48,0
DA:49,0
DA:50,0
DA:51,0
DA:52,0
DA:56,0
DA:60,0
DA:61,0
DA:64,0
DA:66,0
DA:67,0
DA:75,0
DA:76,0
DA:80,0
DA:81,0
DA:84,0
DA:86,0
DA:87,0
DA:95,0
DA:96,0
DA:100,0
DA:101,0
DA:104,0
DA:106,0
DA:107,0
DA:115,0
DA:116,0
DA:120,0
DA:121,0
DA:124,0
DA:126,0
DA:127,0
DA:135,0
DA:136,0
DA:137,0
DA:139,0
DA:143,0
DA:144,0
DA:147,0
DA:149,0
DA:150,0
DA:158,0
DA:165,0
DA:172,0
DA:173,0
DA:177,0
DA:178,0
DA:181,0
DA:183,0
DA:184,0
DA:192,0
DA:193,0
DA:197,0
DA:198,0
DA:201,0
DA:203,0
DA:204,0
DA:220,0
DA:221,0
DA:225,0
DA:226,0
DA:229,0
DA:231,0
DA:232,0
DA:240,0
DA:241,0
DA:245,0
DA:246,0
DA:249,0
DA:251,0
DA:252,0
DA:270,0
DA:271,0
DA:275,0
DA:276,0
DA:279,0
DA:281,0
DA:282,0
DA:287,0
LF:97
LH:0
BRDA:17,0,0,0
BRDA:27,1,0,0
BRDA:27,1,1,0
BRDA:38,2,0,0
BRDA:39,3,0,0
BRDA:40,4,0,0
BRDA:41,5,0,0
BRDA:42,6,0,0
BRDA:43,7,0,0
BRDA:46,8,0,0
BRDA:47,9,0,0
BRDA:48,10,0,0
BRDA:49,11,0,0
BRDA:50,12,0,0
BRDA:60,13,0,0
BRDA:80,14,0,0
BRDA:100,15,0,0
BRDA:120,16,0,0
BRDA:143,17,0,0
BRDA:160,18,0,0
BRDA:160,18,1,0
BRDA:177,19,0,0
BRDA:197,20,0,0
BRDA:225,21,0,0
BRDA:245,22,0,0
BRDA:275,23,0,0
BRF:26
BRH:0
end_of_record
TN:
SF:src/services/websocket.ts
FN:16,(anonymous_0)
FN:21,(anonymous_1)
FN:30,(anonymous_2)
FN:32,(anonymous_3)
FN:44,(anonymous_4)
FN:51,(anonymous_5)
FN:57,(anonymous_6)
FN:67,(anonymous_7)
FN:73,(anonymous_8)
FN:88,(anonymous_9)
FN:119,(anonymous_10)
FN:126,(anonymous_11)
FN:136,(anonymous_12)
FN:139,(anonymous_13)
FN:149,(anonymous_14)
FN:154,(anonymous_15)
FN:164,(anonymous_16)
FN:173,(anonymous_17)
FN:181,(anonymous_18)
FN:191,(anonymous_19)
FN:203,(anonymous_20)
FN:207,(anonymous_21)
FN:221,(anonymous_22)
FN:228,(anonymous_23)
FN:232,(anonymous_24)
FN:236,(anonymous_25)
FN:240,(anonymous_26)
FN:244,(anonymous_27)
FNF:28
FNH:0
FNDA:0,(anonymous_0)
FNDA:0,(anonymous_1)
FNDA:0,(anonymous_2)
FNDA:0,(anonymous_3)
FNDA:0,(anonymous_4)
FNDA:0,(anonymous_5)
FNDA:0,(anonymous_6)
FNDA:0,(anonymous_7)
FNDA:0,(anonymous_8)
FNDA:0,(anonymous_9)
FNDA:0,(anonymous_10)
FNDA:0,(anonymous_11)
FNDA:0,(anonymous_12)
FNDA:0,(anonymous_13)
FNDA:0,(anonymous_14)
FNDA:0,(anonymous_15)
FNDA:0,(anonymous_16)
FNDA:0,(anonymous_17)
FNDA:0,(anonymous_18)
FNDA:0,(anonymous_19)
FNDA:0,(anonymous_20)
FNDA:0,(anonymous_21)
FNDA:0,(anonymous_22)
FNDA:0,(anonymous_23)
FNDA:0,(anonymous_24)
FNDA:0,(anonymous_25)
FNDA:0,(anonymous_26)
FNDA:0,(anonymous_27)
DA:8,0
DA:9,0
DA:10,0
DA:11,0
DA:12,0
DA:13,0
DA:14,0
DA:18,0
DA:23,0
DA:24,0
DA:27,0
DA:32,0
DA:34,0
DA:46,0
DA:48,0
DA:49,0
DA:51,0
DA:52,0
DA:53,0
DA:54,0
DA:57,0
DA:58,0
DA:59,0
DA:60,0
DA:61,0
DA:63,0
DA:67,0
DA:68,0
DA:69,0
DA:70,0
DA:73,0
DA:74,0
DA:75,0
DA:76,0
DA:80,0
DA:83,0
DA:84,0
DA:90,0
DA:91,0
DA:92,0
DA:94,0
DA:96,0
DA:97,0
DA:99,0
DA:100,0
DA:102,0
DA:103,0
DA:105,0
DA:106,0
DA:108,0
DA:109,0
DA:111,0
DA:115,0
DA:120,0
DA:127,0
DA:137,0
DA:138,0
DA:139,0
DA:140,0
DA:141,0
DA:143,0
DA:150,0
DA:151,0
DA:152,0
DA:154,0
DA:155,0
DA:158,0
DA:159,0
DA:165,0
DA:166,0
DA:169,0
DA:170,0
DA:173,0
DA:174,0
DA:175,0
DA:176,0
DA:182,0
DA:183,0
DA:184,0
DA:185,0
DA:186,0
DA:192,0
DA:193,0
DA:197,0
DA:199,0
DA:204,0
DA:208,0
DA:209,0
DA:210,0
DA:212,0
DA:213,0
DA:214,0
DA:216,0
DA:217,0
DA:222,0
DA:223,0
DA:224,0
DA:229,0
DA:233,0
DA:237,0
DA:241,0
DA:245,0
DA:250,0
DA:252,0
DA:253,0
LF:105
LH:0
BRDA:90,0,0,0
BRDA:90,0,1,0
BRDA:92,1,0,0
BRDA:92,1,1,0
BRDA:94,2,0,0
BRDA:94,2,1,0
BRDA:94,2,2,0
BRDA:94,2,3,0
BRDA:94,2,4,0
BRDA:94,2,5,0
BRDA:96,3,0,0
BRDA:96,3,1,0
BRDA:99,4,0,0
BRDA:99,4,1,0
BRDA:102,5,0,0
BRDA:102,5,1,0
BRDA:105,6,0,0
BRDA:105,6,1,0
BRDA:108,7,0,0
BRDA:108,7,1,0
BRDA:120,8,0,0
BRDA:120,8,1,0
BRDA:120,8,2,0
BRDA:120,8,3,0
BRDA:127,9,0,0
BRDA:127,9,1,0
BRDA:127,9,2,0
BRDA:127,9,3,0
BRDA:138,10,0,0
BRDA:150,11,0,0
BRDA:150,11,1,0
BRDA:165,12,0,0
BRDA:175,13,0,0
BRDA:183,14,0,0
BRDA:185,15,0,0
BRDA:192,16,0,0
BRDA:192,16,1,0
BRDA:192,17,0,0
BRDA:192,17,1,0
BRDA:204,18,0,0
BRDA:204,18,1,0
BRDA:204,18,2,0
BRDA:208,19,0,0
BRDA:212,20,0,0
BRF:44
BRH:0
end_of_record
